{"/Users/spotandjake/Documents/Github/Brisk/src/Compiler/index.ts": {"path":"/Users/spotandjake/Documents/Github/Brisk/src/Compiler/index.ts","statementMap":{"0":{"start":{"line":9,"column":16},"end":{"line":46,"column":1}},"1":{"start":{"line":16,"column":16},"end":{"line":16,"column":41}},"2":{"start":{"line":18,"column":17},"end":{"line":18,"column":51}},"3":{"start":{"line":20,"column":19},"end":{"line":20,"column":46}},"4":{"start":{"line":22,"column":46},"end":{"line":22,"column":55}},"5":{"start":{"line":23,"column":2},"end":{"line":32,"column":null}},"6":{"start":{"line":24,"column":4},"end":{"line":31,"column":null}},"7":{"start":{"line":26,"column":26},"end":{"line":26,"column":61}},"8":{"start":{"line":28,"column":6},"end":{"line":28,"column":47}},"9":{"start":{"line":30,"column":6},"end":{"line":30,"column":89}},"10":{"start":{"line":34,"column":22},"end":{"line":34,"column":65}},"11":{"start":{"line":37,"column":30},"end":{"line":37,"column":39}},"12":{"start":{"line":39,"column":2},"end":{"line":45,"column":4}}},"fnMap":{"0":{"name":"(anonymous_0)","decl":{"start":{"line":9,"column":16},"end":{"line":9,"column":21}},"loc":{"start":{"line":13,"column":54},"end":{"line":46,"column":1}}}},"branchMap":{"0":{"loc":{"start":{"line":24,"column":4},"end":{"line":31,"column":null}},"type":"if","locations":[{"start":{"line":24,"column":4},"end":{"line":31,"column":null}},{"start":{"line":29,"column":11},"end":{"line":31,"column":null}}]}},"s":{"0":0,"1":0,"2":0,"3":0,"4":0,"5":0,"6":0,"7":0,"8":0,"9":0,"10":0,"11":0,"12":0},"f":{"0":0},"b":{"0":[0,0]}}
,"/Users/spotandjake/Documents/Github/Brisk/src/Compiler/Analyzer/index.ts": {"path":"/Users/spotandjake/Documents/Github/Brisk/src/Compiler/Analyzer/index.ts","statementMap":{"0":{"start":{"line":31,"column":23},"end":{"line":47,"column":1}},"1":{"start":{"line":39,"column":2},"end":{"line":40,"column":99}},"2":{"start":{"line":40,"column":4},"end":{"line":40,"column":99}},"3":{"start":{"line":42,"column":28},"end":{"line":42,"column":40}},"4":{"start":{"line":44,"column":2},"end":{"line":44,"column":42}},"5":{"start":{"line":46,"column":2},"end":{"line":46,"column":48}},"6":{"start":{"line":48,"column":20},"end":{"line":82,"column":1}},"7":{"start":{"line":60,"column":2},"end":{"line":61,"column":35}},"8":{"start":{"line":60,"column":39},"end":{"line":60,"column":62}},"9":{"start":{"line":61,"column":7},"end":{"line":61,"column":35}},"10":{"start":{"line":63,"column":20},"end":{"line":63,"column":82}},"11":{"start":{"line":63,"column":67},"end":{"line":63,"column":81}},"12":{"start":{"line":65,"column":2},"end":{"line":66,"column":92}},"13":{"start":{"line":66,"column":4},"end":{"line":66,"column":92}},"14":{"start":{"line":68,"column":28},"end":{"line":68,"column":51}},"15":{"start":{"line":70,"column":2},"end":{"line":70,"column":62}},"16":{"start":{"line":70,"column":30},"end":{"line":70,"column":62}},"17":{"start":{"line":71,"column":2},"end":{"line":72,"column":78}},"18":{"start":{"line":72,"column":4},"end":{"line":72,"column":78}},"19":{"start":{"line":73,"column":16},"end":{"line":73,"column":47}},"20":{"start":{"line":75,"column":2},"end":{"line":79,"column":5}},"21":{"start":{"line":81,"column":2},"end":{"line":81,"column":15}},"22":{"start":{"line":83,"column":19},"end":{"line":109,"column":1}},"23":{"start":{"line":91,"column":2},"end":{"line":92,"column":90}},"24":{"start":{"line":92,"column":4},"end":{"line":92,"column":90}},"25":{"start":{"line":94,"column":2},"end":{"line":100,"column":6}},"26":{"start":{"line":95,"column":4},"end":{"line":100,"column":6}},"27":{"start":{"line":102,"column":28},"end":{"line":102,"column":41}},"28":{"start":{"line":104,"column":2},"end":{"line":104,"column":44}},"29":{"start":{"line":106,"column":2},"end":{"line":106,"column":50}},"30":{"start":{"line":108,"column":2},"end":{"line":108,"column":27}},"31":{"start":{"line":110,"column":16},"end":{"line":140,"column":1}},"32":{"start":{"line":121,"column":2},"end":{"line":122,"column":36}},"33":{"start":{"line":121,"column":40},"end":{"line":121,"column":64}},"34":{"start":{"line":122,"column":7},"end":{"line":122,"column":36}},"35":{"start":{"line":124,"column":20},"end":{"line":124,"column":84}},"36":{"start":{"line":124,"column":69},"end":{"line":124,"column":83}},"37":{"start":{"line":126,"column":2},"end":{"line":127,"column":88}},"38":{"start":{"line":127,"column":4},"end":{"line":127,"column":88}},"39":{"start":{"line":129,"column":28},"end":{"line":129,"column":51}},"40":{"start":{"line":130,"column":2},"end":{"line":131,"column":78}},"41":{"start":{"line":131,"column":4},"end":{"line":131,"column":78}},"42":{"start":{"line":132,"column":16},"end":{"line":132,"column":48}},"43":{"start":{"line":134,"column":2},"end":{"line":137,"column":5}},"44":{"start":{"line":139,"column":2},"end":{"line":139,"column":15}},"45":{"start":{"line":142,"column":20},"end":{"line":948,"column":1}},"46":{"start":{"line":164,"column":6},"end":{"line":164,"column":16}},"47":{"start":{"line":165,"column":23},"end":{"line":171,"column":3}},"48":{"start":{"line":170,"column":4},"end":{"line":170,"column":87}},"49":{"start":{"line":173,"column":2},"end":{"line":947,"column":null}},"50":{"start":{"line":177,"column":33},"end":{"line":177,"column":42}},"51":{"start":{"line":178,"column":33},"end":{"line":178,"column":42}},"52":{"start":{"line":179,"column":37},"end":{"line":179,"column":46}},"53":{"start":{"line":180,"column":29},"end":{"line":180,"column":38}},"54":{"start":{"line":181,"column":38},"end":{"line":181,"column":47}},"55":{"start":{"line":182,"column":35},"end":{"line":182,"column":44}},"56":{"start":{"line":186,"column":24},"end":{"line":186,"column":29}},"57":{"start":{"line":187,"column":6},"end":{"line":211,"column":null}},"58":{"start":{"line":188,"column":8},"end":{"line":201,"column":12}},"59":{"start":{"line":196,"column":10},"end":{"line":201,"column":12}},"60":{"start":{"line":202,"column":8},"end":{"line":202,"column":85}},"61":{"start":{"line":202,"column":64},"end":{"line":202,"column":85}},"62":{"start":{"line":203,"column":8},"end":{"line":209,"column":12}},"63":{"start":{"line":204,"column":10},"end":{"line":209,"column":12}},"64":{"start":{"line":210,"column":8},"end":{"line":210,"column":33}},"65":{"start":{"line":213,"column":6},"end":{"line":228,"column":9}},"66":{"start":{"line":214,"column":8},"end":{"line":227,"column":11}},"67":{"start":{"line":230,"column":6},"end":{"line":237,"column":8}},"68":{"start":{"line":239,"column":6},"end":{"line":239,"column":18}},"69":{"start":{"line":244,"column":6},"end":{"line":250,"column":10}},"70":{"start":{"line":245,"column":8},"end":{"line":250,"column":10}},"71":{"start":{"line":251,"column":6},"end":{"line":251,"column":52}},"72":{"start":{"line":253,"column":6},"end":{"line":253,"column":42}},"73":{"start":{"line":254,"column":6},"end":{"line":268,"column":null}},"74":{"start":{"line":256,"column":8},"end":{"line":256,"column":58}},"75":{"start":{"line":258,"column":8},"end":{"line":267,"column":39}},"76":{"start":{"line":267,"column":10},"end":{"line":267,"column":39}},"77":{"start":{"line":269,"column":6},"end":{"line":269,"column":18}},"78":{"start":{"line":271,"column":6},"end":{"line":288,"column":null}},"79":{"start":{"line":272,"column":8},"end":{"line":281,"column":null}},"80":{"start":{"line":273,"column":10},"end":{"line":279,"column":14}},"81":{"start":{"line":274,"column":12},"end":{"line":279,"column":14}},"82":{"start":{"line":280,"column":10},"end":{"line":280,"column":22}},"83":{"start":{"line":282,"column":8},"end":{"line":287,"column":10}},"84":{"start":{"line":289,"column":6},"end":{"line":289,"column":18}},"85":{"start":{"line":292,"column":38},"end":{"line":292,"column":47}},"86":{"start":{"line":293,"column":35},"end":{"line":293,"column":44}},"87":{"start":{"line":294,"column":24},"end":{"line":294,"column":29}},"88":{"start":{"line":296,"column":32},"end":{"line":296,"column":34}},"89":{"start":{"line":297,"column":6},"end":{"line":319,"column":null}},"90":{"start":{"line":299,"column":30},"end":{"line":307,"column":10}},"91":{"start":{"line":309,"column":8},"end":{"line":309,"column":33}},"92":{"start":{"line":311,"column":8},"end":{"line":318,"column":null}},"93":{"start":{"line":313,"column":10},"end":{"line":315,"column":null}},"94":{"start":{"line":314,"column":12},"end":{"line":314,"column":99}},"95":{"start":{"line":317,"column":10},"end":{"line":317,"column":29}},"96":{"start":{"line":321,"column":6},"end":{"line":321,"column":23}},"97":{"start":{"line":323,"column":6},"end":{"line":328,"column":8}},"98":{"start":{"line":330,"column":6},"end":{"line":330,"column":18}},"99":{"start":{"line":333,"column":6},"end":{"line":337,"column":9}},"100":{"start":{"line":338,"column":6},"end":{"line":354,"column":8}},"101":{"start":{"line":355,"column":6},"end":{"line":355,"column":18}},"102":{"start":{"line":358,"column":6},"end":{"line":358,"column":60}},"103":{"start":{"line":360,"column":6},"end":{"line":376,"column":8}},"104":{"start":{"line":378,"column":6},"end":{"line":378,"column":18}},"105":{"start":{"line":381,"column":6},"end":{"line":381,"column":44}},"106":{"start":{"line":383,"column":6},"end":{"line":485,"column":null}},"107":{"start":{"line":385,"column":8},"end":{"line":403,"column":null}},"108":{"start":{"line":386,"column":10},"end":{"line":402,"column":null}},"109":{"start":{"line":387,"column":12},"end":{"line":387,"column":100}},"110":{"start":{"line":389,"column":12},"end":{"line":395,"column":16}},"111":{"start":{"line":390,"column":14},"end":{"line":395,"column":16}},"112":{"start":{"line":396,"column":12},"end":{"line":401,"column":15}},"113":{"start":{"line":404,"column":8},"end":{"line":404,"column":20}},"114":{"start":{"line":405,"column":13},"end":{"line":485,"column":null}},"115":{"start":{"line":411,"column":27},"end":{"line":411,"column":42}},"116":{"start":{"line":413,"column":25},"end":{"line":422,"column":null}},"117":{"start":{"line":425,"column":8},"end":{"line":431,"column":12}},"118":{"start":{"line":426,"column":10},"end":{"line":431,"column":12}},"119":{"start":{"line":433,"column":8},"end":{"line":443,"column":11}},"120":{"start":{"line":447,"column":10},"end":{"line":449,"column":29}},"121":{"start":{"line":451,"column":27},"end":{"line":459,"column":null}},"122":{"start":{"line":461,"column":8},"end":{"line":464,"column":null}},"123":{"start":{"line":462,"column":10},"end":{"line":462,"column":82}},"124":{"start":{"line":463,"column":10},"end":{"line":463,"column":22}},"125":{"start":{"line":466,"column":8},"end":{"line":472,"column":12}},"126":{"start":{"line":467,"column":10},"end":{"line":472,"column":12}},"127":{"start":{"line":474,"column":8},"end":{"line":484,"column":11}},"128":{"start":{"line":487,"column":6},"end":{"line":487,"column":18}},"129":{"start":{"line":492,"column":6},"end":{"line":492,"column":48}},"130":{"start":{"line":494,"column":6},"end":{"line":510,"column":8}},"131":{"start":{"line":512,"column":6},"end":{"line":512,"column":44}},"132":{"start":{"line":513,"column":6},"end":{"line":513,"column":18}},"133":{"start":{"line":516,"column":6},"end":{"line":516,"column":44}},"134":{"start":{"line":519,"column":6},"end":{"line":519,"column":42}},"135":{"start":{"line":520,"column":6},"end":{"line":520,"column":67}},"136":{"start":{"line":520,"column":55},"end":{"line":520,"column":67}},"137":{"start":{"line":522,"column":27},"end":{"line":530,"column":null}},"138":{"start":{"line":532,"column":6},"end":{"line":538,"column":10}},"139":{"start":{"line":533,"column":8},"end":{"line":538,"column":10}},"140":{"start":{"line":539,"column":6},"end":{"line":539,"column":18}},"141":{"start":{"line":542,"column":6},"end":{"line":542,"column":78}},"142":{"start":{"line":542,"column":28},"end":{"line":542,"column":78}},"143":{"start":{"line":543,"column":6},"end":{"line":543,"column":18}},"144":{"start":{"line":547,"column":35},"end":{"line":547,"column":44}},"145":{"start":{"line":549,"column":6},"end":{"line":558,"column":null}},"146":{"start":{"line":550,"column":8},"end":{"line":557,"column":11}},"147":{"start":{"line":551,"column":10},"end":{"line":556,"column":13}},"148":{"start":{"line":560,"column":36},"end":{"line":560,"column":45}},"149":{"start":{"line":561,"column":6},"end":{"line":570,"column":null}},"150":{"start":{"line":562,"column":8},"end":{"line":568,"column":12}},"151":{"start":{"line":563,"column":10},"end":{"line":568,"column":12}},"152":{"start":{"line":569,"column":8},"end":{"line":569,"column":41}},"153":{"start":{"line":572,"column":6},"end":{"line":579,"column":9}},"154":{"start":{"line":573,"column":8},"end":{"line":578,"column":11}},"155":{"start":{"line":581,"column":6},"end":{"line":591,"column":8}},"156":{"start":{"line":593,"column":6},"end":{"line":614,"column":8}},"157":{"start":{"line":616,"column":6},"end":{"line":618,"column":8}},"158":{"start":{"line":619,"column":6},"end":{"line":619,"column":18}},"159":{"start":{"line":623,"column":6},"end":{"line":628,"column":null}},"160":{"start":{"line":624,"column":8},"end":{"line":627,"column":48}},"161":{"start":{"line":625,"column":10},"end":{"line":625,"column":82}},"162":{"start":{"line":625,"column":55},"end":{"line":625,"column":80}},"163":{"start":{"line":626,"column":13},"end":{"line":627,"column":48}},"164":{"start":{"line":627,"column":10},"end":{"line":627,"column":48}},"165":{"start":{"line":629,"column":6},"end":{"line":629,"column":18}},"166":{"start":{"line":633,"column":6},"end":{"line":633,"column":40}},"167":{"start":{"line":634,"column":6},"end":{"line":634,"column":40}},"168":{"start":{"line":635,"column":6},"end":{"line":635,"column":18}},"169":{"start":{"line":637,"column":6},"end":{"line":637,"column":56}},"170":{"start":{"line":640,"column":6},"end":{"line":640,"column":44}},"171":{"start":{"line":641,"column":6},"end":{"line":641,"column":18}},"172":{"start":{"line":644,"column":6},"end":{"line":644,"column":46}},"173":{"start":{"line":646,"column":6},"end":{"line":646,"column":72}},"174":{"start":{"line":646,"column":53},"end":{"line":646,"column":70}},"175":{"start":{"line":647,"column":6},"end":{"line":647,"column":18}},"176":{"start":{"line":649,"column":6},"end":{"line":649,"column":60}},"177":{"start":{"line":649,"column":41},"end":{"line":649,"column":58}},"178":{"start":{"line":650,"column":6},"end":{"line":650,"column":18}},"179":{"start":{"line":661,"column":6},"end":{"line":661,"column":18}},"180":{"start":{"line":664,"column":39},"end":{"line":664,"column":48}},"181":{"start":{"line":665,"column":38},"end":{"line":665,"column":47}},"182":{"start":{"line":666,"column":35},"end":{"line":666,"column":44}},"183":{"start":{"line":668,"column":26},"end":{"line":668,"column":31}},"184":{"start":{"line":669,"column":6},"end":{"line":678,"column":null}},"185":{"start":{"line":670,"column":8},"end":{"line":677,"column":12}},"186":{"start":{"line":670,"column":28},"end":{"line":670,"column":49}},"187":{"start":{"line":671,"column":13},"end":{"line":677,"column":12}},"188":{"start":{"line":672,"column":10},"end":{"line":677,"column":12}},"189":{"start":{"line":680,"column":6},"end":{"line":692,"column":null}},"190":{"start":{"line":681,"column":8},"end":{"line":691,"column":11}},"191":{"start":{"line":682,"column":10},"end":{"line":690,"column":13}},"192":{"start":{"line":694,"column":6},"end":{"line":702,"column":9}},"193":{"start":{"line":704,"column":6},"end":{"line":714,"column":9}},"194":{"start":{"line":705,"column":8},"end":{"line":713,"column":11}},"195":{"start":{"line":716,"column":6},"end":{"line":724,"column":9}},"196":{"start":{"line":726,"column":24},"end":{"line":726,"column":29}},"197":{"start":{"line":727,"column":6},"end":{"line":733,"column":null}},"198":{"start":{"line":729,"column":8},"end":{"line":729,"column":50}},"199":{"start":{"line":730,"column":13},"end":{"line":733,"column":null}},"200":{"start":{"line":732,"column":8},"end":{"line":732,"column":27}},"201":{"start":{"line":735,"column":6},"end":{"line":741,"column":8}},"202":{"start":{"line":743,"column":6},"end":{"line":743,"column":18}},"203":{"start":{"line":747,"column":6},"end":{"line":750,"column":9}},"204":{"start":{"line":748,"column":8},"end":{"line":749,"column":42}},"205":{"start":{"line":748,"column":54},"end":{"line":748,"column":89}},"206":{"start":{"line":749,"column":13},"end":{"line":749,"column":42}},"207":{"start":{"line":752,"column":6},"end":{"line":752,"column":18}},"208":{"start":{"line":756,"column":60},"end":{"line":756,"column":62}},"209":{"start":{"line":757,"column":6},"end":{"line":768,"column":null}},"210":{"start":{"line":759,"column":8},"end":{"line":760,"column":63}},"211":{"start":{"line":759,"column":52},"end":{"line":759,"column":92}},"212":{"start":{"line":760,"column":13},"end":{"line":760,"column":63}},"213":{"start":{"line":762,"column":8},"end":{"line":766,"column":98}},"214":{"start":{"line":764,"column":29},"end":{"line":764,"column":87}},"215":{"start":{"line":766,"column":10},"end":{"line":766,"column":98}},"216":{"start":{"line":767,"column":8},"end":{"line":767,"column":27}},"217":{"start":{"line":769,"column":6},"end":{"line":769,"column":27}},"218":{"start":{"line":770,"column":6},"end":{"line":770,"column":18}},"219":{"start":{"line":776,"column":35},"end":{"line":776,"column":44}},"220":{"start":{"line":778,"column":28},"end":{"line":787,"column":null}},"221":{"start":{"line":790,"column":6},"end":{"line":799,"column":null}},"222":{"start":{"line":791,"column":8},"end":{"line":798,"column":11}},"223":{"start":{"line":792,"column":10},"end":{"line":797,"column":13}},"224":{"start":{"line":801,"column":6},"end":{"line":806,"column":9}},"225":{"start":{"line":808,"column":6},"end":{"line":812,"column":9}},"226":{"start":{"line":814,"column":6},"end":{"line":816,"column":8}},"227":{"start":{"line":817,"column":6},"end":{"line":817,"column":18}},"228":{"start":{"line":820,"column":6},"end":{"line":820,"column":18}},"229":{"start":{"line":823,"column":6},"end":{"line":823,"column":64}},"230":{"start":{"line":823,"column":44},"end":{"line":823,"column":62}},"231":{"start":{"line":824,"column":6},"end":{"line":824,"column":18}},"232":{"start":{"line":827,"column":6},"end":{"line":827,"column":63}},"233":{"start":{"line":827,"column":23},"end":{"line":827,"column":63}},"234":{"start":{"line":829,"column":6},"end":{"line":829,"column":44}},"235":{"start":{"line":830,"column":6},"end":{"line":830,"column":18}},"236":{"start":{"line":832,"column":6},"end":{"line":832,"column":44}},"237":{"start":{"line":833,"column":6},"end":{"line":833,"column":18}},"238":{"start":{"line":836,"column":35},"end":{"line":836,"column":44}},"239":{"start":{"line":838,"column":6},"end":{"line":847,"column":null}},"240":{"start":{"line":839,"column":8},"end":{"line":846,"column":11}},"241":{"start":{"line":840,"column":10},"end":{"line":845,"column":13}},"242":{"start":{"line":849,"column":6},"end":{"line":856,"column":8}},"243":{"start":{"line":850,"column":8},"end":{"line":855,"column":10}},"244":{"start":{"line":858,"column":6},"end":{"line":863,"column":9}},"245":{"start":{"line":865,"column":6},"end":{"line":867,"column":8}},"246":{"start":{"line":869,"column":6},"end":{"line":869,"column":18}},"247":{"start":{"line":873,"column":34},"end":{"line":873,"column":43}},"248":{"start":{"line":874,"column":6},"end":{"line":880,"column":9}},"249":{"start":{"line":875,"column":8},"end":{"line":876,"column":98}},"250":{"start":{"line":876,"column":10},"end":{"line":876,"column":98}},"251":{"start":{"line":877,"column":8},"end":{"line":877,"column":56}},"252":{"start":{"line":878,"column":8},"end":{"line":878,"column":31}},"253":{"start":{"line":879,"column":8},"end":{"line":879,"column":21}},"254":{"start":{"line":881,"column":6},"end":{"line":881,"column":18}},"255":{"start":{"line":884,"column":6},"end":{"line":884,"column":89}},"256":{"start":{"line":885,"column":6},"end":{"line":885,"column":18}},"257":{"start":{"line":888,"column":6},"end":{"line":888,"column":78}},"258":{"start":{"line":888,"column":28},"end":{"line":888,"column":78}},"259":{"start":{"line":890,"column":6},"end":{"line":900,"column":8}},"260":{"start":{"line":901,"column":6},"end":{"line":901,"column":18}},"261":{"start":{"line":904,"column":6},"end":{"line":904,"column":100}},"262":{"start":{"line":905,"column":6},"end":{"line":905,"column":18}},"263":{"start":{"line":908,"column":6},"end":{"line":908,"column":46}},"264":{"start":{"line":910,"column":6},"end":{"line":910,"column":50}},"265":{"start":{"line":913,"column":6},"end":{"line":913,"column":69}},"266":{"start":{"line":913,"column":25},"end":{"line":913,"column":69}},"267":{"start":{"line":915,"column":6},"end":{"line":915,"column":18}},"268":{"start":{"line":917,"column":6},"end":{"line":923,"column":null}},"269":{"start":{"line":918,"column":8},"end":{"line":922,"column":10}},"270":{"start":{"line":925,"column":6},"end":{"line":925,"column":52}},"271":{"start":{"line":928,"column":6},"end":{"line":944,"column":8}},"272":{"start":{"line":945,"column":6},"end":{"line":945,"column":18}},"273":{"start":{"line":950,"column":23},"end":{"line":967,"column":1}},"274":{"start":{"line":951,"column":2},"end":{"line":966,"column":4}}},"fnMap":{"0":{"name":"(anonymous_0)","decl":{"start":{"line":31,"column":23},"end":{"line":31,"column":null}},"loc":{"start":{"line":37,"column":4},"end":{"line":47,"column":1}}},"1":{"name":"(anonymous_1)","decl":{"start":{"line":48,"column":20},"end":{"line":48,"column":null}},"loc":{"start":{"line":57,"column":18},"end":{"line":82,"column":1}}},"2":{"name":"(anonymous_2)","decl":{"start":{"line":63,"column":60},"end":{"line":63,"column":61}},"loc":{"start":{"line":63,"column":67},"end":{"line":63,"column":81}}},"3":{"name":"(anonymous_3)","decl":{"start":{"line":83,"column":19},"end":{"line":83,"column":null}},"loc":{"start":{"line":89,"column":4},"end":{"line":109,"column":1}}},"4":{"name":"(anonymous_4)","decl":{"start":{"line":110,"column":16},"end":{"line":110,"column":null}},"loc":{"start":{"line":118,"column":14},"end":{"line":140,"column":1}}},"5":{"name":"(anonymous_5)","decl":{"start":{"line":124,"column":62},"end":{"line":124,"column":63}},"loc":{"start":{"line":124,"column":69},"end":{"line":124,"column":83}}},"6":{"name":"(anonymous_6)","decl":{"start":{"line":142,"column":20},"end":{"line":142,"column":null}},"loc":{"start":{"line":150,"column":7},"end":{"line":948,"column":1}}},"7":{"name":"(anonymous_7)","decl":{"start":{"line":165,"column":23},"end":{"line":165,"column":null}},"loc":{"start":{"line":169,"column":10},"end":{"line":171,"column":3}}},"8":{"name":"(anonymous_8)","decl":{"start":{"line":213,"column":32},"end":{"line":213,"column":33}},"loc":{"start":{"line":213,"column":53},"end":{"line":228,"column":7}}},"9":{"name":"(anonymous_9)","decl":{"start":{"line":550,"column":50},"end":{"line":550,"column":51}},"loc":{"start":{"line":550,"column":66},"end":{"line":557,"column":9}}},"10":{"name":"(anonymous_10)","decl":{"start":{"line":572,"column":40},"end":{"line":572,"column":41}},"loc":{"start":{"line":572,"column":52},"end":{"line":579,"column":7}}},"11":{"name":"(anonymous_11)","decl":{"start":{"line":625,"column":38},"end":{"line":625,"column":39}},"loc":{"start":{"line":625,"column":55},"end":{"line":625,"column":80}}},"12":{"name":"(anonymous_12)","decl":{"start":{"line":646,"column":32},"end":{"line":646,"column":33}},"loc":{"start":{"line":646,"column":53},"end":{"line":646,"column":70}}},"13":{"name":"(anonymous_13)","decl":{"start":{"line":649,"column":32},"end":{"line":649,"column":33}},"loc":{"start":{"line":649,"column":41},"end":{"line":649,"column":58}}},"14":{"name":"(anonymous_14)","decl":{"start":{"line":681,"column":50},"end":{"line":681,"column":51}},"loc":{"start":{"line":681,"column":66},"end":{"line":691,"column":9}}},"15":{"name":"(anonymous_15)","decl":{"start":{"line":704,"column":36},"end":{"line":704,"column":37}},"loc":{"start":{"line":704,"column":46},"end":{"line":714,"column":7}}},"16":{"name":"(anonymous_16)","decl":{"start":{"line":747,"column":40},"end":{"line":747,"column":41}},"loc":{"start":{"line":747,"column":52},"end":{"line":750,"column":7}}},"17":{"name":"(anonymous_17)","decl":{"start":{"line":764,"column":22},"end":{"line":764,"column":23}},"loc":{"start":{"line":764,"column":29},"end":{"line":764,"column":87}}},"18":{"name":"(anonymous_18)","decl":{"start":{"line":791,"column":50},"end":{"line":791,"column":51}},"loc":{"start":{"line":791,"column":66},"end":{"line":798,"column":9}}},"19":{"name":"(anonymous_19)","decl":{"start":{"line":823,"column":34},"end":{"line":823,"column":35}},"loc":{"start":{"line":823,"column":44},"end":{"line":823,"column":62}}},"20":{"name":"(anonymous_20)","decl":{"start":{"line":839,"column":50},"end":{"line":839,"column":51}},"loc":{"start":{"line":839,"column":66},"end":{"line":846,"column":9}}},"21":{"name":"(anonymous_21)","decl":{"start":{"line":849,"column":36},"end":{"line":849,"column":37}},"loc":{"start":{"line":850,"column":8},"end":{"line":855,"column":10}}},"22":{"name":"(anonymous_22)","decl":{"start":{"line":874,"column":36},"end":{"line":874,"column":37}},"loc":{"start":{"line":874,"column":46},"end":{"line":880,"column":7}}},"23":{"name":"(anonymous_23)","decl":{"start":{"line":950,"column":23},"end":{"line":950,"column":24}},"loc":{"start":{"line":950,"column":81},"end":{"line":967,"column":1}}}},"branchMap":{"0":{"loc":{"start":{"line":39,"column":2},"end":{"line":40,"column":99}},"type":"if","locations":[{"start":{"line":39,"column":2},"end":{"line":40,"column":99}}]},"1":{"loc":{"start":{"line":56,"column":4},"end":{"line":56,"column":15}},"type":"default-arg","locations":[{"start":{"line":56,"column":11},"end":{"line":56,"column":15}}]},"2":{"loc":{"start":{"line":56,"column":17},"end":{"line":56,"column":33}},"type":"default-arg","locations":[{"start":{"line":56,"column":28},"end":{"line":56,"column":33}}]},"3":{"loc":{"start":{"line":60,"column":2},"end":{"line":61,"column":35}},"type":"if","locations":[{"start":{"line":60,"column":2},"end":{"line":61,"column":35}},{"start":{"line":61,"column":7},"end":{"line":61,"column":35}}]},"4":{"loc":{"start":{"line":65,"column":2},"end":{"line":66,"column":92}},"type":"if","locations":[{"start":{"line":65,"column":2},"end":{"line":66,"column":92}}]},"5":{"loc":{"start":{"line":70,"column":2},"end":{"line":70,"column":62}},"type":"if","locations":[{"start":{"line":70,"column":2},"end":{"line":70,"column":62}}]},"6":{"loc":{"start":{"line":71,"column":2},"end":{"line":72,"column":78}},"type":"if","locations":[{"start":{"line":71,"column":2},"end":{"line":72,"column":78}}]},"7":{"loc":{"start":{"line":77,"column":10},"end":{"line":77,"column":28}},"type":"binary-expr","locations":[{"start":{"line":77,"column":10},"end":{"line":77,"column":20}},{"start":{"line":77,"column":24},"end":{"line":77,"column":28}}]},"8":{"loc":{"start":{"line":78,"column":14},"end":{"line":78,"column":40}},"type":"binary-expr","locations":[{"start":{"line":78,"column":14},"end":{"line":78,"column":28}},{"start":{"line":78,"column":32},"end":{"line":78,"column":40}}]},"9":{"loc":{"start":{"line":91,"column":2},"end":{"line":92,"column":90}},"type":"if","locations":[{"start":{"line":91,"column":2},"end":{"line":92,"column":90}}]},"10":{"loc":{"start":{"line":94,"column":2},"end":{"line":100,"column":6}},"type":"if","locations":[{"start":{"line":94,"column":2},"end":{"line":100,"column":6}}]},"11":{"loc":{"start":{"line":117,"column":4},"end":{"line":117,"column":20}},"type":"default-arg","locations":[{"start":{"line":117,"column":15},"end":{"line":117,"column":20}}]},"12":{"loc":{"start":{"line":121,"column":2},"end":{"line":122,"column":36}},"type":"if","locations":[{"start":{"line":121,"column":2},"end":{"line":122,"column":36}},{"start":{"line":122,"column":7},"end":{"line":122,"column":36}}]},"13":{"loc":{"start":{"line":126,"column":2},"end":{"line":127,"column":88}},"type":"if","locations":[{"start":{"line":126,"column":2},"end":{"line":127,"column":88}}]},"14":{"loc":{"start":{"line":130,"column":2},"end":{"line":131,"column":78}},"type":"if","locations":[{"start":{"line":130,"column":2},"end":{"line":131,"column":78}}]},"15":{"loc":{"start":{"line":136,"column":14},"end":{"line":136,"column":40}},"type":"binary-expr","locations":[{"start":{"line":136,"column":14},"end":{"line":136,"column":28}},{"start":{"line":136,"column":32},"end":{"line":136,"column":40}}]},"16":{"loc":{"start":{"line":167,"column":4},"end":{"line":167,"column":51}},"type":"default-arg","locations":[{"start":{"line":167,"column":41},"end":{"line":167,"column":51}}]},"17":{"loc":{"start":{"line":168,"column":4},"end":{"line":168,"column":27}},"type":"default-arg","locations":[{"start":{"line":168,"column":23},"end":{"line":168,"column":27}}]},"18":{"loc":{"start":{"line":173,"column":2},"end":{"line":947,"column":null}},"type":"switch","locations":[{"start":{"line":175,"column":4},"end":{"line":240,"column":null}},{"start":{"line":242,"column":4},"end":{"line":269,"column":18}},{"start":{"line":270,"column":4},"end":{"line":289,"column":18}},{"start":{"line":290,"column":4},"end":{"line":331,"column":null}},{"start":{"line":332,"column":4},"end":{"line":355,"column":18}},{"start":{"line":356,"column":4},"end":{"line":378,"column":18}},{"start":{"line":379,"column":4},"end":{"line":488,"column":null}},{"start":{"line":489,"column":4},"end":{"line":513,"column":18}},{"start":{"line":514,"column":4},"end":{"line":516,"column":44}},{"start":{"line":517,"column":4},"end":{"line":540,"column":null}},{"start":{"line":541,"column":4},"end":{"line":543,"column":18}},{"start":{"line":544,"column":4},"end":{"line":620,"column":null}},{"start":{"line":621,"column":4},"end":{"line":629,"column":18}},{"start":{"line":631,"column":4},"end":{"line":631,"column":39}},{"start":{"line":632,"column":4},"end":{"line":635,"column":18}},{"start":{"line":636,"column":4},"end":{"line":637,"column":56}},{"start":{"line":638,"column":4},"end":{"line":638,"column":34}},{"start":{"line":639,"column":4},"end":{"line":641,"column":18}},{"start":{"line":642,"column":4},"end":{"line":647,"column":18}},{"start":{"line":648,"column":4},"end":{"line":650,"column":18}},{"start":{"line":652,"column":4},"end":{"line":652,"column":32}},{"start":{"line":653,"column":4},"end":{"line":653,"column":29}},{"start":{"line":654,"column":4},"end":{"line":654,"column":29}},{"start":{"line":655,"column":4},"end":{"line":655,"column":29}},{"start":{"line":656,"column":4},"end":{"line":656,"column":29}},{"start":{"line":657,"column":4},"end":{"line":657,"column":29}},{"start":{"line":658,"column":4},"end":{"line":658,"column":29}},{"start":{"line":659,"column":4},"end":{"line":659,"column":32}},{"start":{"line":660,"column":4},"end":{"line":661,"column":18}},{"start":{"line":662,"column":4},"end":{"line":744,"column":null}},{"start":{"line":745,"column":4},"end":{"line":753,"column":null}},{"start":{"line":754,"column":4},"end":{"line":771,"column":null}},{"start":{"line":773,"column":4},"end":{"line":773,"column":38}},{"start":{"line":774,"column":4},"end":{"line":818,"column":null}},{"start":{"line":819,"column":4},"end":{"line":820,"column":18}},{"start":{"line":821,"column":4},"end":{"line":824,"column":18}},{"start":{"line":825,"column":4},"end":{"line":830,"column":18}},{"start":{"line":831,"column":4},"end":{"line":833,"column":18}},{"start":{"line":834,"column":4},"end":{"line":870,"column":null}},{"start":{"line":871,"column":4},"end":{"line":882,"column":null}},{"start":{"line":883,"column":4},"end":{"line":885,"column":18}},{"start":{"line":886,"column":4},"end":{"line":901,"column":18}},{"start":{"line":903,"column":4},"end":{"line":905,"column":18}},{"start":{"line":906,"column":4},"end":{"line":910,"column":50}},{"start":{"line":911,"column":4},"end":{"line":915,"column":18}},{"start":{"line":916,"column":4},"end":{"line":946,"column":null}}]},"19":{"loc":{"start":{"line":188,"column":8},"end":{"line":201,"column":12}},"type":"if","locations":[{"start":{"line":188,"column":8},"end":{"line":201,"column":12}}]},"20":{"loc":{"start":{"line":189,"column":10},"end":{"line":194,"column":59}},"type":"binary-expr","locations":[{"start":{"line":189,"column":11},"end":{"line":189,"column":61}},{"start":{"line":190,"column":12},"end":{"line":190,"column":66}},{"start":{"line":191,"column":10},"end":{"line":191,"column":31}},{"start":{"line":192,"column":10},"end":{"line":192,"column":48}},{"start":{"line":193,"column":10},"end":{"line":193,"column":55}},{"start":{"line":194,"column":10},"end":{"line":194,"column":59}}]},"21":{"loc":{"start":{"line":202,"column":8},"end":{"line":202,"column":85}},"type":"if","locations":[{"start":{"line":202,"column":8},"end":{"line":202,"column":85}}]},"22":{"loc":{"start":{"line":203,"column":8},"end":{"line":209,"column":12}},"type":"if","locations":[{"start":{"line":203,"column":8},"end":{"line":209,"column":12}}]},"23":{"loc":{"start":{"line":203,"column":12},"end":{"line":203,"column":79}},"type":"binary-expr","locations":[{"start":{"line":203,"column":12},"end":{"line":203,"column":62}},{"start":{"line":203,"column":66},"end":{"line":203,"column":79}}]},"24":{"loc":{"start":{"line":244,"column":6},"end":{"line":250,"column":10}},"type":"if","locations":[{"start":{"line":244,"column":6},"end":{"line":250,"column":10}}]},"25":{"loc":{"start":{"line":254,"column":6},"end":{"line":268,"column":null}},"type":"if","locations":[{"start":{"line":254,"column":6},"end":{"line":268,"column":null}}]},"26":{"loc":{"start":{"line":258,"column":8},"end":{"line":267,"column":39}},"type":"if","locations":[{"start":{"line":258,"column":8},"end":{"line":267,"column":39}}]},"27":{"loc":{"start":{"line":259,"column":10},"end":{"line":265,"column":43}},"type":"binary-expr","locations":[{"start":{"line":259,"column":10},"end":{"line":259,"column":29}},{"start":{"line":260,"column":10},"end":{"line":260,"column":41}},{"start":{"line":261,"column":10},"end":{"line":261,"column":36}},{"start":{"line":262,"column":10},"end":{"line":262,"column":36}},{"start":{"line":263,"column":10},"end":{"line":263,"column":31}},{"start":{"line":264,"column":10},"end":{"line":264,"column":48}},{"start":{"line":265,"column":10},"end":{"line":265,"column":43}}]},"28":{"loc":{"start":{"line":271,"column":6},"end":{"line":288,"column":null}},"type":"if","locations":[{"start":{"line":271,"column":6},"end":{"line":288,"column":null}}]},"29":{"loc":{"start":{"line":272,"column":8},"end":{"line":281,"column":null}},"type":"if","locations":[{"start":{"line":272,"column":8},"end":{"line":281,"column":null}}]},"30":{"loc":{"start":{"line":273,"column":10},"end":{"line":279,"column":14}},"type":"if","locations":[{"start":{"line":273,"column":10},"end":{"line":279,"column":14}}]},"31":{"loc":{"start":{"line":311,"column":8},"end":{"line":318,"column":null}},"type":"if","locations":[{"start":{"line":311,"column":8},"end":{"line":318,"column":null}}]},"32":{"loc":{"start":{"line":311,"column":12},"end":{"line":311,"column":84}},"type":"binary-expr","locations":[{"start":{"line":311,"column":12},"end":{"line":311,"column":27}},{"start":{"line":311,"column":31},"end":{"line":311,"column":58}},{"start":{"line":311,"column":62},"end":{"line":311,"column":84}}]},"33":{"loc":{"start":{"line":313,"column":10},"end":{"line":315,"column":null}},"type":"if","locations":[{"start":{"line":313,"column":10},"end":{"line":315,"column":null}}]},"34":{"loc":{"start":{"line":383,"column":6},"end":{"line":485,"column":null}},"type":"if","locations":[{"start":{"line":383,"column":6},"end":{"line":485,"column":null}},{"start":{"line":405,"column":13},"end":{"line":485,"column":null}}]},"35":{"loc":{"start":{"line":386,"column":10},"end":{"line":402,"column":null}},"type":"if","locations":[{"start":{"line":386,"column":10},"end":{"line":402,"column":null}},{"start":{"line":388,"column":17},"end":{"line":402,"column":null}}]},"36":{"loc":{"start":{"line":389,"column":12},"end":{"line":395,"column":16}},"type":"if","locations":[{"start":{"line":389,"column":12},"end":{"line":395,"column":16}}]},"37":{"loc":{"start":{"line":405,"column":13},"end":{"line":485,"column":null}},"type":"if","locations":[{"start":{"line":405,"column":13},"end":{"line":485,"column":null}},{"start":{"line":444,"column":13},"end":{"line":485,"column":null}}]},"38":{"loc":{"start":{"line":406,"column":8},"end":{"line":408,"column":59}},"type":"binary-expr","locations":[{"start":{"line":406,"column":8},"end":{"line":406,"column":59}},{"start":{"line":407,"column":8},"end":{"line":407,"column":63}},{"start":{"line":408,"column":8},"end":{"line":408,"column":59}}]},"39":{"loc":{"start":{"line":425,"column":8},"end":{"line":431,"column":12}},"type":"if","locations":[{"start":{"line":425,"column":8},"end":{"line":431,"column":12}}]},"40":{"loc":{"start":{"line":447,"column":10},"end":{"line":449,"column":29}},"type":"cond-expr","locations":[{"start":{"line":448,"column":14},"end":{"line":448,"column":34}},{"start":{"line":449,"column":14},"end":{"line":449,"column":29}}]},"41":{"loc":{"start":{"line":461,"column":8},"end":{"line":464,"column":null}},"type":"if","locations":[{"start":{"line":461,"column":8},"end":{"line":464,"column":null}}]},"42":{"loc":{"start":{"line":466,"column":8},"end":{"line":472,"column":12}},"type":"if","locations":[{"start":{"line":466,"column":8},"end":{"line":472,"column":12}}]},"43":{"loc":{"start":{"line":520,"column":6},"end":{"line":520,"column":67}},"type":"if","locations":[{"start":{"line":520,"column":6},"end":{"line":520,"column":67}}]},"44":{"loc":{"start":{"line":532,"column":6},"end":{"line":538,"column":10}},"type":"if","locations":[{"start":{"line":532,"column":6},"end":{"line":538,"column":10}}]},"45":{"loc":{"start":{"line":542,"column":6},"end":{"line":542,"column":78}},"type":"if","locations":[{"start":{"line":542,"column":6},"end":{"line":542,"column":78}}]},"46":{"loc":{"start":{"line":549,"column":6},"end":{"line":558,"column":null}},"type":"if","locations":[{"start":{"line":549,"column":6},"end":{"line":558,"column":null}}]},"47":{"loc":{"start":{"line":562,"column":8},"end":{"line":568,"column":12}},"type":"if","locations":[{"start":{"line":562,"column":8},"end":{"line":568,"column":12}}]},"48":{"loc":{"start":{"line":623,"column":6},"end":{"line":628,"column":null}},"type":"if","locations":[{"start":{"line":623,"column":6},"end":{"line":628,"column":null}}]},"49":{"loc":{"start":{"line":624,"column":8},"end":{"line":627,"column":48}},"type":"if","locations":[{"start":{"line":624,"column":8},"end":{"line":627,"column":48}},{"start":{"line":626,"column":13},"end":{"line":627,"column":48}}]},"50":{"loc":{"start":{"line":626,"column":13},"end":{"line":627,"column":48}},"type":"if","locations":[{"start":{"line":626,"column":13},"end":{"line":627,"column":48}}]},"51":{"loc":{"start":{"line":670,"column":8},"end":{"line":677,"column":12}},"type":"if","locations":[{"start":{"line":670,"column":8},"end":{"line":677,"column":12}},{"start":{"line":671,"column":13},"end":{"line":677,"column":12}}]},"52":{"loc":{"start":{"line":671,"column":13},"end":{"line":677,"column":12}},"type":"if","locations":[{"start":{"line":671,"column":13},"end":{"line":677,"column":12}}]},"53":{"loc":{"start":{"line":680,"column":6},"end":{"line":692,"column":null}},"type":"if","locations":[{"start":{"line":680,"column":6},"end":{"line":692,"column":null}}]},"54":{"loc":{"start":{"line":727,"column":6},"end":{"line":733,"column":null}},"type":"if","locations":[{"start":{"line":727,"column":6},"end":{"line":733,"column":null}},{"start":{"line":730,"column":13},"end":{"line":733,"column":null}}]},"55":{"loc":{"start":{"line":727,"column":10},"end":{"line":727,"column":64}},"type":"binary-expr","locations":[{"start":{"line":727,"column":10},"end":{"line":727,"column":29}},{"start":{"line":727,"column":33},"end":{"line":727,"column":64}}]},"56":{"loc":{"start":{"line":730,"column":13},"end":{"line":733,"column":null}},"type":"if","locations":[{"start":{"line":730,"column":13},"end":{"line":733,"column":null}}]},"57":{"loc":{"start":{"line":748,"column":8},"end":{"line":749,"column":42}},"type":"if","locations":[{"start":{"line":748,"column":8},"end":{"line":749,"column":42}},{"start":{"line":749,"column":13},"end":{"line":749,"column":42}}]},"58":{"loc":{"start":{"line":759,"column":8},"end":{"line":760,"column":63}},"type":"if","locations":[{"start":{"line":759,"column":8},"end":{"line":760,"column":63}},{"start":{"line":760,"column":13},"end":{"line":760,"column":63}}]},"59":{"loc":{"start":{"line":762,"column":8},"end":{"line":766,"column":98}},"type":"if","locations":[{"start":{"line":762,"column":8},"end":{"line":766,"column":98}}]},"60":{"loc":{"start":{"line":763,"column":10},"end":{"line":764,"column":88}},"type":"binary-expr","locations":[{"start":{"line":763,"column":10},"end":{"line":763,"column":48}},{"start":{"line":764,"column":10},"end":{"line":764,"column":88}}]},"61":{"loc":{"start":{"line":764,"column":29},"end":{"line":764,"column":87}},"type":"binary-expr","locations":[{"start":{"line":764,"column":29},"end":{"line":764,"column":63}},{"start":{"line":764,"column":67},"end":{"line":764,"column":87}}]},"62":{"loc":{"start":{"line":790,"column":6},"end":{"line":799,"column":null}},"type":"if","locations":[{"start":{"line":790,"column":6},"end":{"line":799,"column":null}}]},"63":{"loc":{"start":{"line":827,"column":6},"end":{"line":827,"column":63}},"type":"if","locations":[{"start":{"line":827,"column":6},"end":{"line":827,"column":63}}]},"64":{"loc":{"start":{"line":838,"column":6},"end":{"line":847,"column":null}},"type":"if","locations":[{"start":{"line":838,"column":6},"end":{"line":847,"column":null}}]},"65":{"loc":{"start":{"line":875,"column":8},"end":{"line":876,"column":98}},"type":"if","locations":[{"start":{"line":875,"column":8},"end":{"line":876,"column":98}}]},"66":{"loc":{"start":{"line":888,"column":6},"end":{"line":888,"column":78}},"type":"if","locations":[{"start":{"line":888,"column":6},"end":{"line":888,"column":78}}]},"67":{"loc":{"start":{"line":913,"column":6},"end":{"line":913,"column":69}},"type":"if","locations":[{"start":{"line":913,"column":6},"end":{"line":913,"column":69}}]},"68":{"loc":{"start":{"line":917,"column":6},"end":{"line":923,"column":null}},"type":"if","locations":[{"start":{"line":917,"column":6},"end":{"line":923,"column":null}}]}},"s":{"0":0,"1":0,"2":0,"3":0,"4":0,"5":0,"6":0,"7":0,"8":0,"9":0,"10":0,"11":0,"12":0,"13":0,"14":0,"15":0,"16":0,"17":0,"18":0,"19":0,"20":0,"21":0,"22":0,"23":0,"24":0,"25":0,"26":0,"27":0,"28":0,"29":0,"30":0,"31":0,"32":0,"33":0,"34":0,"35":0,"36":0,"37":0,"38":0,"39":0,"40":0,"41":0,"42":0,"43":0,"44":0,"45":0,"46":0,"47":0,"48":0,"49":0,"50":0,"51":0,"52":0,"53":0,"54":0,"55":0,"56":0,"57":0,"58":0,"59":0,"60":0,"61":0,"62":0,"63":0,"64":0,"65":0,"66":0,"67":0,"68":0,"69":0,"70":0,"71":0,"72":0,"73":0,"74":0,"75":0,"76":0,"77":0,"78":0,"79":0,"80":0,"81":0,"82":0,"83":0,"84":0,"85":0,"86":0,"87":0,"88":0,"89":0,"90":0,"91":0,"92":0,"93":0,"94":0,"95":0,"96":0,"97":0,"98":0,"99":0,"100":0,"101":0,"102":0,"103":0,"104":0,"105":0,"106":0,"107":0,"108":0,"109":0,"110":0,"111":0,"112":0,"113":0,"114":0,"115":0,"116":0,"117":0,"118":0,"119":0,"120":0,"121":0,"122":0,"123":0,"124":0,"125":0,"126":0,"127":0,"128":0,"129":0,"130":0,"131":0,"132":0,"133":0,"134":0,"135":0,"136":0,"137":0,"138":0,"139":0,"140":0,"141":0,"142":0,"143":0,"144":0,"145":0,"146":0,"147":0,"148":0,"149":0,"150":0,"151":0,"152":0,"153":0,"154":0,"155":0,"156":0,"157":0,"158":0,"159":0,"160":0,"161":0,"162":0,"163":0,"164":0,"165":0,"166":0,"167":0,"168":0,"169":0,"170":0,"171":0,"172":0,"173":0,"174":0,"175":0,"176":0,"177":0,"178":0,"179":0,"180":0,"181":0,"182":0,"183":0,"184":0,"185":0,"186":0,"187":0,"188":0,"189":0,"190":0,"191":0,"192":0,"193":0,"194":0,"195":0,"196":0,"197":0,"198":0,"199":0,"200":0,"201":0,"202":0,"203":0,"204":0,"205":0,"206":0,"207":0,"208":0,"209":0,"210":0,"211":0,"212":0,"213":0,"214":0,"215":0,"216":0,"217":0,"218":0,"219":0,"220":0,"221":0,"222":0,"223":0,"224":0,"225":0,"226":0,"227":0,"228":0,"229":0,"230":0,"231":0,"232":0,"233":0,"234":0,"235":0,"236":0,"237":0,"238":0,"239":0,"240":0,"241":0,"242":0,"243":0,"244":0,"245":0,"246":0,"247":0,"248":0,"249":0,"250":0,"251":0,"252":0,"253":0,"254":0,"255":0,"256":0,"257":0,"258":0,"259":0,"260":0,"261":0,"262":0,"263":0,"264":0,"265":0,"266":0,"267":0,"268":0,"269":0,"270":0,"271":0,"272":0,"273":0,"274":0},"f":{"0":0,"1":0,"2":0,"3":0,"4":0,"5":0,"6":0,"7":0,"8":0,"9":0,"10":0,"11":0,"12":0,"13":0,"14":0,"15":0,"16":0,"17":0,"18":0,"19":0,"20":0,"21":0,"22":0,"23":0},"b":{"0":[0],"1":[0],"2":[0],"3":[0,0],"4":[0],"5":[0],"6":[0],"7":[0,0],"8":[0,0],"9":[0],"10":[0],"11":[0],"12":[0,0],"13":[0],"14":[0],"15":[0,0],"16":[0],"17":[0],"18":[0,0,0,0,0,0,0,0,0,0,0,0,0,0,0,0,0,0,0,0,0,0,0,0,0,0,0,0,0,0,0,0,0,0,0,0,0,0,0,0,0,0,0,0,0,0],"19":[0],"20":[0,0,0,0,0,0],"21":[0],"22":[0],"23":[0,0],"24":[0],"25":[0],"26":[0],"27":[0,0,0,0,0,0,0],"28":[0],"29":[0],"30":[0],"31":[0],"32":[0,0,0],"33":[0],"34":[0,0],"35":[0,0],"36":[0],"37":[0,0],"38":[0,0,0],"39":[0],"40":[0,0],"41":[0],"42":[0],"43":[0],"44":[0],"45":[0],"46":[0],"47":[0],"48":[0],"49":[0,0],"50":[0],"51":[0,0],"52":[0],"53":[0],"54":[0,0],"55":[0,0],"56":[0],"57":[0,0],"58":[0,0],"59":[0],"60":[0,0],"61":[0,0],"62":[0],"63":[0],"64":[0],"65":[0],"66":[0],"67":[0],"68":[0]}}
,"/Users/spotandjake/Documents/Github/Brisk/src/Compiler/Errors/Compiler.ts": {"path":"/Users/spotandjake/Documents/Github/Brisk/src/Compiler/Errors/Compiler.ts","statementMap":{"0":{"start":{"line":6,"column":25},"end":{"line":7,"column":49}},"1":{"start":{"line":7,"column":2},"end":{"line":7,"column":49}},"2":{"start":{"line":8,"column":19},"end":{"line":9,"column":47}},"3":{"start":{"line":9,"column":2},"end":{"line":9,"column":47}},"4":{"start":{"line":10,"column":25},"end":{"line":11,"column":53}},"5":{"start":{"line":11,"column":2},"end":{"line":11,"column":53}},"6":{"start":{"line":12,"column":28},"end":{"line":13,"column":54}},"7":{"start":{"line":13,"column":2},"end":{"line":13,"column":54}},"8":{"start":{"line":14,"column":23},"end":{"line":15,"column":51}},"9":{"start":{"line":15,"column":2},"end":{"line":15,"column":51}},"10":{"start":{"line":16,"column":24},"end":{"line":17,"column":52}},"11":{"start":{"line":17,"column":2},"end":{"line":17,"column":52}}},"fnMap":{"0":{"name":"(anonymous_0)","decl":{"start":{"line":6,"column":25},"end":{"line":6,"column":26}},"loc":{"start":{"line":7,"column":2},"end":{"line":7,"column":49}}},"1":{"name":"(anonymous_1)","decl":{"start":{"line":8,"column":19},"end":{"line":8,"column":20}},"loc":{"start":{"line":9,"column":2},"end":{"line":9,"column":47}}},"2":{"name":"(anonymous_2)","decl":{"start":{"line":10,"column":25},"end":{"line":10,"column":26}},"loc":{"start":{"line":11,"column":2},"end":{"line":11,"column":53}}},"3":{"name":"(anonymous_3)","decl":{"start":{"line":12,"column":28},"end":{"line":12,"column":29}},"loc":{"start":{"line":13,"column":2},"end":{"line":13,"column":54}}},"4":{"name":"(anonymous_4)","decl":{"start":{"line":14,"column":23},"end":{"line":14,"column":24}},"loc":{"start":{"line":15,"column":2},"end":{"line":15,"column":51}}},"5":{"name":"(anonymous_5)","decl":{"start":{"line":16,"column":24},"end":{"line":16,"column":25}},"loc":{"start":{"line":17,"column":2},"end":{"line":17,"column":52}}}},"branchMap":{},"s":{"0":0,"1":0,"2":0,"3":0,"4":0,"5":0,"6":0,"7":0,"8":0,"9":0,"10":0,"11":0},"f":{"0":0,"1":0,"2":0,"3":0,"4":0,"5":0},"b":{}}
,"/Users/spotandjake/Documents/Github/Brisk/src/Compiler/Errors/ErrorBuilder.ts": {"path":"/Users/spotandjake/Documents/Github/Brisk/src/Compiler/Errors/ErrorBuilder.ts","statementMap":{"0":{"start":{"line":3,"column":23},"end":{"line":8,"column":1}},"1":{"start":{"line":4,"column":2},"end":{"line":7,"column":16}},"2":{"start":{"line":6,"column":22},"end":{"line":6,"column":52}},"3":{"start":{"line":10,"column":27},"end":{"line":61,"column":1}},"4":{"start":{"line":12,"column":16},"end":{"line":12,"column":44}},"5":{"start":{"line":13,"column":17},"end":{"line":13,"column":32}},"6":{"start":{"line":14,"column":20},"end":{"line":14,"column":50}},"7":{"start":{"line":15,"column":18},"end":{"line":15,"column":62}},"8":{"start":{"line":16,"column":2},"end":{"line":23,"column":null}},"9":{"start":{"line":17,"column":23},"end":{"line":17,"column":54}},"10":{"start":{"line":18,"column":4},"end":{"line":22,"column":null}},"11":{"start":{"line":18,"column":17},"end":{"line":18,"column":18}},"12":{"start":{"line":19,"column":6},"end":{"line":19,"column":46}},"13":{"start":{"line":19,"column":32},"end":{"line":19,"column":46}},"14":{"start":{"line":20,"column":6},"end":{"line":20,"column":42}},"15":{"start":{"line":20,"column":30},"end":{"line":20,"column":42}},"16":{"start":{"line":21,"column":6},"end":{"line":21,"column":49}},"17":{"start":{"line":21,"column":43},"end":{"line":21,"column":49}},"18":{"start":{"line":25,"column":24},"end":{"line":25,"column":68}},"19":{"start":{"line":27,"column":4},"end":{"line":32,"column":97}},"20":{"start":{"line":34,"column":23},"end":{"line":36,"column":null}},"21":{"start":{"line":38,"column":2},"end":{"line":38,"column":70}},"22":{"start":{"line":38,"column":40},"end":{"line":38,"column":70}},"23":{"start":{"line":40,"column":20},"end":{"line":40,"column":47}},"24":{"start":{"line":41,"column":22},"end":{"line":41,"column":62}},"25":{"start":{"line":42,"column":26},"end":{"line":44,"column":26}},"26":{"start":{"line":43,"column":62},"end":{"line":43,"column":73}},"27":{"start":{"line":46,"column":14},"end":{"line":58,"column":4}},"28":{"start":{"line":54,"column":8},"end":{"line":54,"column":82}},"29":{"start":{"line":60,"column":2},"end":{"line":60,"column":24}}},"fnMap":{"0":{"name":"(anonymous_0)","decl":{"start":{"line":3,"column":23},"end":{"line":3,"column":24}},"loc":{"start":{"line":3,"column":60},"end":{"line":8,"column":1}}},"1":{"name":"(anonymous_1)","decl":{"start":{"line":6,"column":9},"end":{"line":6,"column":10}},"loc":{"start":{"line":6,"column":22},"end":{"line":6,"column":52}}},"2":{"name":"(anonymous_2)","decl":{"start":{"line":10,"column":27},"end":{"line":10,"column":28}},"loc":{"start":{"line":10,"column":81},"end":{"line":61,"column":1}}},"3":{"name":"(anonymous_3)","decl":{"start":{"line":43,"column":52},"end":{"line":43,"column":53}},"loc":{"start":{"line":43,"column":62},"end":{"line":43,"column":73}}},"4":{"name":"(anonymous_4)","decl":{"start":{"line":53,"column":11},"end":{"line":53,"column":12}},"loc":{"start":{"line":54,"column":8},"end":{"line":54,"column":82}}}},"branchMap":{"0":{"loc":{"start":{"line":12,"column":16},"end":{"line":12,"column":44}},"type":"binary-expr","locations":[{"start":{"line":12,"column":16},"end":{"line":12,"column":38}},{"start":{"line":12,"column":42},"end":{"line":12,"column":44}}]},"1":{"loc":{"start":{"line":16,"column":2},"end":{"line":23,"column":null}},"type":"if","locations":[{"start":{"line":16,"column":2},"end":{"line":23,"column":null}}]},"2":{"loc":{"start":{"line":19,"column":6},"end":{"line":19,"column":46}},"type":"if","locations":[{"start":{"line":19,"column":6},"end":{"line":19,"column":46}}]},"3":{"loc":{"start":{"line":20,"column":6},"end":{"line":20,"column":42}},"type":"if","locations":[{"start":{"line":20,"column":6},"end":{"line":20,"column":42}}]},"4":{"loc":{"start":{"line":21,"column":6},"end":{"line":21,"column":49}},"type":"if","locations":[{"start":{"line":21,"column":6},"end":{"line":21,"column":49}}]},"5":{"loc":{"start":{"line":27,"column":4},"end":{"line":32,"column":97}},"type":"cond-expr","locations":[{"start":{"line":28,"column":8},"end":{"line":28,"column":58}},{"start":{"line":29,"column":8},"end":{"line":32,"column":97}}]},"6":{"loc":{"start":{"line":38,"column":2},"end":{"line":38,"column":70}},"type":"if","locations":[{"start":{"line":38,"column":2},"end":{"line":38,"column":70}}]},"7":{"loc":{"start":{"line":41,"column":22},"end":{"line":41,"column":62}},"type":"cond-expr","locations":[{"start":{"line":41,"column":34},"end":{"line":41,"column":35}},{"start":{"line":41,"column":38},"end":{"line":41,"column":62}}]},"8":{"loc":{"start":{"line":42,"column":26},"end":{"line":44,"column":26}},"type":"cond-expr","locations":[{"start":{"line":43,"column":6},"end":{"line":43,"column":75}},{"start":{"line":44,"column":6},"end":{"line":44,"column":26}}]},"9":{"loc":{"start":{"line":44,"column":6},"end":{"line":44,"column":26}},"type":"binary-expr","locations":[{"start":{"line":44,"column":6},"end":{"line":44,"column":21}},{"start":{"line":44,"column":25},"end":{"line":44,"column":26}}]},"10":{"loc":{"start":{"line":54,"column":8},"end":{"line":54,"column":82}},"type":"cond-expr","locations":[{"start":{"line":54,"column":17},"end":{"line":54,"column":21}},{"start":{"line":54,"column":24},"end":{"line":54,"column":82}}]}},"s":{"0":0,"1":0,"2":0,"3":0,"4":0,"5":0,"6":0,"7":0,"8":0,"9":0,"10":0,"11":0,"12":0,"13":0,"14":0,"15":0,"16":0,"17":0,"18":0,"19":0,"20":0,"21":0,"22":0,"23":0,"24":0,"25":0,"26":0,"27":0,"28":0,"29":0},"f":{"0":0,"1":0,"2":0,"3":0,"4":0},"b":{"0":[0,0],"1":[0],"2":[0],"3":[0],"4":[0],"5":[0,0],"6":[0],"7":[0,0],"8":[0,0],"9":[0,0],"10":[0,0]}}
,"/Users/spotandjake/Documents/Github/Brisk/src/Compiler/Errors/Errors.ts": {"path":"/Users/spotandjake/Documents/Github/Brisk/src/Compiler/Errors/Errors.ts","statementMap":{"0":{"start":{"line":39,"column":33},"end":{"line":77,"column":2}}},"fnMap":{},"branchMap":{},"s":{"0":0},"f":{},"b":{}}
,"/Users/spotandjake/Documents/Github/Brisk/src/Compiler/Errors/index.ts": {"path":"/Users/spotandjake/Documents/Github/Brisk/src/Compiler/Errors/index.ts","statementMap":{"0":{"start":{"line":6,"column":33},"end":{"line":18,"column":1}},"1":{"start":{"line":8,"column":23},"end":{"line":8,"column":62}},"2":{"start":{"line":10,"column":16},"end":{"line":10,"column":26}},"3":{"start":{"line":11,"column":2},"end":{"line":11,"column":55}},"4":{"start":{"line":12,"column":2},"end":{"line":12,"column":86}},"5":{"start":{"line":12,"column":11},"end":{"line":12,"column":86}},"6":{"start":{"line":13,"column":2},"end":{"line":16,"column":null}},"7":{"start":{"line":15,"column":4},"end":{"line":15,"column":36}},"8":{"start":{"line":17,"column":2},"end":{"line":17,"column":25}},"9":{"start":{"line":19,"column":20},"end":{"line":36,"column":1}},"10":{"start":{"line":27,"column":22},"end":{"line":27,"column":50}},"11":{"start":{"line":29,"column":2},"end":{"line":31,"column":5}},"12":{"start":{"line":30,"column":4},"end":{"line":30,"column":78}},"13":{"start":{"line":33,"column":23},"end":{"line":33,"column":64}},"14":{"start":{"line":35,"column":2},"end":{"line":35,"column":52}}},"fnMap":{"0":{"name":"(anonymous_0)","decl":{"start":{"line":6,"column":33},"end":{"line":6,"column":34}},"loc":{"start":{"line":6,"column":86},"end":{"line":18,"column":1}}},"1":{"name":"(anonymous_1)","decl":{"start":{"line":19,"column":20},"end":{"line":19,"column":null}},"loc":{"start":{"line":25,"column":11},"end":{"line":36,"column":1}}},"2":{"name":"(anonymous_2)","decl":{"start":{"line":29,"column":22},"end":{"line":29,"column":23}},"loc":{"start":{"line":29,"column":39},"end":{"line":31,"column":3}}}},"branchMap":{"0":{"loc":{"start":{"line":8,"column":23},"end":{"line":8,"column":62}},"type":"cond-expr","locations":[{"start":{"line":8,"column":29},"end":{"line":8,"column":56}},{"start":{"line":8,"column":59},"end":{"line":8,"column":62}}]},"1":{"loc":{"start":{"line":12,"column":2},"end":{"line":12,"column":86}},"type":"if","locations":[{"start":{"line":12,"column":2},"end":{"line":12,"column":86}}]},"2":{"loc":{"start":{"line":13,"column":2},"end":{"line":16,"column":null}},"type":"if","locations":[{"start":{"line":13,"column":2},"end":{"line":16,"column":null}}]}},"s":{"0":0,"1":0,"2":0,"3":0,"4":0,"5":0,"6":0,"7":0,"8":0,"9":0,"10":0,"11":0,"12":0,"13":0,"14":0},"f":{"0":0,"1":0,"2":0},"b":{"0":[0,0],"1":[0],"2":[0]}}
,"/Users/spotandjake/Documents/Github/Brisk/src/Compiler/Helpers/index.ts": {"path":"/Users/spotandjake/Documents/Github/Brisk/src/Compiler/Helpers/index.ts","statementMap":{"0":{"start":{"line":18,"column":30},"end":{"line":25,"column":1}},"1":{"start":{"line":19,"column":2},"end":{"line":24,"column":4}},"2":{"start":{"line":26,"column":31},"end":{"line":38,"column":1}},"3":{"start":{"line":31,"column":2},"end":{"line":37,"column":4}},"4":{"start":{"line":39,"column":43},"end":{"line":57,"column":1}},"5":{"start":{"line":46,"column":2},"end":{"line":56,"column":4}},"6":{"start":{"line":58,"column":37},"end":{"line":68,"column":1}},"7":{"start":{"line":62,"column":2},"end":{"line":67,"column":4}},"8":{"start":{"line":69,"column":31},"end":{"line":79,"column":1}},"9":{"start":{"line":73,"column":2},"end":{"line":78,"column":4}},"10":{"start":{"line":81,"column":39},"end":{"line":88,"column":1}},"11":{"start":{"line":82,"column":2},"end":{"line":87,"column":4}}},"fnMap":{"0":{"name":"(anonymous_0)","decl":{"start":{"line":18,"column":30},"end":{"line":18,"column":31}},"loc":{"start":{"line":18,"column":95},"end":{"line":25,"column":1}}},"1":{"name":"(anonymous_1)","decl":{"start":{"line":26,"column":31},"end":{"line":26,"column":null}},"loc":{"start":{"line":30,"column":26},"end":{"line":38,"column":1}}},"2":{"name":"(anonymous_2)","decl":{"start":{"line":39,"column":43},"end":{"line":39,"column":null}},"loc":{"start":{"line":45,"column":34},"end":{"line":57,"column":1}}},"3":{"name":"(anonymous_3)","decl":{"start":{"line":58,"column":37},"end":{"line":58,"column":null}},"loc":{"start":{"line":61,"column":32},"end":{"line":68,"column":1}}},"4":{"name":"(anonymous_4)","decl":{"start":{"line":69,"column":31},"end":{"line":69,"column":null}},"loc":{"start":{"line":72,"column":26},"end":{"line":79,"column":1}}},"5":{"name":"(anonymous_5)","decl":{"start":{"line":81,"column":39},"end":{"line":81,"column":40}},"loc":{"start":{"line":81,"column":96},"end":{"line":88,"column":1}}}},"branchMap":{"0":{"loc":{"start":{"line":34,"column":12},"end":{"line":34,"column":74}},"type":"cond-expr","locations":[{"start":{"line":34,"column":21},"end":{"line":34,"column":62}},{"start":{"line":34,"column":65},"end":{"line":34,"column":74}}]}},"s":{"0":0,"1":0,"2":0,"3":0,"4":0,"5":0,"6":0,"7":0,"8":0,"9":0,"10":0,"11":0},"f":{"0":0,"1":0,"2":0,"3":0,"4":0,"5":0},"b":{"0":[0,0]}}
,"/Users/spotandjake/Documents/Github/Brisk/src/Compiler/Lexer/Tokens.ts": {"path":"/Users/spotandjake/Documents/Github/Brisk/src/Compiler/Lexer/Tokens.ts","statementMap":{"0":{"start":{"line":5,"column":20},"end":{"line":98,"column":1}},"1":{"start":{"line":7,"column":2},"end":{"line":97,"column":4}},"2":{"start":{"line":16,"column":22},"end":{"line":16,"column":45}},"3":{"start":{"line":17,"column":4},"end":{"line":95,"column":null}},"4":{"start":{"line":23,"column":8},"end":{"line":25,"column":36}},"5":{"start":{"line":26,"column":6},"end":{"line":26,"column":59}},"6":{"start":{"line":26,"column":47},"end":{"line":26,"column":59}},"7":{"start":{"line":28,"column":22},"end":{"line":28,"column":33}},"8":{"start":{"line":29,"column":19},"end":{"line":29,"column":41}},"9":{"start":{"line":30,"column":17},"end":{"line":30,"column":18}},"10":{"start":{"line":32,"column":6},"end":{"line":45,"column":null}},"11":{"start":{"line":33,"column":8},"end":{"line":33,"column":20}},"12":{"start":{"line":34,"column":8},"end":{"line":34,"column":44}},"13":{"start":{"line":36,"column":8},"end":{"line":36,"column":87}},"14":{"start":{"line":36,"column":54},"end":{"line":36,"column":87}},"15":{"start":{"line":37,"column":8},"end":{"line":37,"column":86}},"16":{"start":{"line":37,"column":54},"end":{"line":37,"column":86}},"17":{"start":{"line":38,"column":8},"end":{"line":42,"column":48}},"18":{"start":{"line":42,"column":10},"end":{"line":42,"column":48}},"19":{"start":{"line":43,"column":8},"end":{"line":44,"column":25}},"20":{"start":{"line":43,"column":48},"end":{"line":43,"column":60}},"21":{"start":{"line":44,"column":13},"end":{"line":44,"column":25}},"22":{"start":{"line":47,"column":28},"end":{"line":47,"column":33}},"23":{"start":{"line":48,"column":24},"end":{"line":48,"column":26}},"24":{"start":{"line":49,"column":6},"end":{"line":78,"column":null}},"25":{"start":{"line":51,"column":8},"end":{"line":51,"column":44}},"26":{"start":{"line":52,"column":25},"end":{"line":52,"column":50}},"27":{"start":{"line":54,"column":8},"end":{"line":54,"column":65}},"28":{"start":{"line":54,"column":56},"end":{"line":54,"column":65}},"29":{"start":{"line":56,"column":8},"end":{"line":62,"column":null}},"30":{"start":{"line":57,"column":10},"end":{"line":60,"column":null}},"31":{"start":{"line":58,"column":12},"end":{"line":58,"column":35}},"32":{"start":{"line":59,"column":12},"end":{"line":59,"column":21}},"33":{"start":{"line":61,"column":10},"end":{"line":61,"column":57}},"34":{"start":{"line":61,"column":51},"end":{"line":61,"column":57}},"35":{"start":{"line":64,"column":8},"end":{"line":64,"column":100}},"36":{"start":{"line":64,"column":94},"end":{"line":64,"column":100}},"37":{"start":{"line":65,"column":8},"end":{"line":65,"column":91}},"38":{"start":{"line":65,"column":85},"end":{"line":65,"column":91}},"39":{"start":{"line":66,"column":8},"end":{"line":74,"column":16}},"40":{"start":{"line":74,"column":10},"end":{"line":74,"column":16}},"41":{"start":{"line":76,"column":8},"end":{"line":76,"column":36}},"42":{"start":{"line":77,"column":8},"end":{"line":77,"column":17}},"43":{"start":{"line":80,"column":6},"end":{"line":80,"column":84}},"44":{"start":{"line":80,"column":72},"end":{"line":80,"column":84}},"45":{"start":{"line":81,"column":6},"end":{"line":81,"column":84}},"46":{"start":{"line":81,"column":72},"end":{"line":81,"column":84}},"47":{"start":{"line":82,"column":6},"end":{"line":82,"column":84}},"48":{"start":{"line":82,"column":72},"end":{"line":82,"column":84}},"49":{"start":{"line":83,"column":6},"end":{"line":83,"column":84}},"50":{"start":{"line":83,"column":72},"end":{"line":83,"column":84}},"51":{"start":{"line":84,"column":6},"end":{"line":84,"column":84}},"52":{"start":{"line":84,"column":72},"end":{"line":84,"column":84}},"53":{"start":{"line":85,"column":6},"end":{"line":85,"column":84}},"54":{"start":{"line":85,"column":72},"end":{"line":85,"column":84}},"55":{"start":{"line":87,"column":6},"end":{"line":87,"column":55}},"56":{"start":{"line":87,"column":43},"end":{"line":87,"column":55}},"57":{"start":{"line":89,"column":6},"end":{"line":94,"column":null}},"58":{"start":{"line":91,"column":51},"end":{"line":91,"column":86}},"59":{"start":{"line":93,"column":8},"end":{"line":93,"column":22}},"60":{"start":{"line":96,"column":4},"end":{"line":96,"column":16}},"61":{"start":{"line":101,"column":29},"end":{"line":104,"column":2}},"62":{"start":{"line":105,"column":29},"end":{"line":108,"column":2}},"63":{"start":{"line":109,"column":31},"end":{"line":112,"column":2}},"64":{"start":{"line":113,"column":25},"end":{"line":116,"column":2}},"65":{"start":{"line":117,"column":24},"end":{"line":120,"column":2}},"66":{"start":{"line":121,"column":32},"end":{"line":125,"column":2}},"67":{"start":{"line":126,"column":35},"end":{"line":130,"column":2}},"68":{"start":{"line":131,"column":35},"end":{"line":135,"column":2}},"69":{"start":{"line":136,"column":35},"end":{"line":140,"column":2}},"70":{"start":{"line":141,"column":32},"end":{"line":145,"column":2}},"71":{"start":{"line":146,"column":29},"end":{"line":150,"column":2}},"72":{"start":{"line":152,"column":26},"end":{"line":157,"column":2}},"73":{"start":{"line":159,"column":25},"end":{"line":164,"column":2}},"74":{"start":{"line":165,"column":23},"end":{"line":170,"column":2}},"75":{"start":{"line":171,"column":23},"end":{"line":176,"column":2}},"76":{"start":{"line":177,"column":25},"end":{"line":182,"column":2}},"77":{"start":{"line":183,"column":24},"end":{"line":188,"column":2}},"78":{"start":{"line":189,"column":22},"end":{"line":194,"column":2}},"79":{"start":{"line":195,"column":21},"end":{"line":200,"column":2}},"80":{"start":{"line":201,"column":23},"end":{"line":206,"column":2}},"81":{"start":{"line":207,"column":28},"end":{"line":212,"column":2}},"82":{"start":{"line":213,"column":23},"end":{"line":218,"column":2}},"83":{"start":{"line":219,"column":25},"end":{"line":224,"column":2}},"84":{"start":{"line":225,"column":23},"end":{"line":230,"column":2}},"85":{"start":{"line":232,"column":25},"end":{"line":237,"column":2}},"86":{"start":{"line":238,"column":22},"end":{"line":245,"column":2}},"87":{"start":{"line":246,"column":22},"end":{"line":253,"column":2}},"88":{"start":{"line":254,"column":22},"end":{"line":261,"column":2}},"89":{"start":{"line":262,"column":22},"end":{"line":269,"column":2}},"90":{"start":{"line":270,"column":22},"end":{"line":277,"column":2}},"91":{"start":{"line":278,"column":22},"end":{"line":285,"column":2}},"92":{"start":{"line":286,"column":25},"end":{"line":293,"column":2}},"93":{"start":{"line":294,"column":27},"end":{"line":299,"column":2}},"94":{"start":{"line":300,"column":27},"end":{"line":305,"column":2}},"95":{"start":{"line":307,"column":25},"end":{"line":312,"column":2}},"96":{"start":{"line":313,"column":25},"end":{"line":318,"column":2}},"97":{"start":{"line":319,"column":25},"end":{"line":324,"column":2}},"98":{"start":{"line":325,"column":25},"end":{"line":330,"column":2}},"99":{"start":{"line":331,"column":27},"end":{"line":336,"column":2}},"100":{"start":{"line":337,"column":27},"end":{"line":342,"column":2}},"101":{"start":{"line":343,"column":24},"end":{"line":348,"column":2}},"102":{"start":{"line":349,"column":27},"end":{"line":353,"column":2}},"103":{"start":{"line":354,"column":25},"end":{"line":359,"column":2}},"104":{"start":{"line":360,"column":24},"end":{"line":365,"column":2}},"105":{"start":{"line":366,"column":28},"end":{"line":371,"column":2}},"106":{"start":{"line":372,"column":29},"end":{"line":378,"column":2}},"107":{"start":{"line":380,"column":35},"end":{"line":385,"column":2}},"108":{"start":{"line":386,"column":35},"end":{"line":391,"column":2}},"109":{"start":{"line":392,"column":34},"end":{"line":397,"column":2}},"110":{"start":{"line":398,"column":37},"end":{"line":403,"column":2}},"111":{"start":{"line":404,"column":42},"end":{"line":409,"column":2}},"112":{"start":{"line":410,"column":45},"end":{"line":415,"column":2}},"113":{"start":{"line":416,"column":40},"end":{"line":421,"column":2}},"114":{"start":{"line":422,"column":37},"end":{"line":427,"column":2}},"115":{"start":{"line":428,"column":32},"end":{"line":433,"column":2}},"116":{"start":{"line":434,"column":31},"end":{"line":439,"column":2}},"117":{"start":{"line":440,"column":29},"end":{"line":444,"column":2}},"118":{"start":{"line":445,"column":22},"end":{"line":450,"column":2}},"119":{"start":{"line":451,"column":24},"end":{"line":456,"column":2}},"120":{"start":{"line":457,"column":22},"end":{"line":462,"column":2}},"121":{"start":{"line":463,"column":22},"end":{"line":468,"column":2}},"122":{"start":{"line":469,"column":22},"end":{"line":475,"column":2}},"123":{"start":{"line":476,"column":22},"end":{"line":481,"column":2}},"124":{"start":{"line":482,"column":22},"end":{"line":487,"column":2}},"125":{"start":{"line":488,"column":24},"end":{"line":493,"column":2}},"126":{"start":{"line":494,"column":31},"end":{"line":498,"column":2}},"127":{"start":{"line":500,"column":24},"end":{"line":506,"column":2}},"128":{"start":{"line":507,"column":24},"end":{"line":513,"column":2}},"129":{"start":{"line":514,"column":29},"end":{"line":520,"column":2}},"130":{"start":{"line":521,"column":26},"end":{"line":527,"column":2}},"131":{"start":{"line":528,"column":22},"end":{"line":534,"column":2}},"132":{"start":{"line":535,"column":24},"end":{"line":541,"column":2}},"133":{"start":{"line":542,"column":24},"end":{"line":548,"column":2}},"134":{"start":{"line":549,"column":24},"end":{"line":555,"column":2}},"135":{"start":{"line":557,"column":23},"end":{"line":561,"column":2}},"136":{"start":{"line":563,"column":29},"end":{"line":567,"column":2}},"137":{"start":{"line":569,"column":22},"end":{"line":654,"column":2}}},"fnMap":{"0":{"name":"(anonymous_0)","decl":{"start":{"line":5,"column":20},"end":{"line":5,"column":21}},"loc":{"start":{"line":5,"column":47},"end":{"line":98,"column":1}}},"1":{"name":"(anonymous_1)","decl":{"start":{"line":7,"column":9},"end":{"line":7,"column":null}},"loc":{"start":{"line":14,"column":41},"end":{"line":97,"column":3}}}},"branchMap":{"0":{"loc":{"start":{"line":17,"column":4},"end":{"line":95,"column":null}},"type":"if","locations":[{"start":{"line":17,"column":4},"end":{"line":95,"column":null}}]},"1":{"loc":{"start":{"line":18,"column":6},"end":{"line":19,"column":74}},"type":"binary-expr","locations":[{"start":{"line":18,"column":6},"end":{"line":18,"column":24}},{"start":{"line":19,"column":7},"end":{"line":19,"column":38}},{"start":{"line":19,"column":42},"end":{"line":19,"column":73}}]},"2":{"loc":{"start":{"line":23,"column":8},"end":{"line":25,"column":36}},"type":"binary-expr","locations":[{"start":{"line":23,"column":8},"end":{"line":23,"column":39}},{"start":{"line":24,"column":8},"end":{"line":24,"column":36}},{"start":{"line":25,"column":8},"end":{"line":25,"column":36}}]},"3":{"loc":{"start":{"line":26,"column":6},"end":{"line":26,"column":59}},"type":"if","locations":[{"start":{"line":26,"column":6},"end":{"line":26,"column":59}}]},"4":{"loc":{"start":{"line":26,"column":10},"end":{"line":26,"column":45}},"type":"binary-expr","locations":[{"start":{"line":26,"column":10},"end":{"line":26,"column":23}},{"start":{"line":26,"column":27},"end":{"line":26,"column":45}}]},"5":{"loc":{"start":{"line":32,"column":6},"end":{"line":45,"column":null}},"type":"if","locations":[{"start":{"line":32,"column":6},"end":{"line":45,"column":null}}]},"6":{"loc":{"start":{"line":36,"column":8},"end":{"line":36,"column":87}},"type":"if","locations":[{"start":{"line":36,"column":8},"end":{"line":36,"column":87}}]},"7":{"loc":{"start":{"line":36,"column":12},"end":{"line":36,"column":52}},"type":"binary-expr","locations":[{"start":{"line":36,"column":12},"end":{"line":36,"column":30}},{"start":{"line":36,"column":34},"end":{"line":36,"column":52}}]},"8":{"loc":{"start":{"line":37,"column":8},"end":{"line":37,"column":86}},"type":"if","locations":[{"start":{"line":37,"column":8},"end":{"line":37,"column":86}}]},"9":{"loc":{"start":{"line":37,"column":12},"end":{"line":37,"column":52}},"type":"binary-expr","locations":[{"start":{"line":37,"column":12},"end":{"line":37,"column":30}},{"start":{"line":37,"column":34},"end":{"line":37,"column":52}}]},"10":{"loc":{"start":{"line":38,"column":8},"end":{"line":42,"column":48}},"type":"if","locations":[{"start":{"line":38,"column":8},"end":{"line":42,"column":48}}]},"11":{"loc":{"start":{"line":39,"column":10},"end":{"line":40,"column":73}},"type":"binary-expr","locations":[{"start":{"line":39,"column":11},"end":{"line":39,"column":29}},{"start":{"line":39,"column":33},"end":{"line":39,"column":51}},{"start":{"line":40,"column":10},"end":{"line":40,"column":73}}]},"12":{"loc":{"start":{"line":40,"column":12},"end":{"line":40,"column":72}},"type":"binary-expr","locations":[{"start":{"line":40,"column":12},"end":{"line":40,"column":40}},{"start":{"line":40,"column":44},"end":{"line":40,"column":72}}]},"13":{"loc":{"start":{"line":43,"column":8},"end":{"line":44,"column":25}},"type":"if","locations":[{"start":{"line":43,"column":8},"end":{"line":44,"column":25}},{"start":{"line":44,"column":13},"end":{"line":44,"column":25}}]},"14":{"loc":{"start":{"line":54,"column":8},"end":{"line":54,"column":65}},"type":"if","locations":[{"start":{"line":54,"column":8},"end":{"line":54,"column":65}}]},"15":{"loc":{"start":{"line":54,"column":12},"end":{"line":54,"column":54}},"type":"binary-expr","locations":[{"start":{"line":54,"column":12},"end":{"line":54,"column":30}},{"start":{"line":54,"column":34},"end":{"line":54,"column":54}}]},"16":{"loc":{"start":{"line":56,"column":8},"end":{"line":62,"column":null}},"type":"if","locations":[{"start":{"line":56,"column":8},"end":{"line":62,"column":null}}]},"17":{"loc":{"start":{"line":57,"column":10},"end":{"line":60,"column":null}},"type":"if","locations":[{"start":{"line":57,"column":10},"end":{"line":60,"column":null}}]},"18":{"loc":{"start":{"line":57,"column":14},"end":{"line":57,"column":68}},"type":"binary-expr","locations":[{"start":{"line":57,"column":14},"end":{"line":57,"column":32}},{"start":{"line":57,"column":36},"end":{"line":57,"column":48}},{"start":{"line":57,"column":52},"end":{"line":57,"column":68}}]},"19":{"loc":{"start":{"line":61,"column":10},"end":{"line":61,"column":57}},"type":"if","locations":[{"start":{"line":61,"column":10},"end":{"line":61,"column":57}}]},"20":{"loc":{"start":{"line":61,"column":16},"end":{"line":61,"column":48}},"type":"binary-expr","locations":[{"start":{"line":61,"column":16},"end":{"line":61,"column":30}},{"start":{"line":61,"column":34},"end":{"line":61,"column":48}}]},"21":{"loc":{"start":{"line":64,"column":8},"end":{"line":64,"column":100}},"type":"if","locations":[{"start":{"line":64,"column":8},"end":{"line":64,"column":100}}]},"22":{"loc":{"start":{"line":64,"column":12},"end":{"line":64,"column":92}},"type":"binary-expr","locations":[{"start":{"line":64,"column":12},"end":{"line":64,"column":45}},{"start":{"line":64,"column":49},"end":{"line":64,"column":92}}]},"23":{"loc":{"start":{"line":64,"column":51},"end":{"line":64,"column":91}},"type":"binary-expr","locations":[{"start":{"line":64,"column":51},"end":{"line":64,"column":69}},{"start":{"line":64,"column":73},"end":{"line":64,"column":91}}]},"24":{"loc":{"start":{"line":65,"column":8},"end":{"line":65,"column":91}},"type":"if","locations":[{"start":{"line":65,"column":8},"end":{"line":65,"column":91}}]},"25":{"loc":{"start":{"line":65,"column":12},"end":{"line":65,"column":83}},"type":"binary-expr","locations":[{"start":{"line":65,"column":12},"end":{"line":65,"column":44}},{"start":{"line":65,"column":48},"end":{"line":65,"column":83}}]},"26":{"loc":{"start":{"line":65,"column":50},"end":{"line":65,"column":82}},"type":"binary-expr","locations":[{"start":{"line":65,"column":50},"end":{"line":65,"column":64}},{"start":{"line":65,"column":68},"end":{"line":65,"column":82}}]},"27":{"loc":{"start":{"line":66,"column":8},"end":{"line":74,"column":16}},"type":"if","locations":[{"start":{"line":66,"column":8},"end":{"line":74,"column":16}}]},"28":{"loc":{"start":{"line":67,"column":10},"end":{"line":71,"column":null}},"type":"binary-expr","locations":[{"start":{"line":67,"column":10},"end":{"line":67,"column":48}},{"start":{"line":68,"column":10},"end":{"line":71,"column":null}}]},"29":{"loc":{"start":{"line":69,"column":12},"end":{"line":71,"column":47}},"type":"binary-expr","locations":[{"start":{"line":69,"column":13},"end":{"line":69,"column":27}},{"start":{"line":69,"column":31},"end":{"line":69,"column":45}},{"start":{"line":70,"column":13},"end":{"line":70,"column":27}},{"start":{"line":70,"column":31},"end":{"line":70,"column":45}},{"start":{"line":71,"column":13},"end":{"line":71,"column":27}},{"start":{"line":71,"column":31},"end":{"line":71,"column":46}}]},"30":{"loc":{"start":{"line":80,"column":6},"end":{"line":80,"column":84}},"type":"if","locations":[{"start":{"line":80,"column":6},"end":{"line":80,"column":84}}]},"31":{"loc":{"start":{"line":80,"column":10},"end":{"line":80,"column":70}},"type":"binary-expr","locations":[{"start":{"line":80,"column":10},"end":{"line":80,"column":38}},{"start":{"line":80,"column":42},"end":{"line":80,"column":70}}]},"32":{"loc":{"start":{"line":81,"column":6},"end":{"line":81,"column":84}},"type":"if","locations":[{"start":{"line":81,"column":6},"end":{"line":81,"column":84}}]},"33":{"loc":{"start":{"line":81,"column":10},"end":{"line":81,"column":70}},"type":"binary-expr","locations":[{"start":{"line":81,"column":10},"end":{"line":81,"column":38}},{"start":{"line":81,"column":42},"end":{"line":81,"column":70}}]},"34":{"loc":{"start":{"line":82,"column":6},"end":{"line":82,"column":84}},"type":"if","locations":[{"start":{"line":82,"column":6},"end":{"line":82,"column":84}}]},"35":{"loc":{"start":{"line":82,"column":10},"end":{"line":82,"column":70}},"type":"binary-expr","locations":[{"start":{"line":82,"column":10},"end":{"line":82,"column":38}},{"start":{"line":82,"column":42},"end":{"line":82,"column":70}}]},"36":{"loc":{"start":{"line":83,"column":6},"end":{"line":83,"column":84}},"type":"if","locations":[{"start":{"line":83,"column":6},"end":{"line":83,"column":84}}]},"37":{"loc":{"start":{"line":83,"column":10},"end":{"line":83,"column":70}},"type":"binary-expr","locations":[{"start":{"line":83,"column":10},"end":{"line":83,"column":38}},{"start":{"line":83,"column":42},"end":{"line":83,"column":70}}]},"38":{"loc":{"start":{"line":84,"column":6},"end":{"line":84,"column":84}},"type":"if","locations":[{"start":{"line":84,"column":6},"end":{"line":84,"column":84}}]},"39":{"loc":{"start":{"line":84,"column":10},"end":{"line":84,"column":70}},"type":"binary-expr","locations":[{"start":{"line":84,"column":10},"end":{"line":84,"column":38}},{"start":{"line":84,"column":42},"end":{"line":84,"column":70}}]},"40":{"loc":{"start":{"line":85,"column":6},"end":{"line":85,"column":84}},"type":"if","locations":[{"start":{"line":85,"column":6},"end":{"line":85,"column":84}}]},"41":{"loc":{"start":{"line":85,"column":10},"end":{"line":85,"column":70}},"type":"binary-expr","locations":[{"start":{"line":85,"column":10},"end":{"line":85,"column":38}},{"start":{"line":85,"column":42},"end":{"line":85,"column":70}}]},"42":{"loc":{"start":{"line":87,"column":6},"end":{"line":87,"column":55}},"type":"if","locations":[{"start":{"line":87,"column":6},"end":{"line":87,"column":55}}]},"43":{"loc":{"start":{"line":89,"column":6},"end":{"line":94,"column":null}},"type":"if","locations":[{"start":{"line":89,"column":6},"end":{"line":94,"column":null}}]}},"s":{"0":0,"1":0,"2":0,"3":0,"4":0,"5":0,"6":0,"7":0,"8":0,"9":0,"10":0,"11":0,"12":0,"13":0,"14":0,"15":0,"16":0,"17":0,"18":0,"19":0,"20":0,"21":0,"22":0,"23":0,"24":0,"25":0,"26":0,"27":0,"28":0,"29":0,"30":0,"31":0,"32":0,"33":0,"34":0,"35":0,"36":0,"37":0,"38":0,"39":0,"40":0,"41":0,"42":0,"43":0,"44":0,"45":0,"46":0,"47":0,"48":0,"49":0,"50":0,"51":0,"52":0,"53":0,"54":0,"55":0,"56":0,"57":0,"58":0,"59":0,"60":0,"61":0,"62":0,"63":0,"64":0,"65":0,"66":0,"67":0,"68":0,"69":0,"70":0,"71":0,"72":0,"73":0,"74":0,"75":0,"76":0,"77":0,"78":0,"79":0,"80":0,"81":0,"82":0,"83":0,"84":0,"85":0,"86":0,"87":0,"88":0,"89":0,"90":0,"91":0,"92":0,"93":0,"94":0,"95":0,"96":0,"97":0,"98":0,"99":0,"100":0,"101":0,"102":0,"103":0,"104":0,"105":0,"106":0,"107":0,"108":0,"109":0,"110":0,"111":0,"112":0,"113":0,"114":0,"115":0,"116":0,"117":0,"118":0,"119":0,"120":0,"121":0,"122":0,"123":0,"124":0,"125":0,"126":0,"127":0,"128":0,"129":0,"130":0,"131":0,"132":0,"133":0,"134":0,"135":0,"136":0,"137":0},"f":{"0":0,"1":0},"b":{"0":[0],"1":[0,0,0],"2":[0,0,0],"3":[0],"4":[0,0],"5":[0],"6":[0],"7":[0,0],"8":[0],"9":[0,0],"10":[0],"11":[0,0,0],"12":[0,0],"13":[0,0],"14":[0],"15":[0,0],"16":[0],"17":[0],"18":[0,0,0],"19":[0],"20":[0,0],"21":[0],"22":[0,0],"23":[0,0],"24":[0],"25":[0,0],"26":[0,0],"27":[0],"28":[0,0],"29":[0,0,0,0,0,0],"30":[0],"31":[0,0],"32":[0],"33":[0,0],"34":[0],"35":[0,0],"36":[0],"37":[0,0],"38":[0],"39":[0,0],"40":[0],"41":[0,0],"42":[0],"43":[0]}}
[...]
4}},"54":{"start":{"line":118,"column":8},"end":{"line":118,"column":29}},"55":{"start":{"line":124,"column":2},"end":{"line":124,"column":69}},"56":{"start":{"line":126,"column":2},"end":{"line":126,"column":67}},"57":{"start":{"line":128,"column":2},"end":{"line":128,"column":16}},"58":{"start":{"line":131,"column":23},"end":{"line":136,"column":1}},"59":{"start":{"line":132,"column":2},"end":{"line":132,"column":32}},"60":{"start":{"line":135,"column":2},"end":{"line":135,"column":16}},"61":{"start":{"line":139,"column":26},"end":{"line":158,"column":1}},"62":{"start":{"line":141,"column":2},"end":{"line":147,"column":null}},"63":{"start":{"line":142,"column":4},"end":{"line":146,"column":7}},"64":{"start":{"line":148,"column":2},"end":{"line":156,"column":5}},"65":{"start":{"line":157,"column":2},"end":{"line":157,"column":16}},"66":{"start":{"line":161,"column":25},"end":{"line":164,"column":1}},"67":{"start":{"line":162,"column":2},"end":{"line":162,"column":37}},"68":{"start":{"line":163,"column":2},"end":{"line":163,"column":16}},"69":{"start":{"line":166,"column":25},"end":{"line":184,"column":1}},"70":{"start":{"line":174,"column":2},"end":{"line":174,"column":64}},"71":{"start":{"line":176,"column":2},"end":{"line":181,"column":5}},"72":{"start":{"line":183,"column":2},"end":{"line":183,"column":16}},"73":{"start":{"line":186,"column":25},"end":{"line":206,"column":1}},"74":{"start":{"line":193,"column":2},"end":{"line":197,"column":null}},"75":{"start":{"line":194,"column":4},"end":{"line":196,"column":70}},"76":{"start":{"line":195,"column":6},"end":{"line":195,"column":67}},"77":{"start":{"line":196,"column":9},"end":{"line":196,"column":70}},"78":{"start":{"line":199,"column":2},"end":{"line":203,"column":5}},"79":{"start":{"line":205,"column":2},"end":{"line":205,"column":16}},"80":{"start":{"line":208,"column":24},"end":{"line":221,"column":1}},"81":{"start":{"line":210,"column":2},"end":{"line":214,"column":null}},"82":{"start":{"line":211,"column":4},"end":{"line":213,"column":69}},"83":{"start":{"line":212,"column":6},"end":{"line":212,"column":65}},"84":{"start":{"line":213,"column":9},"end":{"line":213,"column":69}},"85":{"start":{"line":216,"column":2},"end":{"line":218,"column":4}},"86":{"start":{"line":220,"column":2},"end":{"line":220,"column":16}},"87":{"start":{"line":223,"column":23},"end":{"line":234,"column":1}},"88":{"start":{"line":225,"column":2},"end":{"line":232,"column":5}},"89":{"start":{"line":233,"column":2},"end":{"line":233,"column":16}},"90":{"start":{"line":236,"column":29},"end":{"line":257,"column":1}},"91":{"start":{"line":237,"column":2},"end":{"line":256,"column":5}}},"fnMap":{"0":{"name":"(anonymous_0)","decl":{"start":{"line":4,"column":30},"end":{"line":4,"column":31}},"loc":{"start":{"line":4,"column":93},"end":{"line":7,"column":2}}},"1":{"name":"(anonymous_1)","decl":{"start":{"line":8,"column":29},"end":{"line":8,"column":30}},"loc":{"start":{"line":8,"column":89},"end":{"line":15,"column":1}}},"2":{"name":"(anonymous_2)","decl":{"start":{"line":13,"column":24},"end":{"line":13,"column":25}},"loc":{"start":{"line":13,"column":31},"end":{"line":13,"column":44}}},"3":{"name":"(anonymous_3)","decl":{"start":{"line":17,"column":28},"end":{"line":17,"column":null}},"loc":{"start":{"line":22,"column":16},"end":{"line":35,"column":1}}},"4":{"name":"(anonymous_4)","decl":{"start":{"line":37,"column":28},"end":{"line":37,"column":29}},"loc":{"start":{"line":37,"column":67},"end":{"line":76,"column":1}}},"5":{"name":"(anonymous_5)","decl":{"start":{"line":78,"column":27},"end":{"line":78,"column":28}},"loc":{"start":{"line":78,"column":82},"end":{"line":129,"column":1}}},"6":{"name":"(anonymous_6)","decl":{"start":{"line":116,"column":11},"end":{"line":116,"column":12}},"loc":{"start":{"line":116,"column":23},"end":{"line":119,"column":7}}},"7":{"name":"(anonymous_7)","decl":{"start":{"line":131,"column":23},"end":{"line":131,"column":24}},"loc":{"start":{"line":131,"column":74},"end":{"line":136,"column":1}}},"8":{"name":"(anonymous_8)","decl":{"start":{"line":139,"column":26},"end":{"line":139,"column":27}},"loc":{"start":{"line":139,"column":79},"end":{"line":158,"column":1}}},"9":{"name":"(anonymous_9)","decl":{"start":{"line":161,"column":25},"end":{"line":161,"column":26}},"loc":{"start":{"line":161,"column":79},"end":{"line":164,"column":1}}},"10":{"name":"(anonymous_10)","decl":{"start":{"line":166,"column":25},"end":{"line":166,"column":null}},"loc":{"start":{"line":172,"column":16},"end":{"line":184,"column":1}}},"11":{"name":"(anonymous_11)","decl":{"start":{"line":186,"column":25},"end":{"line":186,"column":null}},"loc":{"start":{"line":191,"column":16},"end":{"line":206,"column":1}}},"12":{"name":"(anonymous_12)","decl":{"start":{"line":208,"column":24},"end":{"line":208,"column":25}},"loc":{"start":{"line":208,"column":93},"end":{"line":221,"column":1}}},"13":{"name":"(anonymous_13)","decl":{"start":{"line":223,"column":23},"end":{"line":223,"column":24}},"loc":{"start":{"line":223,"column":96},"end":{"line":234,"column":1}}},"14":{"name":"(anonymous_14)","decl":{"start":{"line":236,"column":29},"end":{"line":236,"column":30}},"loc":{"start":{"line":236,"column":89},"end":{"line":257,"column":1}}}},"branchMap":{"0":{"loc":{"start":{"line":9,"column":2},"end":{"line":14,"column":7}},"type":"if","locations":[{"start":{"line":9,"column":2},"end":{"line":14,"column":7}},{"start":{"line":11,"column":4},"end":{"line":14,"column":7}}]},"1":{"loc":{"start":{"line":58,"column":2},"end":{"line":73,"column":null}},"type":"if","locations":[{"start":{"line":58,"column":2},"end":{"line":73,"column":null}}]},"2":{"loc":{"start":{"line":61,"column":6},"end":{"line":64,"column":92}},"type":"if","locations":[{"start":{"line":61,"column":6},"end":{"line":64,"column":92}},{"start":{"line":62,"column":11},"end":{"line":64,"column":92}}]},"3":{"loc":{"start":{"line":62,"column":11},"end":{"line":64,"column":92}},"type":"if","locations":[{"start":{"line":62,"column":11},"end":{"line":64,"column":92}},{"start":{"line":63,"column":11},"end":{"line":64,"column":92}}]},"4":{"loc":{"start":{"line":63,"column":11},"end":{"line":64,"column":92}},"type":"if","locations":[{"start":{"line":63,"column":11},"end":{"line":64,"column":92}},{"start":{"line":64,"column":11},"end":{"line":64,"column":92}}]},"5":{"loc":{"start":{"line":64,"column":11},"end":{"line":64,"column":92}},"type":"if","locations":[{"start":{"line":64,"column":11},"end":{"line":64,"column":92}}]},"6":{"loc":{"start":{"line":66,"column":6},"end":{"line":69,"column":89}},"type":"if","locations":[{"start":{"line":66,"column":6},"end":{"line":69,"column":89}},{"start":{"line":68,"column":11},"end":{"line":69,"column":89}}]},"7":{"loc":{"start":{"line":68,"column":11},"end":{"line":69,"column":89}},"type":"if","locations":[{"start":{"line":68,"column":11},"end":{"line":69,"column":89}}]},"8":{"loc":{"start":{"line":90,"column":4},"end":{"line":105,"column":31}},"type":"if","locations":[{"start":{"line":90,"column":4},"end":{"line":105,"column":31}},{"start":{"line":105,"column":11},"end":{"line":105,"column":31}}]},"9":{"loc":{"start":{"line":92,"column":6},"end":{"line":104,"column":60}},"type":"if","locations":[{"start":{"line":92,"column":6},"end":{"line":104,"column":60}},{"start":{"line":94,"column":13},"end":{"line":104,"column":60}}]},"10":{"loc":{"start":{"line":92,"column":10},"end":{"line":92,"column":50}},"type":"binary-expr","locations":[{"start":{"line":92,"column":10},"end":{"line":92,"column":26}},{"start":{"line":92,"column":30},"end":{"line":92,"column":50}}]},"11":{"loc":{"start":{"line":94,"column":13},"end":{"line":104,"column":60}},"type":"if","locations":[{"start":{"line":94,"column":13},"end":{"line":104,"column":60}},{"start":{"line":96,"column":13},"end":{"line":104,"column":60}}]},"12":{"loc":{"start":{"line":94,"column":17},"end":{"line":94,"column":57}},"type":"binary-expr","locations":[{"start":{"line":94,"column":17},"end":{"line":94,"column":33}},{"start":{"line":94,"column":37},"end":{"line":94,"column":57}}]},"13":{"loc":{"start":{"line":96,"column":13},"end":{"line":104,"column":60}},"type":"if","locations":[{"start":{"line":96,"column":13},"end":{"line":104,"column":60}},{"start":{"line":98,"column":13},"end":{"line":104,"column":60}}]},"14":{"loc":{"start":{"line":96,"column":17},"end":{"line":96,"column":57}},"type":"binary-expr","locations":[{"start":{"line":96,"column":17},"end":{"line":96,"column":33}},{"start":{"line":96,"column":37},"end":{"line":96,"column":57}}]},"15":{"loc":{"start":{"line":98,"column":13},"end":{"line":104,"column":60}},"type":"if","locations":[{"start":{"line":98,"column":13},"end":{"line":104,"column":60}},{"start":{"line":100,"column":13},"end":{"line":104,"column":60}}]},"16":{"loc":{"start":{"line":98,"column":17},"end":{"line":98,"column":63}},"type":"binary-expr","locations":[{"start":{"line":98,"column":17},"end":{"line":98,"column":33}},{"start":{"line":98,"column":37},"end":{"line":98,"column":63}}]},"17":{"loc":{"start":{"line":100,"column":13},"end":{"line":104,"column":60}},"type":"if","locations":[{"start":{"line":100,"column":13},"end":{"line":104,"column":60}},{"start":{"line":102,"column":13},"end":{"line":104,"column":60}}]},"18":{"loc":{"start":{"line":100,"column":17},"end":{"line":100,"column":63}},"type":"binary-expr","locations":[{"start":{"line":100,"column":17},"end":{"line":100,"column":33}},{"start":{"line":100,"column":37},"end":{"line":100,"column":63}}]},"19":{"loc":{"start":{"line":102,"column":13},"end":{"line":104,"column":60}},"type":"if","locations":[{"start":{"line":102,"column":13},"end":{"line":104,"column":60}},{"start":{"line":104,"column":13},"end":{"line":104,"column":60}}]},"20":{"loc":{"start":{"line":102,"column":17},"end":{"line":102,"column":65}},"type":"binary-expr","locations":[{"start":{"line":102,"column":17},"end":{"line":102,"column":33}},{"start":{"line":102,"column":37},"end":{"line":102,"column":65}}]},"21":{"loc":{"start":{"line":141,"column":2},"end":{"line":147,"column":null}},"type":"if","locations":[{"start":{"line":141,"column":2},"end":{"line":147,"column":null}}]},"22":{"loc":{"start":{"line":178,"column":4},"end":{"line":178,"column":25}},"type":"cond-expr","locations":[{"start":{"line":178,"column":14},"end":{"line":178,"column":18}},{"start":{"line":178,"column":21},"end":{"line":178,"column":25}}]},"23":{"loc":{"start":{"line":193,"column":2},"end":{"line":197,"column":null}},"type":"if","locations":[{"start":{"line":193,"column":2},"end":{"line":197,"column":null}}]},"24":{"loc":{"start":{"line":194,"column":4},"end":{"line":196,"column":70}},"type":"if","locations":[{"start":{"line":194,"column":4},"end":{"line":196,"column":70}},{"start":{"line":196,"column":9},"end":{"line":196,"column":70}}]},"25":{"loc":{"start":{"line":194,"column":8},"end":{"line":194,"column":89}},"type":"binary-expr","locations":[{"start":{"line":194,"column":8},"end":{"line":194,"column":45}},{"start":{"line":194,"column":49},"end":{"line":194,"column":89}}]},"26":{"loc":{"start":{"line":210,"column":2},"end":{"line":214,"column":null}},"type":"if","locations":[{"start":{"line":210,"column":2},"end":{"line":214,"column":null}}]},"27":{"loc":{"start":{"line":211,"column":4},"end":{"line":213,"column":69}},"type":"if","locations":[{"start":{"line":211,"column":4},"end":{"line":213,"column":69}},{"start":{"line":213,"column":9},"end":{"line":213,"column":69}}]},"28":{"loc":{"start":{"line":236,"column":50},"end":{"line":236,"column":73}},"type":"default-arg","locations":[{"start":{"line":236,"column":69},"end":{"line":236,"column":73}}]},"29":{"loc":{"start":{"line":251,"column":8},"end":{"line":253,"column":10}},"type":"cond-expr","locations":[{"start":{"line":252,"column":8},"end":{"line":252,"column":88}},{"start":{"line":253,"column":8},"end":{"line":253,"column":10}}]},"30":{"loc":{"start":{"line":251,"column":8},"end":{"line":251,"column":58}},"type":"binary-expr","locations":[{"start":{"line":251,"column":8},"end":{"line":251,"column":38}},{"start":{"line":251,"column":42},"end":{"line":251,"column":58}}]}},"s":{"0":0,"1":0,"2":0,"3":0,"4":0,"5":0,"6":0,"7":0,"8":0,"9":0,"10":0,"11":0,"12":0,"13":0,"14":0,"15":0,"16":0,"17":0,"18":0,"19":0,"20":0,"21":0,"22":0,"23":0,"24":0,"25":0,"26":0,"27":0,"28":0,"29":0,"30":0,"31":0,"32":0,"33":0,"34":0,"35":0,"36":0,"37":0,"38":0,"39":0,"40":0,"41":0,"42":0,"43":0,"44":0,"45":0,"46":0,"47":0,"48":0,"49":0,"50":0,"51":0,"52":0,"53":0,"54":0,"55":0,"56":0,"57":0,"58":0,"59":0,"60":0,"61":0,"62":0,"63":0,"64":0,"65":0,"66":0,"67":0,"68":0,"69":0,"70":0,"71":0,"72":0,"73":0,"74":0,"75":0,"76":0,"77":0,"78":0,"79":0,"80":0,"81":0,"82":0,"83":0,"84":0,"85":0,"86":0,"87":0,"88":0,"89":0,"90":0,"91":0},"f":{"0":0,"1":0,"2":0,"3":0,"4":0,"5":0,"6":0,"7":0,"8":0,"9":0,"10":0,"11":0,"12":0,"13":0,"14":0},"b":{"0":[0,0],"1":[0],"2":[0,0],"3":[0,0],"4":[0,0],"5":[0],"6":[0,0],"7":[0],"8":[0,0],"9":[0,0],"10":[0,0],"11":[0,0],"12":[0,0],"13":[0,0],"14":[0,0],"15":[0,0],"16":[0,0],"17":[0,0],"18":[0,0],"19":[0,0],"20":[0,0],"21":[0],"22":[0,0],"23":[0],"24":[0,0],"25":[0,0],"26":[0],"27":[0,0],"28":[0],"29":[0,0],"30":[0,0]}}
,"/Users/spotandjake/Documents/Github/Brisk/src/wasmBuilder/Build/Utils.ts": {"path":"/Users/spotandjake/Documents/Github/Brisk/src/wasmBuilder/Build/Utils.ts","statementMap":{"0":{"start":{"line":1,"column":28},"end":{"line":1,"column":89}},"1":{"start":{"line":1,"column":48},"end":{"line":1,"column":89}},"2":{"start":{"line":3,"column":29},"end":{"line":3,"column":97}},"3":{"start":{"line":3,"column":56},"end":{"line":3,"column":97}},"4":{"start":{"line":3,"column":81},"end":{"line":3,"column":96}},"5":{"start":{"line":4,"column":28},"end":{"line":7,"column":2}},"6":{"start":{"line":4,"column":55},"end":{"line":7,"column":2}},"7":{"start":{"line":8,"column":23},"end":{"line":12,"column":1}},"8":{"start":{"line":9,"column":14},"end":{"line":9,"column":35}},"9":{"start":{"line":10,"column":2},"end":{"line":10,"column":25}},"10":{"start":{"line":11,"column":2},"end":{"line":11,"column":30}},"11":{"start":{"line":13,"column":28},"end":{"line":33,"column":1}},"12":{"start":{"line":14,"column":16},"end":{"line":14,"column":18}},"13":{"start":{"line":15,"column":13},"end":{"line":15,"column":17}},"14":{"start":{"line":16,"column":15},"end":{"line":16,"column":48}},"15":{"start":{"line":17,"column":19},"end":{"line":17,"column":24}},"16":{"start":{"line":18,"column":13},"end":{"line":18,"column":17}},"17":{"start":{"line":19,"column":2},"end":{"line":31,"column":null}},"18":{"start":{"line":20,"column":4},"end":{"line":20,"column":19}},"19":{"start":{"line":21,"column":4},"end":{"line":21,"column":15}},"20":{"start":{"line":22,"column":4},"end":{"line":24,"column":null}},"21":{"start":{"line":23,"column":6},"end":{"line":23,"column":33}},"22":{"start":{"line":25,"column":4},"end":{"line":29,"column":null}},"23":{"start":{"line":26,"column":6},"end":{"line":26,"column":19}},"24":{"start":{"line":28,"column":6},"end":{"line":28,"column":24}},"25":{"start":{"line":30,"column":4},"end":{"line":30,"column":21}},"26":{"start":{"line":32,"column":2},"end":{"line":32,"column":15}},"27":{"start":{"line":34,"column":30},"end":{"line":45,"column":1}},"28":{"start":{"line":35,"column":17},"end":{"line":35,"column":19}},"29":{"start":{"line":36,"column":2},"end":{"line":43,"column":20}},"30":{"start":{"line":37,"column":15},"end":{"line":37,"column":23}},"31":{"start":{"line":38,"column":4},"end":{"line":38,"column":13}},"32":{"start":{"line":39,"column":4},"end":{"line":41,"column":null}},"33":{"start":{"line":40,"column":6},"end":{"line":40,"column":19}},"34":{"start":{"line":42,"column":4},"end":{"line":42,"column":22}},"35":{"start":{"line":44,"column":2},"end":{"line":44,"column":16}}},"fnMap":{"0":{"name":"(anonymous_0)","decl":{"start":{"line":1,"column":28},"end":{"line":1,"column":29}},"loc":{"start":{"line":1,"column":48},"end":{"line":1,"column":89}}},"1":{"name":"(anonymous_1)","decl":{"start":{"line":3,"column":29},"end":{"line":3,"column":30}},"loc":{"start":{"line":3,"column":56},"end":{"line":3,"column":97}}},"2":{"name":"(anonymous_2)","decl":{"start":{"line":3,"column":74},"end":{"line":3,"column":75}},"loc":{"start":{"line":3,"column":81},"end":{"line":3,"column":96}}},"3":{"name":"(anonymous_3)","decl":{"start":{"line":4,"column":28},"end":{"line":4,"column":29}},"loc":{"start":{"line":4,"column":55},"end":{"line":7,"column":2}}},"4":{"name":"(anonymous_4)","decl":{"start":{"line":8,"column":23},"end":{"line":8,"column":24}},"loc":{"start":{"line":8,"column":37},"end":{"line":12,"column":1}}},"5":{"name":"(anonymous_5)","decl":{"start":{"line":13,"column":28},"end":{"line":13,"column":29}},"loc":{"start":{"line":13,"column":52},"end":{"line":33,"column":1}}},"6":{"name":"(anonymous_6)","decl":{"start":{"line":34,"column":30},"end":{"line":34,"column":31}},"loc":{"start":{"line":34,"column":54},"end":{"line":45,"column":1}}}},"branchMap":{"0":{"loc":{"start":{"line":22,"column":4},"end":{"line":24,"column":null}},"type":"if","locations":[{"start":{"line":22,"column":4},"end":{"line":24,"column":null}}]},"1":{"loc":{"start":{"line":25,"column":4},"end":{"line":29,"column":null}},"type":"if","locations":[{"start":{"line":25,"column":4},"end":{"line":29,"column":null}},{"start":{"line":27,"column":11},"end":{"line":29,"column":null}}]},"2":{"loc":{"start":{"line":25,"column":8},"end":{"line":25,"column":76}},"type":"binary-expr","locations":[{"start":{"line":25,"column":9},"end":{"line":25,"column":15}},{"start":{"line":25,"column":19},"end":{"line":25,"column":37}},{"start":{"line":25,"column":43},"end":{"line":25,"column":50}},{"start":{"line":25,"column":54},"end":{"line":25,"column":75}}]},"3":{"loc":{"start":{"line":39,"column":4},"end":{"line":41,"column":null}},"type":"if","locations":[{"start":{"line":39,"column":4},"end":{"line":41,"column":null}}]}},"s":{"0":1,"1":1,"2":1,"3":2,"4":22,"5":1,"6":1,"7":1,"8":21,"9":21,"10":21,"11":1,"12":28,"13":28,"14":28,"15":28,"16":28,"17":28,"18":52,"19":52,"20":52,"21":8,"22":52,"23":28,"24":24,"25":52,"26":28,"27":1,"28":15,"29":15,"30":24,"31":24,"32":24,"33":9,"34":24,"35":15},"f":{"0":1,"1":2,"2":22,"3":1,"4":21,"5":28,"6":15},"b":{"0":[8],"1":[28,24],"2":[52,26,28,4],"3":[9]}}
,"/Users/spotandjake/Documents/Github/Brisk/src/wasmBuilder/Build/WasmTypes.ts": {"path":"/Users/spotandjake/Documents/Github/Brisk/src/wasmBuilder/Build/WasmTypes.ts","statementMap":{"0":{"start":{"line":4,"column":33},"end":{"line":4,"column":72}},"1":{"start":{"line":4,"column":65},"end":{"line":4,"column":72}},"2":{"start":{"line":5,"column":34},"end":{"line":11,"column":2}},"3":{"start":{"line":5,"column":89},"end":{"line":11,"column":2}},"4":{"start":{"line":12,"column":32},"end":{"line":18,"column":1}},"5":{"start":{"line":13,"column":2},"end":{"line":17,"column":4}}},"fnMap":{"0":{"name":"(anonymous_0)","decl":{"start":{"line":4,"column":33},"end":{"line":4,"column":34}},"loc":{"start":{"line":4,"column":65},"end":{"line":4,"column":72}}},"1":{"name":"(anonymous_1)","decl":{"start":{"line":5,"column":34},"end":{"line":5,"column":35}},"loc":{"start":{"line":5,"column":89},"end":{"line":11,"column":2}}},"2":{"name":"(anonymous_2)","decl":{"start":{"line":12,"column":32},"end":{"line":12,"column":33}},"loc":{"start":{"line":12,"column":82},"end":{"line":18,"column":1}}}},"branchMap":{"0":{"loc":{"start":{"line":14,"column":4},"end":{"line":14,"column":40}},"type":"cond-expr","locations":[{"start":{"line":14,"column":29},"end":{"line":14,"column":33}},{"start":{"line":14,"column":36},"end":{"line":14,"column":40}}]},"1":{"loc":{"start":{"line":16,"column":8},"end":{"line":16,"column":67}},"type":"cond-expr","locations":[{"start":{"line":16,"column":33},"end":{"line":16,"column":35}},{"start":{"line":16,"column":38},"end":{"line":16,"column":67}}]}},"s":{"0":0,"1":0,"2":0,"3":0,"4":0,"5":0},"f":{"0":0,"1":0,"2":0},"b":{"0":[0,0],"1":[0,0]}}
}
