{"C:\\Users\\Spota\\OneDrive\\Documents\\GitHub\\Brisk\\Brisk\\src\\Compiler\\index.ts": {"path":"C:\\Users\\Spota\\OneDrive\\Documents\\GitHub\\Brisk\\Brisk\\src\\Compiler\\index.ts","statementMap":{"0":{"start":{"line":10,"column":16},"end":{"line":47,"column":1}},"1":{"start":{"line":17,"column":16},"end":{"line":17,"column":41}},"2":{"start":{"line":19,"column":17},"end":{"line":19,"column":51}},"3":{"start":{"line":21,"column":19},"end":{"line":21,"column":46}},"4":{"start":{"line":23,"column":46},"end":{"line":23,"column":55}},"5":{"start":{"line":24,"column":2},"end":{"line":33,"column":null}},"6":{"start":{"line":25,"column":4},"end":{"line":32,"column":null}},"7":{"start":{"line":27,"column":26},"end":{"line":27,"column":61}},"8":{"start":{"line":29,"column":6},"end":{"line":29,"column":47}},"9":{"start":{"line":31,"column":6},"end":{"line":31,"column":89}},"10":{"start":{"line":35,"column":22},"end":{"line":35,"column":65}},"11":{"start":{"line":37,"column":24},"end":{"line":37,"column":61}},"12":{"start":{"line":39,"column":30},"end":{"line":39,"column":39}},"13":{"start":{"line":41,"column":2},"end":{"line":46,"column":4}}},"fnMap":{"0":{"name":"(anonymous_0)","decl":{"start":{"line":10,"column":16},"end":{"line":10,"column":21}},"loc":{"start":{"line":14,"column":58},"end":{"line":47,"column":1}}}},"branchMap":{"0":{"loc":{"start":{"line":25,"column":4},"end":{"line":32,"column":null}},"type":"if","locations":[{"start":{"line":25,"column":4},"end":{"line":32,"column":null}},{"start":{"line":30,"column":11},"end":{"line":32,"column":null}}]}},"s":{"0":0,"1":0,"2":0,"3":0,"4":0,"5":0,"6":0,"7":0,"8":0,"9":0,"10":0,"11":0,"12":0,"13":0},"f":{"0":0},"b":{"0":[0,0]}}
,"C:\\Users\\Spota\\OneDrive\\Documents\\GitHub\\Brisk\\Brisk\\src\\Compiler\\Analyzer\\index.ts": {"path":"C:\\Users\\Spota\\OneDrive\\Documents\\GitHub\\Brisk\\Brisk\\src\\Compiler\\Analyzer\\index.ts","statementMap":{"0":{"start":{"line":39,"column":20},"end":{"line":44,"column":1}},"1":{"start":{"line":41,"column":2},"end":{"line":41,"column":46}},"2":{"start":{"line":43,"column":2},"end":{"line":43,"column":37}},"3":{"start":{"line":46,"column":20},"end":{"line":855,"column":1}},"4":{"start":{"line":68,"column":6},"end":{"line":68,"column":16}},"5":{"start":{"line":69,"column":23},"end":{"line":75,"column":3}},"6":{"start":{"line":74,"column":4},"end":{"line":74,"column":87}},"7":{"start":{"line":77,"column":2},"end":{"line":854,"column":null}},"8":{"start":{"line":81,"column":33},"end":{"line":81,"column":42}},"9":{"start":{"line":82,"column":33},"end":{"line":82,"column":42}},"10":{"start":{"line":83,"column":37},"end":{"line":83,"column":46}},"11":{"start":{"line":84,"column":29},"end":{"line":84,"column":38}},"12":{"start":{"line":85,"column":38},"end":{"line":85,"column":47}},"13":{"start":{"line":86,"column":35},"end":{"line":86,"column":44}},"14":{"start":{"line":90,"column":24},"end":{"line":90,"column":29}},"15":{"start":{"line":91,"column":6},"end":{"line":115,"column":null}},"16":{"start":{"line":92,"column":8},"end":{"line":105,"column":12}},"17":{"start":{"line":100,"column":10},"end":{"line":105,"column":12}},"18":{"start":{"line":106,"column":8},"end":{"line":106,"column":85}},"19":{"start":{"line":106,"column":64},"end":{"line":106,"column":85}},"20":{"start":{"line":107,"column":8},"end":{"line":113,"column":12}},"21":{"start":{"line":108,"column":10},"end":{"line":113,"column":12}},"22":{"start":{"line":114,"column":8},"end":{"line":114,"column":33}},"23":{"start":{"line":117,"column":6},"end":{"line":132,"column":9}},"24":{"start":{"line":118,"column":8},"end":{"line":131,"column":11}},"25":{"start":{"line":134,"column":6},"end":{"line":141,"column":8}},"26":{"start":{"line":143,"column":6},"end":{"line":143,"column":18}},"27":{"start":{"line":148,"column":6},"end":{"line":154,"column":10}},"28":{"start":{"line":149,"column":8},"end":{"line":154,"column":10}},"29":{"start":{"line":155,"column":6},"end":{"line":155,"column":52}},"30":{"start":{"line":157,"column":6},"end":{"line":157,"column":42}},"31":{"start":{"line":158,"column":6},"end":{"line":172,"column":null}},"32":{"start":{"line":160,"column":8},"end":{"line":160,"column":58}},"33":{"start":{"line":162,"column":8},"end":{"line":171,"column":39}},"34":{"start":{"line":171,"column":10},"end":{"line":171,"column":39}},"35":{"start":{"line":173,"column":6},"end":{"line":173,"column":18}},"36":{"start":{"line":175,"column":6},"end":{"line":192,"column":null}},"37":{"start":{"line":176,"column":8},"end":{"line":185,"column":null}},"38":{"start":{"line":177,"column":10},"end":{"line":183,"column":14}},"39":{"start":{"line":178,"column":12},"end":{"line":183,"column":14}},"40":{"start":{"line":184,"column":10},"end":{"line":184,"column":22}},"41":{"start":{"line":186,"column":8},"end":{"line":191,"column":10}},"42":{"start":{"line":193,"column":6},"end":{"line":193,"column":18}},"43":{"start":{"line":196,"column":38},"end":{"line":196,"column":47}},"44":{"start":{"line":197,"column":35},"end":{"line":197,"column":44}},"45":{"start":{"line":198,"column":24},"end":{"line":198,"column":29}},"46":{"start":{"line":200,"column":32},"end":{"line":200,"column":34}},"47":{"start":{"line":201,"column":6},"end":{"line":223,"column":null}},"48":{"start":{"line":203,"column":30},"end":{"line":211,"column":10}},"49":{"start":{"line":213,"column":8},"end":{"line":213,"column":33}},"50":{"start":{"line":215,"column":8},"end":{"line":222,"column":null}},"51":{"start":{"line":217,"column":10},"end":{"line":219,"column":null}},"52":{"start":{"line":218,"column":12},"end":{"line":218,"column":99}},"53":{"start":{"line":221,"column":10},"end":{"line":221,"column":29}},"54":{"start":{"line":225,"column":6},"end":{"line":225,"column":23}},"55":{"start":{"line":227,"column":6},"end":{"line":232,"column":8}},"56":{"start":{"line":234,"column":6},"end":{"line":234,"column":18}},"57":{"start":{"line":237,"column":6},"end":{"line":241,"column":9}},"58":{"start":{"line":242,"column":24},"end":{"line":258,"column":null}},"59":{"start":{"line":261,"column":6},"end":{"line":261,"column":42}},"60":{"start":{"line":262,"column":6},"end":{"line":262,"column":18}},"61":{"start":{"line":266,"column":6},"end":{"line":266,"column":60}},"62":{"start":{"line":268,"column":24},"end":{"line":284,"column":null}},"63":{"start":{"line":287,"column":6},"end":{"line":287,"column":42}},"64":{"start":{"line":289,"column":6},"end":{"line":289,"column":18}},"65":{"start":{"line":293,"column":6},"end":{"line":293,"column":44}},"66":{"start":{"line":295,"column":6},"end":{"line":378,"column":null}},"67":{"start":{"line":297,"column":8},"end":{"line":315,"column":null}},"68":{"start":{"line":298,"column":10},"end":{"line":314,"column":null}},"69":{"start":{"line":299,"column":12},"end":{"line":299,"column":100}},"70":{"start":{"line":301,"column":12},"end":{"line":307,"column":16}},"71":{"start":{"line":302,"column":14},"end":{"line":307,"column":16}},"72":{"start":{"line":308,"column":12},"end":{"line":313,"column":15}},"73":{"start":{"line":316,"column":8},"end":{"line":316,"column":20}},"74":{"start":{"line":317,"column":13},"end":{"line":378,"column":null}},"75":{"start":{"line":323,"column":25},"end":{"line":323,"column":52}},"76":{"start":{"line":324,"column":8},"end":{"line":324,"column":56}},"77":{"start":{"line":326,"column":8},"end":{"line":332,"column":12}},"78":{"start":{"line":327,"column":10},"end":{"line":332,"column":12}},"79":{"start":{"line":334,"column":8},"end":{"line":345,"column":11}},"80":{"start":{"line":349,"column":10},"end":{"line":349,"column":93}},"81":{"start":{"line":351,"column":27},"end":{"line":351,"column":62}},"82":{"start":{"line":352,"column":8},"end":{"line":352,"column":64}},"83":{"start":{"line":354,"column":8},"end":{"line":360,"column":12}},"84":{"start":{"line":355,"column":10},"end":{"line":360,"column":12}},"85":{"start":{"line":362,"column":8},"end":{"line":373,"column":11}},"86":{"start":{"line":375,"column":8},"end":{"line":377,"column":62}},"87":{"start":{"line":376,"column":10},"end":{"line":376,"column":54}},"88":{"start":{"line":377,"column":13},"end":{"line":377,"column":62}},"89":{"start":{"line":380,"column":6},"end":{"line":380,"column":18}},"90":{"start":{"line":385,"column":6},"end":{"line":385,"column":48}},"91":{"start":{"line":387,"column":24},"end":{"line":403,"column":null}},"92":{"start":{"line":406,"column":6},"end":{"line":406,"column":38}},"93":{"start":{"line":408,"column":6},"end":{"line":408,"column":44}},"94":{"start":{"line":409,"column":6},"end":{"line":409,"column":18}},"95":{"start":{"line":413,"column":6},"end":{"line":413,"column":44}},"96":{"start":{"line":416,"column":6},"end":{"line":416,"column":42}},"97":{"start":{"line":417,"column":6},"end":{"line":417,"column":67}},"98":{"start":{"line":417,"column":55},"end":{"line":417,"column":67}},"99":{"start":{"line":419,"column":27},"end":{"line":419,"column":61}},"100":{"start":{"line":420,"column":6},"end":{"line":426,"column":10}},"101":{"start":{"line":421,"column":8},"end":{"line":426,"column":10}},"102":{"start":{"line":427,"column":6},"end":{"line":427,"column":18}},"103":{"start":{"line":430,"column":6},"end":{"line":430,"column":78}},"104":{"start":{"line":430,"column":28},"end":{"line":430,"column":78}},"105":{"start":{"line":431,"column":6},"end":{"line":431,"column":18}},"106":{"start":{"line":435,"column":35},"end":{"line":435,"column":44}},"107":{"start":{"line":437,"column":6},"end":{"line":446,"column":null}},"108":{"start":{"line":438,"column":8},"end":{"line":445,"column":11}},"109":{"start":{"line":439,"column":10},"end":{"line":444,"column":13}},"110":{"start":{"line":448,"column":36},"end":{"line":448,"column":45}},"111":{"start":{"line":449,"column":6},"end":{"line":458,"column":null}},"112":{"start":{"line":450,"column":8},"end":{"line":456,"column":12}},"113":{"start":{"line":451,"column":10},"end":{"line":456,"column":12}},"114":{"start":{"line":457,"column":8},"end":{"line":457,"column":41}},"115":{"start":{"line":460,"column":6},"end":{"line":467,"column":9}},"116":{"start":{"line":461,"column":8},"end":{"line":466,"column":11}},"117":{"start":{"line":470,"column":6},"end":{"line":480,"column":8}},"118":{"start":{"line":482,"column":6},"end":{"line":505,"column":8}},"119":{"start":{"line":507,"column":6},"end":{"line":509,"column":8}},"120":{"start":{"line":510,"column":6},"end":{"line":510,"column":18}},"121":{"start":{"line":514,"column":6},"end":{"line":519,"column":null}},"122":{"start":{"line":515,"column":8},"end":{"line":518,"column":48}},"123":{"start":{"line":516,"column":10},"end":{"line":516,"column":82}},"124":{"start":{"line":516,"column":55},"end":{"line":516,"column":80}},"125":{"start":{"line":517,"column":13},"end":{"line":518,"column":48}},"126":{"start":{"line":518,"column":10},"end":{"line":518,"column":48}},"127":{"start":{"line":520,"column":6},"end":{"line":520,"column":18}},"128":{"start":{"line":524,"column":6},"end":{"line":524,"column":40}},"129":{"start":{"line":525,"column":6},"end":{"line":525,"column":40}},"130":{"start":{"line":526,"column":6},"end":{"line":526,"column":18}},"131":{"start":{"line":528,"column":6},"end":{"line":528,"column":56}},"132":{"start":{"line":531,"column":6},"end":{"line":531,"column":44}},"133":{"start":{"line":532,"column":6},"end":{"line":532,"column":18}},"134":{"start":{"line":535,"column":6},"end":{"line":535,"column":46}},"135":{"start":{"line":537,"column":6},"end":{"line":537,"column":72}},"136":{"start":{"line":537,"column":53},"end":{"line":537,"column":70}},"137":{"start":{"line":538,"column":6},"end":{"line":538,"column":18}},"138":{"start":{"line":540,"column":6},"end":{"line":540,"column":60}},"139":{"start":{"line":540,"column":41},"end":{"line":540,"column":58}},"140":{"start":{"line":541,"column":6},"end":{"line":541,"column":18}},"141":{"start":{"line":552,"column":6},"end":{"line":552,"column":18}},"142":{"start":{"line":555,"column":39},"end":{"line":555,"column":48}},"143":{"start":{"line":556,"column":38},"end":{"line":556,"column":47}},"144":{"start":{"line":557,"column":35},"end":{"line":557,"column":44}},"145":{"start":{"line":559,"column":26},"end":{"line":559,"column":31}},"146":{"start":{"line":560,"column":6},"end":{"line":569,"column":null}},"147":{"start":{"line":561,"column":8},"end":{"line":568,"column":12}},"148":{"start":{"line":561,"column":28},"end":{"line":561,"column":49}},"149":{"start":{"line":562,"column":13},"end":{"line":568,"column":12}},"150":{"start":{"line":563,"column":10},"end":{"line":568,"column":12}},"151":{"start":{"line":571,"column":6},"end":{"line":583,"column":null}},"152":{"start":{"line":572,"column":8},"end":{"line":582,"column":11}},"153":{"start":{"line":573,"column":10},"end":{"line":581,"column":13}},"154":{"start":{"line":585,"column":6},"end":{"line":593,"column":9}},"155":{"start":{"line":595,"column":6},"end":{"line":605,"column":9}},"156":{"start":{"line":596,"column":8},"end":{"line":604,"column":11}},"157":{"start":{"line":607,"column":6},"end":{"line":615,"column":9}},"158":{"start":{"line":617,"column":24},"end":{"line":617,"column":29}},"159":{"start":{"line":618,"column":6},"end":{"line":624,"column":null}},"160":{"start":{"line":620,"column":8},"end":{"line":620,"column":50}},"161":{"start":{"line":621,"column":13},"end":{"line":624,"column":null}},"162":{"start":{"line":623,"column":8},"end":{"line":623,"column":27}},"163":{"start":{"line":626,"column":6},"end":{"line":632,"column":8}},"164":{"start":{"line":634,"column":6},"end":{"line":634,"column":18}},"165":{"start":{"line":638,"column":6},"end":{"line":641,"column":9}},"166":{"start":{"line":639,"column":8},"end":{"line":640,"column":42}},"167":{"start":{"line":639,"column":54},"end":{"line":639,"column":89}},"168":{"start":{"line":640,"column":13},"end":{"line":640,"column":42}},"169":{"start":{"line":643,"column":6},"end":{"line":643,"column":18}},"170":{"start":{"line":647,"column":60},"end":{"line":647,"column":62}},"171":{"start":{"line":648,"column":6},"end":{"line":659,"column":null}},"172":{"start":{"line":650,"column":8},"end":{"line":651,"column":63}},"173":{"start":{"line":650,"column":52},"end":{"line":650,"column":92}},"174":{"start":{"line":651,"column":13},"end":{"line":651,"column":63}},"175":{"start":{"line":653,"column":8},"end":{"line":657,"column":98}},"176":{"start":{"line":655,"column":29},"end":{"line":655,"column":87}},"177":{"start":{"line":657,"column":10},"end":{"line":657,"column":98}},"178":{"start":{"line":658,"column":8},"end":{"line":658,"column":27}},"179":{"start":{"line":660,"column":6},"end":{"line":660,"column":27}},"180":{"start":{"line":661,"column":6},"end":{"line":661,"column":18}},"181":{"start":{"line":667,"column":35},"end":{"line":667,"column":44}},"182":{"start":{"line":669,"column":6},"end":{"line":679,"column":8}},"183":{"start":{"line":681,"column":6},"end":{"line":690,"column":null}},"184":{"start":{"line":682,"column":8},"end":{"line":689,"column":11}},"185":{"start":{"line":683,"column":10},"end":{"line":688,"column":13}},"186":{"start":{"line":692,"column":6},"end":{"line":697,"column":9}},"187":{"start":{"line":699,"column":6},"end":{"line":699,"column":56}},"188":{"start":{"line":701,"column":6},"end":{"line":703,"column":8}},"189":{"start":{"line":704,"column":6},"end":{"line":704,"column":18}},"190":{"start":{"line":707,"column":6},"end":{"line":707,"column":18}},"191":{"start":{"line":710,"column":6},"end":{"line":710,"column":64}},"192":{"start":{"line":710,"column":44},"end":{"line":710,"column":62}},"193":{"start":{"line":711,"column":6},"end":{"line":711,"column":18}},"194":{"start":{"line":714,"column":6},"end":{"line":714,"column":63}},"195":{"start":{"line":714,"column":23},"end":{"line":714,"column":63}},"196":{"start":{"line":716,"column":6},"end":{"line":716,"column":44}},"197":{"start":{"line":717,"column":6},"end":{"line":717,"column":18}},"198":{"start":{"line":719,"column":6},"end":{"line":719,"column":44}},"199":{"start":{"line":720,"column":6},"end":{"line":720,"column":18}},"200":{"start":{"line":723,"column":35},"end":{"line":723,"column":44}},"201":{"start":{"line":725,"column":6},"end":{"line":734,"column":null}},"202":{"start":{"line":726,"column":8},"end":{"line":733,"column":11}},"203":{"start":{"line":727,"column":10},"end":{"line":732,"column":13}},"204":{"start":{"line":736,"column":6},"end":{"line":743,"column":8}},"205":{"start":{"line":737,"column":8},"end":{"line":742,"column":10}},"206":{"start":{"line":745,"column":6},"end":{"line":750,"column":9}},"207":{"start":{"line":752,"column":6},"end":{"line":754,"column":8}},"208":{"start":{"line":756,"column":6},"end":{"line":756,"column":18}},"209":{"start":{"line":760,"column":34},"end":{"line":760,"column":43}},"210":{"start":{"line":761,"column":6},"end":{"line":767,"column":9}},"211":{"start":{"line":762,"column":8},"end":{"line":763,"column":98}},"212":{"start":{"line":763,"column":10},"end":{"line":763,"column":98}},"213":{"start":{"line":764,"column":8},"end":{"line":764,"column":56}},"214":{"start":{"line":765,"column":8},"end":{"line":765,"column":31}},"215":{"start":{"line":766,"column":8},"end":{"line":766,"column":21}},"216":{"start":{"line":768,"column":6},"end":{"line":768,"column":18}},"217":{"start":{"line":771,"column":6},"end":{"line":775,"column":9}},"218":{"start":{"line":776,"column":6},"end":{"line":776,"column":18}},"219":{"start":{"line":779,"column":6},"end":{"line":779,"column":78}},"220":{"start":{"line":779,"column":28},"end":{"line":779,"column":78}},"221":{"start":{"line":781,"column":6},"end":{"line":791,"column":8}},"222":{"start":{"line":792,"column":6},"end":{"line":792,"column":18}},"223":{"start":{"line":796,"column":6},"end":{"line":800,"column":9}},"224":{"start":{"line":802,"column":6},"end":{"line":806,"column":null}},"225":{"start":{"line":803,"column":8},"end":{"line":804,"column":58}},"226":{"start":{"line":804,"column":10},"end":{"line":804,"column":58}},"227":{"start":{"line":805,"column":8},"end":{"line":805,"column":37}},"228":{"start":{"line":808,"column":6},"end":{"line":808,"column":18}},"229":{"start":{"line":812,"column":6},"end":{"line":812,"column":46}},"230":{"start":{"line":814,"column":6},"end":{"line":814,"column":50}},"231":{"start":{"line":817,"column":6},"end":{"line":817,"column":69}},"232":{"start":{"line":817,"column":25},"end":{"line":817,"column":69}},"233":{"start":{"line":819,"column":6},"end":{"line":819,"column":18}},"234":{"start":{"line":821,"column":6},"end":{"line":827,"column":null}},"235":{"start":{"line":822,"column":8},"end":{"line":826,"column":10}},"236":{"start":{"line":829,"column":6},"end":{"line":829,"column":52}},"237":{"start":{"line":832,"column":24},"end":{"line":848,"column":null}},"238":{"start":{"line":851,"column":6},"end":{"line":851,"column":38}},"239":{"start":{"line":852,"column":6},"end":{"line":852,"column":18}},"240":{"start":{"line":857,"column":23},"end":{"line":874,"column":1}},"241":{"start":{"line":858,"column":2},"end":{"line":873,"column":4}}},"fnMap":{"0":{"name":"(anonymous_0)","decl":{"start":{"line":39,"column":20},"end":{"line":39,"column":21}},"loc":{"start":{"line":39,"column":80},"end":{"line":44,"column":1}}},"1":{"name":"(anonymous_1)","decl":{"start":{"line":46,"column":20},"end":{"line":46,"column":null}},"loc":{"start":{"line":54,"column":7},"end":{"line":855,"column":1}}},"2":{"name":"(anonymous_2)","decl":{"start":{"line":69,"column":23},"end":{"line":69,"column":null}},"loc":{"start":{"line":73,"column":10},"end":{"line":75,"column":3}}},"3":{"name":"(anonymous_3)","decl":{"start":{"line":117,"column":32},"end":{"line":117,"column":33}},"loc":{"start":{"line":117,"column":53},"end":{"line":132,"column":7}}},"4":{"name":"(anonymous_4)","decl":{"start":{"line":438,"column":50},"end":{"line":438,"column":51}},"loc":{"start":{"line":438,"column":66},"end":{"line":445,"column":9}}},"5":{"name":"(anonymous_5)","decl":{"start":{"line":460,"column":40},"end":{"line":460,"column":41}},"loc":{"start":{"line":460,"column":52},"end":{"line":467,"column":7}}},"6":{"name":"(anonymous_6)","decl":{"start":{"line":516,"column":38},"end":{"line":516,"column":39}},"loc":{"start":{"line":516,"column":55},"end":{"line":516,"column":80}}},"7":{"name":"(anonymous_7)","decl":{"start":{"line":537,"column":32},"end":{"line":537,"column":33}},"loc":{"start":{"line":537,"column":53},"end":{"line":537,"column":70}}},"8":{"name":"(anonymous_8)","decl":{"start":{"line":540,"column":32},"end":{"line":540,"column":33}},"loc":{"start":{"line":540,"column":41},"end":{"line":540,"column":58}}},"9":{"name":"(anonymous_9)","decl":{"start":{"line":572,"column":50},"end":{"line":572,"column":51}},"loc":{"start":{"line":572,"column":66},"end":{"line":582,"column":9}}},"10":{"name":"(anonymous_10)","decl":{"start":{"line":595,"column":36},"end":{"line":595,"column":37}},"loc":{"start":{"line":595,"column":46},"end":{"line":605,"column":7}}},"11":{"name":"(anonymous_11)","decl":{"start":{"line":638,"column":40},"end":{"line":638,"column":41}},"loc":{"start":{"line":638,"column":52},"end":{"line":641,"column":7}}},"12":{"name":"(anonymous_12)","decl":{"start":{"line":655,"column":22},"end":{"line":655,"column":23}},"loc":{"start":{"line":655,"column":29},"end":{"line":655,"column":87}}},"13":{"name":"(anonymous_13)","decl":{"start":{"line":682,"column":50},"end":{"line":682,"column":51}},"loc":{"start":{"line":682,"column":66},"end":{"line":689,"column":9}}},"14":{"name":"(anonymous_14)","decl":{"start":{"line":710,"column":34},"end":{"line":710,"column":35}},"loc":{"start":{"line":710,"column":44},"end":{"line":710,"column":62}}},"15":{"name":"(anonymous_15)","decl":{"start":{"line":726,"column":50},"end":{"line":726,"column":51}},"loc":{"start":{"line":726,"column":66},"end":{"line":733,"column":9}}},"16":{"name":"(anonymous_16)","decl":{"start":{"line":736,"column":36},"end":{"line":736,"column":37}},"loc":{"start":{"line":737,"column":8},"end":{"line":742,"column":10}}},"17":{"name":"(anonymous_17)","decl":{"start":{"line":761,"column":36},"end":{"line":761,"column":37}},"loc":{"start":{"line":761,"column":46},"end":{"line":767,"column":7}}},"18":{"name":"(anonymous_18)","decl":{"start":{"line":857,"column":23},"end":{"line":857,"column":24}},"loc":{"start":{"line":857,"column":81},"end":{"line":874,"column":1}}}},"branchMap":{"0":{"loc":{"start":{"line":71,"column":4},"end":{"line":71,"column":51}},"type":"default-arg","locations":[{"start":{"line":71,"column":41},"end":{"line":71,"column":51}}]},"1":{"loc":{"start":{"line":72,"column":4},"end":{"line":72,"column":27}},"type":"default-arg","locations":[{"start":{"line":72,"column":23},"end":{"line":72,"column":27}}]},"2":{"loc":{"start":{"line":77,"column":2},"end":{"line":854,"column":null}},"type":"switch","locations":[{"start":{"line":79,"column":4},"end":{"line":144,"column":null}},{"start":{"line":146,"column":4},"end":{"line":173,"column":18}},{"start":{"line":174,"column":4},"end":{"line":193,"column":18}},{"start":{"line":194,"column":4},"end":{"line":235,"column":null}},{"start":{"line":236,"column":4},"end":{"line":263,"column":null}},{"start":{"line":264,"column":4},"end":{"line":290,"column":null}},{"start":{"line":291,"column":4},"end":{"line":381,"column":null}},{"start":{"line":382,"column":4},"end":{"line":410,"column":null}},{"start":{"line":411,"column":4},"end":{"line":413,"column":44}},{"start":{"line":414,"column":4},"end":{"line":428,"column":null}},{"start":{"line":429,"column":4},"end":{"line":431,"column":18}},{"start":{"line":432,"column":4},"end":{"line":511,"column":null}},{"start":{"line":512,"column":4},"end":{"line":520,"column":18}},{"start":{"line":522,"column":4},"end":{"line":522,"column":39}},{"start":{"line":523,"column":4},"end":{"line":526,"column":18}},{"start":{"line":527,"column":4},"end":{"line":528,"column":56}},{"start":{"line":529,"column":4},"end":{"line":529,"column":34}},{"start":{"line":530,"column":4},"end":{"line":532,"column":18}},{"start":{"line":533,"column":4},"end":{"line":538,"column":18}},{"start":{"line":539,"column":4},"end":{"line":541,"column":18}},{"start":{"line":543,"column":4},"end":{"line":543,"column":32}},{"start":{"line":544,"column":4},"end":{"line":544,"column":29}},{"start":{"line":545,"column":4},"end":{"line":545,"column":29}},{"start":{"line":546,"column":4},"end":{"line":546,"column":29}},{"start":{"line":547,"column":4},"end":{"line":547,"column":29}},{"start":{"line":548,"column":4},"end":{"line":548,"column":29}},{"start":{"line":549,"column":4},"end":{"line":549,"column":29}},{"start":{"line":550,"column":4},"end":{"line":550,"column":32}},{"start":{"line":551,"column":4},"end":{"line":552,"column":18}},{"start":{"line":553,"column":4},"end":{"line":635,"column":null}},{"start":{"line":636,"column":4},"end":{"line":644,"column":null}},{"start":{"line":645,"column":4},"end":{"line":662,"column":null}},{"start":{"line":664,"column":4},"end":{"line":664,"column":38}},{"start":{"line":665,"column":4},"end":{"line":705,"column":null}},{"start":{"line":706,"column":4},"end":{"line":707,"column":18}},{"start":{"line":708,"column":4},"end":{"line":711,"column":18}},{"start":{"line":712,"column":4},"end":{"line":717,"column":18}},{"start":{"line":718,"column":4},"end":{"line":720,"column":18}},{"start":{"line":721,"column":4},"end":{"line":757,"column":null}},{"start":{"line":758,"column":4},"end":{"line":769,"column":null}},{"start":{"line":770,"column":4},"end":{"line":776,"column":18}},{"start":{"line":777,"column":4},"end":{"line":792,"column":18}},{"start":{"line":794,"column":4},"end":{"line":809,"column":null}},{"start":{"line":810,"column":4},"end":{"line":814,"column":50}},{"start":{"line":815,"column":4},"end":{"line":819,"column":18}},{"start":{"line":820,"column":4},"end":{"line":853,"column":null}}]},"3":{"loc":{"start":{"line":92,"column":8},"end":{"line":105,"column":12}},"type":"if","locations":[{"start":{"line":92,"column":8},"end":{"line":105,"column":12}}]},"4":{"loc":{"start":{"line":93,"column":10},"end":{"line":98,"column":59}},"type":"binary-expr","locations":[{"start":{"line":93,"column":11},"end":{"line":93,"column":61}},{"start":{"line":94,"column":12},"end":{"line":94,"column":66}},{"start":{"line":95,"column":10},"end":{"line":95,"column":31}},{"start":{"line":96,"column":10},"end":{"line":96,"column":48}},{"start":{"line":97,"column":10},"end":{"line":97,"column":55}},{"start":{"line":98,"column":10},"end":{"line":98,"column":59}}]},"5":{"loc":{"start":{"line":106,"column":8},"end":{"line":106,"column":85}},"type":"if","locations":[{"start":{"line":106,"column":8},"end":{"line":106,"column":85}}]},"6":{"loc":{"start":{"line":107,"column":8},"end":{"line":113,"column":12}},"type":"if","locations":[{"start":{"line":107,"column":8},"end":{"line":113,"column":12}}]},"7":{"loc":{"start":{"line":107,"column":12},"end":{"line":107,"column":79}},"type":"binary-expr","locations":[{"start":{"line":107,"column":12},"end":{"line":107,"column":62}},{"start":{"line":107,"column":66},"end":{"line":107,"column":79}}]},"8":{"loc":{"start":{"line":148,"column":6},"end":{"line":154,"column":10}},"type":"if","locations":[{"start":{"line":148,"column":6},"end":{"line":154,"column":10}}]},"9":{"loc":{"start":{"line":158,"column":6},"end":{"line":172,"column":null}},"type":"if","locations":[{"start":{"line":158,"column":6},"end":{"line":172,"column":null}}]},"10":{"loc":{"start":{"line":162,"column":8},"end":{"line":171,"column":39}},"type":"if","locations":[{"start":{"line":162,"column":8},"end":{"line":171,"column":39}}]},"11":{"loc":{"start":{"line":163,"column":10},"end":{"line":169,"column":43}},"type":"binary-expr","locations":[{"start":{"line":163,"column":10},"end":{"line":163,"column":29}},{"start":{"line":164,"column":10},"end":{"line":164,"column":41}},{"start":{"line":165,"column":10},"end":{"line":165,"column":36}},{"start":{"line":166,"column":10},"end":{"line":166,"column":36}},{"start":{"line":167,"column":10},"end":{"line":167,"column":31}},{"start":{"line":168,"column":10},"end":{"line":168,"column":48}},{"start":{"line":169,"column":10},"end":{"line":169,"column":43}}]},"12":{"loc":{"start":{"line":175,"column":6},"end":{"line":192,"column":null}},"type":"if","locations":[{"start":{"line":175,"column":6},"end":{"line":192,"column":null}}]},"13":{"loc":{"start":{"line":176,"column":8},"end":{"line":185,"column":null}},"type":"if","locations":[{"start":{"line":176,"column":8},"end":{"line":185,"column":null}}]},"14":{"loc":{"start":{"line":177,"column":10},"end":{"line":183,"column":14}},"type":"if","locations":[{"start":{"line":177,"column":10},"end":{"line":183,"column":14}}]},"15":{"loc":{"start":{"line":215,"column":8},"end":{"line":222,"column":null}},"type":"if","locations":[{"start":{"line":215,"column":8},"end":{"line":222,"column":null}}]},"16":{"loc":{"start":{"line":215,"column":12},"end":{"line":215,"column":84}},"type":"binary-expr","locations":[{"start":{"line":215,"column":12},"end":{"line":215,"column":27}},{"start":{"line":215,"column":31},"end":{"line":215,"column":58}},{"start":{"line":215,"column":62},"end":{"line":215,"column":84}}]},"17":{"loc":{"start":{"line":217,"column":10},"end":{"line":219,"column":null}},"type":"if","locations":[{"start":{"line":217,"column":10},"end":{"line":219,"column":null}}]},"18":{"loc":{"start":{"line":295,"column":6},"end":{"line":378,"column":null}},"type":"if","locations":[{"start":{"line":295,"column":6},"end":{"line":378,"column":null}},{"start":{"line":317,"column":13},"end":{"line":378,"column":null}}]},"19":{"loc":{"start":{"line":298,"column":10},"end":{"line":314,"column":null}},"type":"if","locations":[{"start":{"line":298,"column":10},"end":{"line":314,"column":null}},{"start":{"line":300,"column":17},"end":{"line":314,"column":null}}]},"20":{"loc":{"start":{"line":301,"column":12},"end":{"line":307,"column":16}},"type":"if","locations":[{"start":{"line":301,"column":12},"end":{"line":307,"column":16}}]},"21":{"loc":{"start":{"line":317,"column":13},"end":{"line":378,"column":null}},"type":"if","locations":[{"start":{"line":317,"column":13},"end":{"line":378,"column":null}},{"start":{"line":346,"column":13},"end":{"line":378,"column":null}}]},"22":{"loc":{"start":{"line":318,"column":8},"end":{"line":320,"column":59}},"type":"binary-expr","locations":[{"start":{"line":318,"column":8},"end":{"line":318,"column":59}},{"start":{"line":319,"column":8},"end":{"line":319,"column":63}},{"start":{"line":320,"column":8},"end":{"line":320,"column":59}}]},"23":{"loc":{"start":{"line":326,"column":8},"end":{"line":332,"column":12}},"type":"if","locations":[{"start":{"line":326,"column":8},"end":{"line":332,"column":12}}]},"24":{"loc":{"start":{"line":349,"column":10},"end":{"line":349,"column":93}},"type":"cond-expr","locations":[{"start":{"line":349,"column":65},"end":{"line":349,"column":80}},{"start":{"line":349,"column":83},"end":{"line":349,"column":93}}]},"25":{"loc":{"start":{"line":354,"column":8},"end":{"line":360,"column":12}},"type":"if","locations":[{"start":{"line":354,"column":8},"end":{"line":360,"column":12}}]},"26":{"loc":{"start":{"line":375,"column":8},"end":{"line":377,"column":62}},"type":"if","locations":[{"start":{"line":375,"column":8},"end":{"line":377,"column":62}},{"start":{"line":377,"column":13},"end":{"line":377,"column":62}}]},"27":{"loc":{"start":{"line":417,"column":6},"end":{"line":417,"column":67}},"type":"if","locations":[{"start":{"line":417,"column":6},"end":{"line":417,"column":67}}]},"28":{"loc":{"start":{"line":420,"column":6},"end":{"line":426,"column":10}},"type":"if","locations":[{"start":{"line":420,"column":6},"end":{"line":426,"column":10}}]},"29":{"loc":{"start":{"line":430,"column":6},"end":{"line":430,"column":78}},"type":"if","locations":[{"start":{"line":430,"column":6},"end":{"line":430,"column":78}}]},"30":{"loc":{"start":{"line":437,"column":6},"end":{"line":446,"column":null}},"type":"if","locations":[{"start":{"line":437,"column":6},"end":{"line":446,"column":null}}]},"31":{"loc":{"start":{"line":450,"column":8},"end":{"line":456,"column":12}},"type":"if","locations":[{"start":{"line":450,"column":8},"end":{"line":456,"column":12}}]},"32":{"loc":{"start":{"line":514,"column":6},"end":{"line":519,"column":null}},"type":"if","locations":[{"start":{"line":514,"column":6},"end":{"line":519,"column":null}}]},"33":{"loc":{"start":{"line":515,"column":8},"end":{"line":518,"column":48}},"type":"if","locations":[{"start":{"line":515,"column":8},"end":{"line":518,"column":48}},{"start":{"line":517,"column":13},"end":{"line":518,"column":48}}]},"34":{"loc":{"start":{"line":517,"column":13},"end":{"line":518,"column":48}},"type":"if","locations":[{"start":{"line":517,"column":13},"end":{"line":518,"column":48}}]},"35":{"loc":{"start":{"line":561,"column":8},"end":{"line":568,"column":12}},"type":"if","locations":[{"start":{"line":561,"column":8},"end":{"line":568,"column":12}},{"start":{"line":562,"column":13},"end":{"line":568,"column":12}}]},"36":{"loc":{"start":{"line":562,"column":13},"end":{"line":568,"column":12}},"type":"if","locations":[{"start":{"line":562,"column":13},"end":{"line":568,"column":12}}]},"37":{"loc":{"start":{"line":571,"column":6},"end":{"line":583,"column":null}},"type":"if","locations":[{"start":{"line":571,"column":6},"end":{"line":583,"column":null}}]},"38":{"loc":{"start":{"line":618,"column":6},"end":{"line":624,"column":null}},"type":"if","locations":[{"start":{"line":618,"column":6},"end":{"line":624,"column":null}},{"start":{"line":621,"column":13},"end":{"line":624,"column":null}}]},"39":{"loc":{"start":{"line":618,"column":10},"end":{"line":618,"column":64}},"type":"binary-expr","locations":[{"start":{"line":618,"column":10},"end":{"line":618,"column":29}},{"start":{"line":618,"column":33},"end":{"line":618,"column":64}}]},"40":{"loc":{"start":{"line":621,"column":13},"end":{"line":624,"column":null}},"type":"if","locations":[{"start":{"line":621,"column":13},"end":{"line":624,"column":null}}]},"41":{"loc":{"start":{"line":639,"column":8},"end":{"line":640,"column":42}},"type":"if","locations":[{"start":{"line":639,"column":8},"end":{"line":640,"column":42}},{"start":{"line":640,"column":13},"end":{"line":640,"column":42}}]},"42":{"loc":{"start":{"line":650,"column":8},"end":{"line":651,"column":63}},"type":"if","locations":[{"start":{"line":650,"column":8},"end":{"line":651,"column":63}},{"start":{"line":651,"column":13},"end":{"line":651,"column":63}}]},"43":{"loc":{"start":{"line":653,"column":8},"end":{"line":657,"column":98}},"type":"if","locations":[{"start":{"line":653,"column":8},"end":{"line":657,"column":98}}]},"44":{"loc":{"start":{"line":654,"column":10},"end":{"line":655,"column":88}},"type":"binary-expr","locations":[{"start":{"line":654,"column":10},"end":{"line":654,"column":48}},{"start":{"line":655,"column":10},"end":{"line":655,"column":88}}]},"45":{"loc":{"start":{"line":655,"column":29},"end":{"line":655,"column":87}},"type":"binary-expr","locations":[{"start":{"line":655,"column":29},"end":{"line":655,"column":63}},{"start":{"line":655,"column":67},"end":{"line":655,"column":87}}]},"46":{"loc":{"start":{"line":681,"column":6},"end":{"line":690,"column":null}},"type":"if","locations":[{"start":{"line":681,"column":6},"end":{"line":690,"column":null}}]},"47":{"loc":{"start":{"line":714,"column":6},"end":{"line":714,"column":63}},"type":"if","locations":[{"start":{"line":714,"column":6},"end":{"line":714,"column":63}}]},"48":{"loc":{"start":{"line":725,"column":6},"end":{"line":734,"column":null}},"type":"if","locations":[{"start":{"line":725,"column":6},"end":{"line":734,"column":null}}]},"49":{"loc":{"start":{"line":762,"column":8},"end":{"line":763,"column":98}},"type":"if","locations":[{"start":{"line":762,"column":8},"end":{"line":763,"column":98}}]},"50":{"loc":{"start":{"line":779,"column":6},"end":{"line":779,"column":78}},"type":"if","locations":[{"start":{"line":779,"column":6},"end":{"line":779,"column":78}}]},"51":{"loc":{"start":{"line":802,"column":6},"end":{"line":806,"column":null}},"type":"if","locations":[{"start":{"line":802,"column":6},"end":{"line":806,"column":null}}]},"52":{"loc":{"start":{"line":803,"column":8},"end":{"line":804,"column":58}},"type":"if","locations":[{"start":{"line":803,"column":8},"end":{"line":804,"column":58}}]},"53":{"loc":{"start":{"line":817,"column":6},"end":{"line":817,"column":69}},"type":"if","locations":[{"start":{"line":817,"column":6},"end":{"line":817,"column":69}}]},"54":{"loc":{"start":{"line":821,"column":6},"end":{"line":827,"column":null}},"type":"if","locations":[{"start":{"line":821,"column":6},"end":{"line":827,"column":null}}]}},"s":{"0":0,"1":0,"2":0,"3":0,"4":0,"5":0,"6":0,"7":0,"8":0,"9":0,"10":0,"11":0,"12":0,"13":0,"14":0,"15":0,"16":0,"17":0,"18":0,"19":0,"20":0,"21":0,"22":0,"23":0,"24":0,"25":0,"26":0,"27":0,"28":0,"29":0,"30":0,"31":0,"32":0,"33":0,"34":0,"35":0,"36":0,"37":0,"38":0,"39":0,"40":0,"41":0,"42":0,"43":0,"44":0,"45":0,"46":0,"47":0,"48":0,"49":0,"50":0,"51":0,"52":0,"53":0,"54":0,"55":0,"56":0,"57":0,"58":0,"59":0,"60":0,"61":0,"62":0,"63":0,"64":0,"65":0,"66":0,"67":0,"68":0,"69":0,"70":0,"71":0,"72":0,"73":0,"74":0,"75":0,"76":0,"77":0,"78":0,"79":0,"80":0,"81":0,"82":0,"83":0,"84":0,"85":0,"86":0,"87":0,"88":0,"89":0,"90":0,"91":0,"92":0,"93":0,"94":0,"95":0,"96":0,"97":0,"98":0,"99":0,"100":0,"101":0,"102":0,"103":0,"104":0,"105":0,"106":0,"107":0,"108":0,"109":0,"110":0,"111":0,"112":0,"113":0,"114":0,"115":0,"116":0,"117":0,"118":0,"119":0,"120":0,"121":0,"122":0,"123":0,"124":0,"125":0,"126":0,"127":0,"128":0,"129":0,"130":0,"131":0,"132":0,"133":0,"134":0,"135":0,"136":0,"137":0,"138":0,"139":0,"140":0,"141":0,"142":0,"143":0,"144":0,"145":0,"146":0,"147":0,"148":0,"149":0,"150":0,"151":0,"152":0,"153":0,"154":0,"155":0,"156":0,"157":0,"158":0,"159":0,"160":0,"161":0,"162":0,"163":0,"164":0,"165":0,"166":0,"167":0,"168":0,"169":0,"170":0,"171":0,"172":0,"173":0,"174":0,"175":0,"176":0,"177":0,"178":0,"179":0,"180":0,"181":0,"182":0,"183":0,"184":0,"185":0,"186":0,"187":0,"188":0,"189":0,"190":0,"191":0,"192":0,"193":0,"194":0,"195":0,"196":0,"197":0,"198":0,"199":0,"200":0,"201":0,"202":0,"203":0,"204":0,"205":0,"206":0,"207":0,"208":0,"209":0,"210":0,"211":0,"212":0,"213":0,"214":0,"215":0,"216":0,"217":0,"218":0,"219":0,"220":0,"221":0,"222":0,"223":0,"224":0,"225":0,"226":0,"227":0,"228":0,"229":0,"230":0,"231":0,"232":0,"233":0,"234":0,"235":0,"236":0,"237":0,"238":0,"239":0,"240":0,"241":0},"f":{"0":0,"1":0,"2":0,"3":0,"4":0,"5":0,"6":0,"7":0,"8":0,"9":0,"10":0,"11":0,"12":0,"13":0,"14":0,"15":0,"16":0,"17":0,"18":0},"b":{"0":[0],"1":[0],"2":[0,0,0,0,0,0,0,0,0,0,0,0,0,0,0,0,0,0,0,0,0,0,0,0,0,0,0,0,0,0,0,0,0,0,0,0,0,0,0,0,0,0,0,0,0,0],"3":[0],"4":[0,0,0,0,0,0],"5":[0],"6":[0],"7":[0,0],"8":[0],"9":[0],"10":[0],"11":[0,0,0,0,0,0,0],"12":[0],"13":[0],"14":[0],"15":[0],"16":[0,0,0],"17":[0],"18":[0,0],"19":[0,0],"20":[0],"21":[0,0],"22":[0,0,0],"23":[0],"24":[0,0],"25":[0],"26":[0,0],"27":[0],"28":[0],"29":[0],"30":[0],"31":[0],"32":[0],"33":[0,0],"34":[0],"35":[0,0],"36":[0],"37":[0],"38":[0,0],"39":[0,0],"40":[0],"41":[0,0],"42":[0,0],"43":[0],"44":[0,0],"45":[0,0],"46":[0],"47":[0],"48":[0],"49":[0],"50":[0],"51":[0],"52":[0],"53":[0],"54":[0]}}
,"C:\\Users\\Spota\\OneDrive\\Documents\\GitHub\\Brisk\\Brisk\\src\\Compiler\\Codegen\\Helpers.ts": {"path":"C:\\Users\\Spota\\OneDrive\\Documents\\GitHub\\Brisk\\Brisk\\src\\Compiler\\Codegen\\Helpers.ts","statementMap":{"0":{"start":{"line":13,"column":32},"end":{"line":13,"column":36}},"1":{"start":{"line":15,"column":31},"end":{"line":77,"column":1}},"2":{"start":{"line":21,"column":2},"end":{"line":76,"column":null}},"3":{"start":{"line":24,"column":6},"end":{"line":34,"column":90}},"4":{"start":{"line":25,"column":8},"end":{"line":25,"column":58}},"5":{"start":{"line":26,"column":11},"end":{"line":34,"column":90}},"6":{"start":{"line":27,"column":8},"end":{"line":27,"column":58}},"7":{"start":{"line":28,"column":11},"end":{"line":34,"column":90}},"8":{"start":{"line":28,"column":35},"end":{"line":28,"column":85}},"9":{"start":{"line":29,"column":11},"end":{"line":34,"column":90}},"10":{"start":{"line":29,"column":35},"end":{"line":29,"column":85}},"11":{"start":{"line":30,"column":11},"end":{"line":34,"column":90}},"12":{"start":{"line":31,"column":8},"end":{"line":31,"column":58}},"13":{"start":{"line":32,"column":11},"end":{"line":34,"column":90}},"14":{"start":{"line":33,"column":8},"end":{"line":33,"column":58}},"15":{"start":{"line":34,"column":11},"end":{"line":34,"column":90}},"16":{"start":{"line":37,"column":6},"end":{"line":50,"column":91}},"17":{"start":{"line":39,"column":10},"end":{"line":46,"column":null}},"18":{"start":{"line":50,"column":8},"end":{"line":50,"column":91}},"19":{"start":{"line":52,"column":6},"end":{"line":52,"column":56}},"20":{"start":{"line":55,"column":6},"end":{"line":55,"column":90}},"21":{"start":{"line":57,"column":6},"end":{"line":62,"column":63}},"22":{"start":{"line":58,"column":8},"end":{"line":61,"column":10}},"23":{"start":{"line":59,"column":33},"end":{"line":59,"column":82}},"24":{"start":{"line":62,"column":13},"end":{"line":62,"column":63}},"25":{"start":{"line":66,"column":6},"end":{"line":71,"column":8}},"26":{"start":{"line":75,"column":6},"end":{"line":75,"column":96}},"27":{"start":{"line":78,"column":35},"end":{"line":116,"column":1}},"28":{"start":{"line":84,"column":2},"end":{"line":115,"column":null}},"29":{"start":{"line":87,"column":6},"end":{"line":95,"column":90}},"30":{"start":{"line":87,"column":52},"end":{"line":87,"column":94}},"31":{"start":{"line":88,"column":11},"end":{"line":95,"column":90}},"32":{"start":{"line":88,"column":57},"end":{"line":88,"column":99}},"33":{"start":{"line":89,"column":11},"end":{"line":95,"column":90}},"34":{"start":{"line":89,"column":35},"end":{"line":89,"column":77}},"35":{"start":{"line":90,"column":11},"end":{"line":95,"column":90}},"36":{"start":{"line":90,"column":35},"end":{"line":90,"column":77}},"37":{"start":{"line":91,"column":11},"end":{"line":95,"column":90}},"38":{"start":{"line":91,"column":39},"end":{"line":91,"column":81}},"39":{"start":{"line":92,"column":11},"end":{"line":95,"column":90}},"40":{"start":{"line":92,"column":36},"end":{"line":92,"column":93}},"41":{"start":{"line":93,"column":11},"end":{"line":95,"column":90}},"42":{"start":{"line":94,"column":8},"end":{"line":94,"column":50}},"43":{"start":{"line":95,"column":11},"end":{"line":95,"column":90}},"44":{"start":{"line":99,"column":6},"end":{"line":99,"column":94}},"45":{"start":{"line":101,"column":6},"end":{"line":101,"column":48}},"46":{"start":{"line":105,"column":6},"end":{"line":110,"column":8}},"47":{"start":{"line":114,"column":6},"end":{"line":114,"column":96}}},"fnMap":{"0":{"name":"(anonymous_0)","decl":{"start":{"line":15,"column":31},"end":{"line":15,"column":null}},"loc":{"start":{"line":20,"column":19},"end":{"line":77,"column":1}}},"1":{"name":"(anonymous_1)","decl":{"start":{"line":38,"column":38},"end":{"line":38,"column":39}},"loc":{"start":{"line":39,"column":10},"end":{"line":46,"column":null}}},"2":{"name":"(anonymous_2)","decl":{"start":{"line":59,"column":26},"end":{"line":59,"column":27}},"loc":{"start":{"line":59,"column":33},"end":{"line":59,"column":82}}},"3":{"name":"(anonymous_3)","decl":{"start":{"line":78,"column":35},"end":{"line":78,"column":null}},"loc":{"start":{"line":83,"column":19},"end":{"line":116,"column":1}}}},"branchMap":{"0":{"loc":{"start":{"line":19,"column":2},"end":{"line":19,"column":33}},"type":"default-arg","locations":[{"start":{"line":19,"column":28},"end":{"line":19,"column":33}}]},"1":{"loc":{"start":{"line":21,"column":2},"end":{"line":76,"column":null}},"type":"switch","locations":[{"start":{"line":23,"column":4},"end":{"line":34,"column":90}},{"start":{"line":35,"column":4},"end":{"line":52,"column":56}},{"start":{"line":54,"column":4},"end":{"line":55,"column":90}},{"start":{"line":56,"column":4},"end":{"line":62,"column":63}},{"start":{"line":64,"column":4},"end":{"line":72,"column":null}},{"start":{"line":74,"column":4},"end":{"line":75,"column":96}}]},"2":{"loc":{"start":{"line":24,"column":6},"end":{"line":34,"column":90}},"type":"if","locations":[{"start":{"line":24,"column":6},"end":{"line":34,"column":90}},{"start":{"line":26,"column":11},"end":{"line":34,"column":90}}]},"3":{"loc":{"start":{"line":24,"column":10},"end":{"line":24,"column":50}},"type":"binary-expr","locations":[{"start":{"line":24,"column":10},"end":{"line":24,"column":28}},{"start":{"line":24,"column":32},"end":{"line":24,"column":50}}]},"4":{"loc":{"start":{"line":26,"column":11},"end":{"line":34,"column":90}},"type":"if","locations":[{"start":{"line":26,"column":11},"end":{"line":34,"column":90}},{"start":{"line":28,"column":11},"end":{"line":34,"column":90}}]},"5":{"loc":{"start":{"line":26,"column":15},"end":{"line":26,"column":55}},"type":"binary-expr","locations":[{"start":{"line":26,"column":15},"end":{"line":26,"column":33}},{"start":{"line":26,"column":37},"end":{"line":26,"column":55}}]},"6":{"loc":{"start":{"line":28,"column":11},"end":{"line":34,"column":90}},"type":"if","locations":[{"start":{"line":28,"column":11},"end":{"line":34,"column":90}},{"start":{"line":29,"column":11},"end":{"line":34,"column":90}}]},"7":{"loc":{"start":{"line":29,"column":11},"end":{"line":34,"column":90}},"type":"if","locations":[{"start":{"line":29,"column":11},"end":{"line":34,"column":90}},{"start":{"line":30,"column":11},"end":{"line":34,"column":90}}]},"8":{"loc":{"start":{"line":30,"column":11},"end":{"line":34,"column":90}},"type":"if","locations":[{"start":{"line":30,"column":11},"end":{"line":34,"column":90}},{"start":{"line":32,"column":11},"end":{"line":34,"column":90}}]},"9":{"loc":{"start":{"line":30,"column":15},"end":{"line":30,"column":60}},"type":"binary-expr","locations":[{"start":{"line":30,"column":15},"end":{"line":30,"column":37}},{"start":{"line":30,"column":41},"end":{"line":30,"column":60}}]},"10":{"loc":{"start":{"line":32,"column":11},"end":{"line":34,"column":90}},"type":"if","locations":[{"start":{"line":32,"column":11},"end":{"line":34,"column":90}},{"start":{"line":34,"column":11},"end":{"line":34,"column":90}}]},"11":{"loc":{"start":{"line":32,"column":15},"end":{"line":32,"column":88}},"type":"binary-expr","locations":[{"start":{"line":32,"column":15},"end":{"line":32,"column":36}},{"start":{"line":32,"column":40},"end":{"line":32,"column":61}},{"start":{"line":32,"column":65},"end":{"line":32,"column":88}}]},"12":{"loc":{"start":{"line":37,"column":6},"end":{"line":50,"column":91}},"type":"if","locations":[{"start":{"line":37,"column":6},"end":{"line":50,"column":91}}]},"13":{"loc":{"start":{"line":57,"column":6},"end":{"line":62,"column":63}},"type":"if","locations":[{"start":{"line":57,"column":6},"end":{"line":62,"column":63}},{"start":{"line":62,"column":13},"end":{"line":62,"column":63}}]},"14":{"loc":{"start":{"line":82,"column":2},"end":{"line":82,"column":33}},"type":"default-arg","locations":[{"start":{"line":82,"column":28},"end":{"line":82,"column":33}}]},"15":{"loc":{"start":{"line":84,"column":2},"end":{"line":115,"column":null}},"type":"switch","locations":[{"start":{"line":86,"column":4},"end":{"line":95,"column":90}},{"start":{"line":98,"column":4},"end":{"line":99,"column":94}},{"start":{"line":100,"column":4},"end":{"line":101,"column":48}},{"start":{"line":103,"column":4},"end":{"line":111,"column":null}},{"start":{"line":113,"column":4},"end":{"line":114,"column":96}}]},"16":{"loc":{"start":{"line":87,"column":6},"end":{"line":95,"column":90}},"type":"if","locations":[{"start":{"line":87,"column":6},"end":{"line":95,"column":90}},{"start":{"line":88,"column":11},"end":{"line":95,"column":90}}]},"17":{"loc":{"start":{"line":87,"column":10},"end":{"line":87,"column":50}},"type":"binary-expr","locations":[{"start":{"line":87,"column":10},"end":{"line":87,"column":28}},{"start":{"line":87,"column":32},"end":{"line":87,"column":50}}]},"18":{"loc":{"start":{"line":88,"column":11},"end":{"line":95,"column":90}},"type":"if","locations":[{"start":{"line":88,"column":11},"end":{"line":95,"column":90}},{"start":{"line":89,"column":11},"end":{"line":95,"column":90}}]},"19":{"loc":{"start":{"line":88,"column":15},"end":{"line":88,"column":55}},"type":"binary-expr","locations":[{"start":{"line":88,"column":15},"end":{"line":88,"column":33}},{"start":{"line":88,"column":37},"end":{"line":88,"column":55}}]},"20":{"loc":{"start":{"line":89,"column":11},"end":{"line":95,"column":90}},"type":"if","locations":[{"start":{"line":89,"column":11},"end":{"line":95,"column":90}},{"start":{"line":90,"column":11},"end":{"line":95,"column":90}}]},"21":{"loc":{"start":{"line":90,"column":11},"end":{"line":95,"column":90}},"type":"if","locations":[{"start":{"line":90,"column":11},"end":{"line":95,"column":90}},{"start":{"line":91,"column":11},"end":{"line":95,"column":90}}]},"22":{"loc":{"start":{"line":91,"column":11},"end":{"line":95,"column":90}},"type":"if","locations":[{"start":{"line":91,"column":11},"end":{"line":95,"column":90}},{"start":{"line":92,"column":11},"end":{"line":95,"column":90}}]},"23":{"loc":{"start":{"line":92,"column":11},"end":{"line":95,"column":90}},"type":"if","locations":[{"start":{"line":92,"column":11},"end":{"line":95,"column":90}},{"start":{"line":93,"column":11},"end":{"line":95,"column":90}}]},"24":{"loc":{"start":{"line":93,"column":11},"end":{"line":95,"column":90}},"type":"if","locations":[{"start":{"line":93,"column":11},"end":{"line":95,"column":90}},{"start":{"line":95,"column":11},"end":{"line":95,"column":90}}]},"25":{"loc":{"start":{"line":93,"column":15},"end":{"line":93,"column":88}},"type":"binary-expr","locations":[{"start":{"line":93,"column":15},"end":{"line":93,"column":36}},{"start":{"line":93,"column":40},"end":{"line":93,"column":61}},{"start":{"line":93,"column":65},"end":{"line":93,"column":88}}]}},"s":{"0":0,"1":0,"2":0,"3":0,"4":0,"5":0,"6":0,"7":0,"8":0,"9":0,"10":0,"11":0,"12":0,"13":0,"14":0,"15":0,"16":0,"17":0,"18":0,"19":0,"20":0,"21":0,"22":0,"23":0,"24":0,"25":0,"26":0,"27":0,"28":0,"29":0,"30":0,"31":0,"32":0,"33":0,"34":0,"35":0,"36":0,"37":0,"38":0,"39":0,"40":0,"41":0,"42":0,"43":0,"44":0,"45":0,"46":0,"47":0},"f":{"0":0,"1":0,"2":0,"3":0},"b":{"0":[0],"1":[0,0,0,0,0,0],"2":[0,0],"3":[0,0],"4":[0,0],"5":[0,0],"6":[0,0],"7":[0,0],"8":[0,0],"9":[0,0],"10":[0,0],"11":[0,0,0],"12":[0],"13":[0,0],"14":[0],"15":[0,0,0,0,0],"16":[0,0],"17":[0,0],"18":[0,0],"19":[0,0],"20":[0,0],"21":[0,0],"22":[0,0],"23":[0,0],"24":[0,0],"25":[0,0,0]}}
,"C:\\Users\\Spota\\OneDrive\\Documents\\GitHub\\Brisk\\Brisk\\src\\Compiler\\Codegen\\WasmInstructionMap.ts": {"path":"C:\\Users\\Spota\\OneDrive\\Documents\\GitHub\\Brisk\\Brisk\\src\\Compiler\\Codegen\\WasmInstructionMap.ts","statementMap":{"0":{"start":{"line":7,"column":29},"end":{"line":332,"column":1}},"1":{"start":{"line":12,"column":15},"end":{"line":12,"column":47}},"2":{"start":{"line":13,"column":15},"end":{"line":13,"column":24}},"3":{"start":{"line":14,"column":2},"end":{"line":330,"column":null}},"4":{"start":{"line":17,"column":6},"end":{"line":17,"column":84}},"5":{"start":{"line":19,"column":6},"end":{"line":22,"column":8}},"6":{"start":{"line":24,"column":6},"end":{"line":27,"column":8}},"7":{"start":{"line":30,"column":6},"end":{"line":30,"column":85}},"8":{"start":{"line":32,"column":6},"end":{"line":35,"column":8}},"9":{"start":{"line":46,"column":6},"end":{"line":46,"column":49}},"10":{"start":{"line":48,"column":6},"end":{"line":48,"column":71}},"11":{"start":{"line":57,"column":6},"end":{"line":57,"column":64}},"12":{"start":{"line":60,"column":6},"end":{"line":60,"column":68}},"13":{"start":{"line":62,"column":6},"end":{"line":62,"column":71}},"14":{"start":{"line":64,"column":6},"end":{"line":64,"column":71}},"15":{"start":{"line":66,"column":6},"end":{"line":66,"column":72}},"16":{"start":{"line":68,"column":6},"end":{"line":68,"column":72}},"17":{"start":{"line":70,"column":6},"end":{"line":70,"column":93}},"18":{"start":{"line":72,"column":6},"end":{"line":72,"column":94}},"19":{"start":{"line":74,"column":6},"end":{"line":74,"column":95}},"20":{"start":{"line":76,"column":6},"end":{"line":76,"column":84}},"21":{"start":{"line":78,"column":6},"end":{"line":78,"column":67}},"22":{"start":{"line":80,"column":6},"end":{"line":80,"column":67}},"23":{"start":{"line":82,"column":6},"end":{"line":82,"column":70}},"24":{"start":{"line":84,"column":6},"end":{"line":84,"column":67}},"25":{"start":{"line":98,"column":6},"end":{"line":98,"column":91}},"26":{"start":{"line":100,"column":6},"end":{"line":100,"column":91}},"27":{"start":{"line":102,"column":6},"end":{"line":102,"column":91}},"28":{"start":{"line":104,"column":6},"end":{"line":104,"column":93}},"29":{"start":{"line":106,"column":6},"end":{"line":106,"column":93}},"30":{"start":{"line":110,"column":6},"end":{"line":110,"column":91}},"31":{"start":{"line":112,"column":6},"end":{"line":112,"column":90}},"32":{"start":{"line":114,"column":6},"end":{"line":114,"column":91}},"33":{"start":{"line":121,"column":6},"end":{"line":121,"column":90}},"34":{"start":{"line":123,"column":6},"end":{"line":123,"column":90}},"35":{"start":{"line":160,"column":6},"end":{"line":160,"column":68}},"36":{"start":{"line":168,"column":6},"end":{"line":168,"column":93}},"37":{"start":{"line":170,"column":6},"end":{"line":170,"column":94}},"38":{"start":{"line":172,"column":6},"end":{"line":172,"column":95}},"39":{"start":{"line":174,"column":6},"end":{"line":174,"column":95}},"40":{"start":{"line":176,"column":6},"end":{"line":176,"column":84}},"41":{"start":{"line":196,"column":6},"end":{"line":196,"column":91}},"42":{"start":{"line":198,"column":6},"end":{"line":198,"column":91}},"43":{"start":{"line":213,"column":6},"end":{"line":213,"column":90}},"44":{"start":{"line":260,"column":6},"end":{"line":260,"column":68}},"45":{"start":{"line":262,"column":6},"end":{"line":262,"column":93}},"46":{"start":{"line":264,"column":6},"end":{"line":264,"column":84}},"47":{"start":{"line":279,"column":6},"end":{"line":279,"column":91}},"48":{"start":{"line":281,"column":6},"end":{"line":281,"column":91}},"49":{"start":{"line":288,"column":6},"end":{"line":288,"column":90}},"50":{"start":{"line":295,"column":6},"end":{"line":295,"column":68}},"51":{"start":{"line":297,"column":6},"end":{"line":297,"column":93}},"52":{"start":{"line":299,"column":6},"end":{"line":299,"column":84}},"53":{"start":{"line":314,"column":6},"end":{"line":314,"column":91}},"54":{"start":{"line":316,"column":6},"end":{"line":316,"column":91}},"55":{"start":{"line":323,"column":6},"end":{"line":323,"column":90}},"56":{"start":{"line":331,"column":2},"end":{"line":331,"column":92}}},"fnMap":{"0":{"name":"(anonymous_0)","decl":{"start":{"line":7,"column":29},"end":{"line":7,"column":null}},"loc":{"start":{"line":11,"column":21},"end":{"line":332,"column":1}}}},"branchMap":{"0":{"loc":{"start":{"line":14,"column":2},"end":{"line":330,"column":null}},"type":"switch","locations":[{"start":{"line":16,"column":4},"end":{"line":17,"column":84}},{"start":{"line":18,"column":4},"end":{"line":22,"column":8}},{"start":{"line":23,"column":4},"end":{"line":27,"column":8}},{"start":{"line":29,"column":4},"end":{"line":30,"column":85}},{"start":{"line":31,"column":4},"end":{"line":35,"column":8}},{"start":{"line":45,"column":4},"end":{"line":46,"column":49}},{"start":{"line":47,"column":4},"end":{"line":48,"column":71}},{"start":{"line":56,"column":4},"end":{"line":57,"column":64}},{"start":{"line":59,"column":4},"end":{"line":60,"column":68}},{"start":{"line":61,"column":4},"end":{"line":62,"column":71}},{"start":{"line":63,"column":4},"end":{"line":64,"column":71}},{"start":{"line":65,"column":4},"end":{"line":66,"column":72}},{"start":{"line":67,"column":4},"end":{"line":68,"column":72}},{"start":{"line":69,"column":4},"end":{"line":70,"column":93}},{"start":{"line":71,"column":4},"end":{"line":72,"column":94}},{"start":{"line":73,"column":4},"end":{"line":74,"column":95}},{"start":{"line":75,"column":4},"end":{"line":76,"column":84}},{"start":{"line":77,"column":4},"end":{"line":78,"column":67}},{"start":{"line":79,"column":4},"end":{"line":80,"column":67}},{"start":{"line":81,"column":4},"end":{"line":82,"column":70}},{"start":{"line":83,"column":4},"end":{"line":84,"column":67}},{"start":{"line":97,"column":4},"end":{"line":98,"column":91}},{"start":{"line":99,"column":4},"end":{"line":100,"column":91}},{"start":{"line":101,"column":4},"end":{"line":102,"column":91}},{"start":{"line":103,"column":4},"end":{"line":104,"column":93}},{"start":{"line":105,"column":4},"end":{"line":106,"column":93}},{"start":{"line":109,"column":4},"end":{"line":110,"column":91}},{"start":{"line":111,"column":4},"end":{"line":112,"column":90}},{"start":{"line":113,"column":4},"end":{"line":114,"column":91}},{"start":{"line":120,"column":4},"end":{"line":121,"column":90}},{"start":{"line":122,"column":4},"end":{"line":123,"column":90}},{"start":{"line":159,"column":4},"end":{"line":160,"column":68}},{"start":{"line":167,"column":4},"end":{"line":168,"column":93}},{"start":{"line":169,"column":4},"end":{"line":170,"column":94}},{"start":{"line":171,"column":4},"end":{"line":172,"column":95}},{"start":{"line":173,"column":4},"end":{"line":174,"column":95}},{"start":{"line":175,"column":4},"end":{"line":176,"column":84}},{"start":{"line":195,"column":4},"end":{"line":196,"column":91}},{"start":{"line":197,"column":4},"end":{"line":198,"column":91}},{"start":{"line":212,"column":4},"end":{"line":213,"column":90}},{"start":{"line":259,"column":4},"end":{"line":260,"column":68}},{"start":{"line":261,"column":4},"end":{"line":262,"column":93}},{"start":{"line":263,"column":4},"end":{"line":264,"column":84}},{"start":{"line":278,"column":4},"end":{"line":279,"column":91}},{"start":{"line":280,"column":4},"end":{"line":281,"column":91}},{"start":{"line":287,"column":4},"end":{"line":288,"column":90}},{"start":{"line":294,"column":4},"end":{"line":295,"column":68}},{"start":{"line":296,"column":4},"end":{"line":297,"column":93}},{"start":{"line":298,"column":4},"end":{"line":299,"column":84}},{"start":{"line":313,"column":4},"end":{"line":314,"column":91}},{"start":{"line":315,"column":4},"end":{"line":316,"column":91}},{"start":{"line":322,"column":4},"end":{"line":323,"column":90}}]}},"s":{"0":0,"1":0,"2":0,"3":0,"4":0,"5":0,"6":0,"7":0,"8":0,"9":0,"10":0,"11":0,"12":0,"13":0,"14":0,"15":0,"16":0,"17":0,"18":0,"19":0,"20":0,"21":0,"22":0,"23":0,"24":0,"25":0,"26":0,"27":0,"28":0,"29":0,"30":0,"31":0,"32":0,"33":0,"34":0,"35":0,"36":0,"37":0,"38":0,"39":0,"40":0,"41":0,"42":0,"43":0,"44":0,"45":0,"46":0,"47":0,"48":0,"49":0,"50":0,"51":0,"52":0,"53":0,"54":0,"55":0,"56":0},"f":{"0":0},"b":{"0":[0,0,0,0,0,0,0,0,0,0,0,0,0,0,0,0,0,0,0,0,0,0,0,0,0,0,0,0,0,0,0,0,0,0,0,0,0,0,0,0,0,0,0,0,0,0,0,0,0,0,0,0]}}
,"C:\\Users\\Spota\\OneDrive\\Documents\\GitHub\\Brisk\\Brisk\\src\\Compiler\\Codegen\\index.ts": {"path":"C:\\Users\\Spota\\OneDrive\\Documents\\GitHub\\Brisk\\Brisk\\src\\Compiler\\Codegen\\index.ts","statementMap":{"0":{"start":{"line":35,"column":21},"end":{"line":463,"column":1}},"1":{"start":{"line":59,"column":6},"end":{"line":59,"column":16}},"2":{"start":{"line":60,"column":24},"end":{"line":65,"column":3}},"3":{"start":{"line":64,"column":4},"end":{"line":64,"column":88}},"4":{"start":{"line":67,"column":2},"end":{"line":458,"column":null}},"5":{"start":{"line":71,"column":24},"end":{"line":71,"column":53}},"6":{"start":{"line":73,"column":19},"end":{"line":73,"column":43}},"7":{"start":{"line":75,"column":8},"end":{"line":75,"column":83}},"8":{"start":{"line":77,"column":6},"end":{"line":77,"column":68}},"9":{"start":{"line":82,"column":19},"end":{"line":90,"column":8}},"10":{"start":{"line":83,"column":8},"end":{"line":89,"column":11}},"11":{"start":{"line":92,"column":6},"end":{"line":92,"column":25}},"12":{"start":{"line":98,"column":25},"end":{"line":100,"column":null}},"13":{"start":{"line":107,"column":31},"end":{"line":107,"column":76}},"14":{"start":{"line":109,"column":6},"end":{"line":110,"column":48}},"15":{"start":{"line":109,"column":28},"end":{"line":109,"column":67}},"16":{"start":{"line":110,"column":11},"end":{"line":110,"column":48}},"17":{"start":{"line":111,"column":24},"end":{"line":113,"column":null}},"18":{"start":{"line":116,"column":6},"end":{"line":129,"column":null}},"19":{"start":{"line":118,"column":8},"end":{"line":118,"column":57}},"20":{"start":{"line":120,"column":8},"end":{"line":126,"column":10}},"21":{"start":{"line":128,"column":8},"end":{"line":128,"column":18}},"22":{"start":{"line":131,"column":6},"end":{"line":131,"column":16}},"23":{"start":{"line":137,"column":28},"end":{"line":137,"column":48}},"24":{"start":{"line":138,"column":22},"end":{"line":138,"column":52}},"25":{"start":{"line":139,"column":19},"end":{"line":139,"column":52}},"26":{"start":{"line":140,"column":6},"end":{"line":155,"column":null}},"27":{"start":{"line":142,"column":8},"end":{"line":148,"column":10}},"28":{"start":{"line":150,"column":8},"end":{"line":150,"column":100}},"29":{"start":{"line":152,"column":8},"end":{"line":152,"column":94}},"30":{"start":{"line":154,"column":8},"end":{"line":154,"column":99}},"31":{"start":{"line":159,"column":6},"end":{"line":174,"column":null}},"32":{"start":{"line":160,"column":30},"end":{"line":160,"column":50}},"33":{"start":{"line":161,"column":24},"end":{"line":161,"column":54}},"34":{"start":{"line":162,"column":21},"end":{"line":162,"column":54}},"35":{"start":{"line":163,"column":21},"end":{"line":163,"column":80}},"36":{"start":{"line":164,"column":8},"end":{"line":170,"column":null}},"37":{"start":{"line":166,"column":10},"end":{"line":166,"column":62}},"38":{"start":{"line":169,"column":10},"end":{"line":169,"column":61}},"39":{"start":{"line":173,"column":8},"end":{"line":173,"column":98}},"40":{"start":{"line":177,"column":6},"end":{"line":180,"column":98}},"41":{"start":{"line":178,"column":8},"end":{"line":178,"column":77}},"42":{"start":{"line":180,"column":11},"end":{"line":180,"column":98}},"43":{"start":{"line":183,"column":6},"end":{"line":246,"column":null}},"44":{"start":{"line":184,"column":24},"end":{"line":184,"column":61}},"45":{"start":{"line":186,"column":37},"end":{"line":188,"column":82}},"46":{"start":{"line":192,"column":26},"end":{"line":192,"column":38}},"47":{"start":{"line":193,"column":8},"end":{"line":234,"column":null}},"48":{"start":{"line":195,"column":10},"end":{"line":231,"column":null}},"49":{"start":{"line":196,"column":12},"end":{"line":212,"column":null}},"50":{"start":{"line":197,"column":14},"end":{"line":197,"column":91}},"51":{"start":{"line":198,"column":17},"end":{"line":212,"column":null}},"52":{"start":{"line":199,"column":14},"end":{"line":199,"column":91}},"53":{"start":{"line":200,"column":17},"end":{"line":212,"column":null}},"54":{"start":{"line":201,"column":14},"end":{"line":201,"column":91}},"55":{"start":{"line":202,"column":17},"end":{"line":212,"column":null}},"56":{"start":{"line":203,"column":14},"end":{"line":203,"column":91}},"57":{"start":{"line":206,"column":14},"end":{"line":211,"column":16}},"58":{"start":{"line":214,"column":12},"end":{"line":230,"column":null}},"59":{"start":{"line":215,"column":14},"end":{"line":215,"column":91}},"60":{"start":{"line":216,"column":17},"end":{"line":230,"column":null}},"61":{"start":{"line":217,"column":14},"end":{"line":217,"column":91}},"62":{"start":{"line":218,"column":17},"end":{"line":230,"column":null}},"63":{"start":{"line":219,"column":14},"end":{"line":219,"column":91}},"64":{"start":{"line":220,"column":17},"end":{"line":230,"column":null}},"65":{"start":{"line":221,"column":14},"end":{"line":221,"column":91}},"66":{"start":{"line":224,"column":14},"end":{"line":229,"column":16}},"67":{"start":{"line":233,"column":10},"end":{"line":233,"column":100}},"68":{"start":{"line":236,"column":8},"end":{"line":242,"column":null}},"69":{"start":{"line":238,"column":10},"end":{"line":238,"column":94}},"70":{"start":{"line":241,"column":10},"end":{"line":241,"column":93}},"71":{"start":{"line":245,"column":8},"end":{"line":245,"column":98}},"72":{"start":{"line":254,"column":24},"end":{"line":260,"column":null}},"73":{"start":{"line":263,"column":18},"end":{"line":263,"column":41}},"74":{"start":{"line":264,"column":18},"end":{"line":264,"column":41}},"75":{"start":{"line":266,"column":6},"end":{"line":290,"column":null}},"76":{"start":{"line":268,"column":8},"end":{"line":287,"column":null}},"77":{"start":{"line":270,"column":10},"end":{"line":284,"column":null}},"78":{"start":{"line":271,"column":12},"end":{"line":271,"column":59}},"79":{"start":{"line":272,"column":15},"end":{"line":284,"column":null}},"80":{"start":{"line":273,"column":12},"end":{"line":273,"column":59}},"81":{"start":{"line":274,"column":15},"end":{"line":284,"column":null}},"82":{"start":{"line":274,"column":44},"end":{"line":274,"column":91}},"83":{"start":{"line":275,"column":15},"end":{"line":284,"column":null}},"84":{"start":{"line":275,"column":44},"end":{"line":275,"column":91}},"85":{"start":{"line":278,"column":12},"end":{"line":283,"column":14}},"86":{"start":{"line":286,"column":10},"end":{"line":286,"column":100}},"87":{"start":{"line":289,"column":8},"end":{"line":289,"column":98}},"88":{"start":{"line":296,"column":24},"end":{"line":302,"column":null}},"89":{"start":{"line":305,"column":18},"end":{"line":305,"column":41}},"90":{"start":{"line":306,"column":18},"end":{"line":306,"column":41}},"91":{"start":{"line":308,"column":6},"end":{"line":332,"column":null}},"92":{"start":{"line":310,"column":8},"end":{"line":329,"column":null}},"93":{"start":{"line":312,"column":10},"end":{"line":326,"column":null}},"94":{"start":{"line":313,"column":12},"end":{"line":313,"column":58}},"95":{"start":{"line":314,"column":15},"end":{"line":326,"column":null}},"96":{"start":{"line":315,"column":12},"end":{"line":315,"column":58}},"97":{"start":{"line":316,"column":15},"end":{"line":326,"column":null}},"98":{"start":{"line":316,"column":44},"end":{"line":316,"column":90}},"99":{"start":{"line":317,"column":15},"end":{"line":326,"column":null}},"100":{"start":{"line":317,"column":44},"end":{"line":317,"column":90}},"101":{"start":{"line":320,"column":12},"end":{"line":325,"column":14}},"102":{"start":{"line":328,"column":10},"end":{"line":328,"column":100}},"103":{"start":{"line":331,"column":8},"end":{"line":331,"column":98}},"104":{"start":{"line":336,"column":6},"end":{"line":336,"column":39}},"105":{"start":{"line":341,"column":8},"end":{"line":341,"column":95}},"106":{"start":{"line":344,"column":23},"end":{"line":347,"column":null}},"107":{"start":{"line":346,"column":31},"end":{"line":346,"column":49}},"108":{"start":{"line":349,"column":6},"end":{"line":350,"column":27}},"109":{"start":{"line":349,"column":26},"end":{"line":349,"column":70}},"110":{"start":{"line":350,"column":11},"end":{"line":350,"column":27}},"111":{"start":{"line":353,"column":6},"end":{"line":353,"column":60}},"112":{"start":{"line":357,"column":6},"end":{"line":357,"column":57}},"113":{"start":{"line":359,"column":6},"end":{"line":359,"column":57}},"114":{"start":{"line":361,"column":6},"end":{"line":361,"column":57}},"115":{"start":{"line":363,"column":6},"end":{"line":363,"column":57}},"116":{"start":{"line":365,"column":6},"end":{"line":365,"column":57}},"117":{"start":{"line":367,"column":6},"end":{"line":367,"column":57}},"118":{"start":{"line":371,"column":6},"end":{"line":375,"column":94}},"119":{"start":{"line":371,"column":32},"end":{"line":371,"column":74}},"120":{"start":{"line":373,"column":11},"end":{"line":375,"column":94}},"121":{"start":{"line":373,"column":38},"end":{"line":373,"column":80}},"122":{"start":{"line":375,"column":11},"end":{"line":375,"column":94}},"123":{"start":{"line":375,"column":37},"end":{"line":375,"column":94}},"124":{"start":{"line":376,"column":6},"end":{"line":376,"column":12}},"125":{"start":{"line":383,"column":17},"end":{"line":395,"column":null}},"126":{"start":{"line":393,"column":31},"end":{"line":393,"column":86}},"127":{"start":{"line":398,"column":38},"end":{"line":398,"column":40}},"128":{"start":{"line":399,"column":27},"end":{"line":408,"column":8}},"129":{"start":{"line":409,"column":6},"end":{"line":425,"column":null}},"130":{"start":{"line":420,"column":8},"end":{"line":420,"column":32}},"131":{"start":{"line":421,"column":8},"end":{"line":421,"column":99}},"132":{"start":{"line":423,"column":8},"end":{"line":424,"column":67}},"133":{"start":{"line":423,"column":59},"end":{"line":423,"column":83}},"134":{"start":{"line":424,"column":13},"end":{"line":424,"column":67}},"135":{"start":{"line":426,"column":6},"end":{"line":426,"column":33}},"136":{"start":{"line":428,"column":6},"end":{"line":428,"column":49}},"137":{"start":{"line":431,"column":6},"end":{"line":431,"column":83}},"138":{"start":{"line":434,"column":6},"end":{"line":434,"column":84}},"139":{"start":{"line":442,"column":6},"end":{"line":442,"column":16}},"140":{"start":{"line":451,"column":22},"end":{"line":451,"column":51}},"141":{"start":{"line":452,"column":6},"end":{"line":454,"column":88}},"142":{"start":{"line":453,"column":8},"end":{"line":453,"column":84}},"143":{"start":{"line":454,"column":13},"end":{"line":454,"column":88}},"144":{"start":{"line":460,"column":2},"end":{"line":460,"column":30}},"145":{"start":{"line":461,"column":2},"end":{"line":461,"column":20}},"146":{"start":{"line":462,"column":2},"end":{"line":462,"column":18}},"147":{"start":{"line":465,"column":28},"end":{"line":503,"column":1}},"148":{"start":{"line":467,"column":15},"end":{"line":467,"column":29}},"149":{"start":{"line":469,"column":2},"end":{"line":469,"column":56}},"150":{"start":{"line":471,"column":13},"end":{"line":471,"column":81}},"151":{"start":{"line":473,"column":34},"end":{"line":473,"column":36}},"152":{"start":{"line":474,"column":2},"end":{"line":495,"column":4}},"153":{"start":{"line":476,"column":6},"end":{"line":493,"column":8}},"154":{"start":{"line":497,"column":2},"end":{"line":497,"column":29}},"155":{"start":{"line":499,"column":2},"end":{"line":499,"column":37}},"156":{"start":{"line":500,"column":2},"end":{"line":500,"column":36}},"157":{"start":{"line":502,"column":2},"end":{"line":502,"column":31}}},"fnMap":{"0":{"name":"(anonymous_0)","decl":{"start":{"line":35,"column":21},"end":{"line":35,"column":null}},"loc":{"start":{"line":43,"column":21},"end":{"line":463,"column":1}}},"1":{"name":"(anonymous_1)","decl":{"start":{"line":60,"column":24},"end":{"line":60,"column":null}},"loc":{"start":{"line":63,"column":23},"end":{"line":65,"column":3}}},"2":{"name":"(anonymous_2)","decl":{"start":{"line":82,"column":33},"end":{"line":82,"column":34}},"loc":{"start":{"line":82,"column":43},"end":{"line":90,"column":7}}},"3":{"name":"(anonymous_3)","decl":{"start":{"line":346,"column":22},"end":{"line":346,"column":23}},"loc":{"start":{"line":346,"column":31},"end":{"line":346,"column":49}}},"4":{"name":"(anonymous_4)","decl":{"start":{"line":393,"column":24},"end":{"line":393,"column":25}},"loc":{"start":{"line":393,"column":31},"end":{"line":393,"column":86}}},"5":{"name":"(anonymous_5)","decl":{"start":{"line":465,"column":28},"end":{"line":465,"column":29}},"loc":{"start":{"line":465,"column":85},"end":{"line":503,"column":1}}},"6":{"name":"(anonymous_6)","decl":{"start":{"line":475,"column":24},"end":{"line":475,"column":25}},"loc":{"start":{"line":475,"column":33},"end":{"line":494,"column":5}}}},"branchMap":{"0":{"loc":{"start":{"line":62,"column":4},"end":{"line":62,"column":50}},"type":"default-arg","locations":[{"start":{"line":62,"column":40},"end":{"line":62,"column":50}}]},"1":{"loc":{"start":{"line":67,"column":2},"end":{"line":458,"column":null}},"type":"switch","locations":[{"start":{"line":69,"column":4},"end":{"line":78,"column":null}},{"start":{"line":80,"column":4},"end":{"line":93,"column":null}},{"start":{"line":95,"column":4},"end":{"line":132,"column":null}},{"start":{"line":134,"column":4},"end":{"line":156,"column":null}},{"start":{"line":157,"column":4},"end":{"line":175,"column":null}},{"start":{"line":176,"column":4},"end":{"line":180,"column":98}},{"start":{"line":181,"column":4},"end":{"line":247,"column":null}},{"start":{"line":250,"column":4},"end":{"line":291,"column":null}},{"start":{"line":292,"column":4},"end":{"line":333,"column":null}},{"start":{"line":335,"column":4},"end":{"line":336,"column":39}},{"start":{"line":338,"column":4},"end":{"line":351,"column":null}},{"start":{"line":352,"column":4},"end":{"line":354,"column":null}},{"start":{"line":356,"column":4},"end":{"line":357,"column":57}},{"start":{"line":358,"column":4},"end":{"line":359,"column":57}},{"start":{"line":360,"column":4},"end":{"line":361,"column":57}},{"start":{"line":362,"column":4},"end":{"line":363,"column":57}},{"start":{"line":364,"column":4},"end":{"line":365,"column":57}},{"start":{"line":366,"column":4},"end":{"line":367,"column":57}},{"start":{"line":369,"column":4},"end":{"line":376,"column":12}},{"start":{"line":377,"column":4},"end":{"line":435,"column":null}},{"start":{"line":440,"column":4},"end":{"line":440,"column":38}},{"start":{"line":441,"column":4},"end":{"line":442,"column":16}},{"start":{"line":450,"column":4},"end":{"line":455,"column":null}}]},"2":{"loc":{"start":{"line":75,"column":8},"end":{"line":75,"column":83}},"type":"cond-expr","locations":[{"start":{"line":75,"column":40},"end":{"line":75,"column":71}},{"start":{"line":75,"column":74},"end":{"line":75,"column":83}}]},"3":{"loc":{"start":{"line":109,"column":6},"end":{"line":110,"column":48}},"type":"if","locations":[{"start":{"line":109,"column":6},"end":{"line":110,"column":48}},{"start":{"line":110,"column":11},"end":{"line":110,"column":48}}]},"4":{"loc":{"start":{"line":116,"column":6},"end":{"line":129,"column":null}},"type":"if","locations":[{"start":{"line":116,"column":6},"end":{"line":129,"column":null}}]},"5":{"loc":{"start":{"line":140,"column":6},"end":{"line":155,"column":null}},"type":"if","locations":[{"start":{"line":140,"column":6},"end":{"line":155,"column":null}},{"start":{"line":151,"column":13},"end":{"line":155,"column":null}}]},"6":{"loc":{"start":{"line":159,"column":6},"end":{"line":174,"column":null}},"type":"if","locations":[{"start":{"line":159,"column":6},"end":{"line":174,"column":null}},{"start":{"line":171,"column":13},"end":{"line":174,"column":null}}]},"7":{"loc":{"start":{"line":164,"column":8},"end":{"line":170,"column":null}},"type":"if","locations":[{"start":{"line":164,"column":8},"end":{"line":170,"column":null}},{"start":{"line":167,"column":15},"end":{"line":170,"column":null}}]},"8":{"loc":{"start":{"line":177,"column":6},"end":{"line":180,"column":98}},"type":"if","locations":[{"start":{"line":177,"column":6},"end":{"line":180,"column":98}},{"start":{"line":180,"column":11},"end":{"line":180,"column":98}}]},"9":{"loc":{"start":{"line":183,"column":6},"end":{"line":246,"column":null}},"type":"if","locations":[{"start":{"line":183,"column":6},"end":{"line":246,"column":null}},{"start":{"line":243,"column":13},"end":{"line":246,"column":null}}]},"10":{"loc":{"start":{"line":186,"column":37},"end":{"line":188,"column":82}},"type":"cond-expr","locations":[{"start":{"line":187,"column":12},"end":{"line":187,"column":83}},{"start":{"line":188,"column":12},"end":{"line":188,"column":82}}]},"11":{"loc":{"start":{"line":193,"column":8},"end":{"line":234,"column":null}},"type":"if","locations":[{"start":{"line":193,"column":8},"end":{"line":234,"column":null}},{"start":{"line":232,"column":15},"end":{"line":234,"column":null}}]},"12":{"loc":{"start":{"line":195,"column":10},"end":{"line":231,"column":null}},"type":"if","locations":[{"start":{"line":195,"column":10},"end":{"line":231,"column":null}},{"start":{"line":213,"column":17},"end":{"line":231,"column":null}}]},"13":{"loc":{"start":{"line":196,"column":12},"end":{"line":212,"column":null}},"type":"if","locations":[{"start":{"line":196,"column":12},"end":{"line":212,"column":null}},{"start":{"line":198,"column":17},"end":{"line":212,"column":null}}]},"14":{"loc":{"start":{"line":196,"column":16},"end":{"line":196,"column":66}},"type":"binary-expr","locations":[{"start":{"line":196,"column":16},"end":{"line":196,"column":39}},{"start":{"line":196,"column":43},"end":{"line":196,"column":66}}]},"15":{"loc":{"start":{"line":198,"column":17},"end":{"line":212,"column":null}},"type":"if","locations":[{"start":{"line":198,"column":17},"end":{"line":212,"column":null}},{"start":{"line":200,"column":17},"end":{"line":212,"column":null}}]},"16":{"loc":{"start":{"line":198,"column":21},"end":{"line":198,"column":71}},"type":"binary-expr","locations":[{"start":{"line":198,"column":21},"end":{"line":198,"column":44}},{"start":{"line":198,"column":48},"end":{"line":198,"column":71}}]},"17":{"loc":{"start":{"line":200,"column":17},"end":{"line":212,"column":null}},"type":"if","locations":[{"start":{"line":200,"column":17},"end":{"line":212,"column":null}},{"start":{"line":202,"column":17},"end":{"line":212,"column":null}}]},"18":{"loc":{"start":{"line":202,"column":17},"end":{"line":212,"column":null}},"type":"if","locations":[{"start":{"line":202,"column":17},"end":{"line":212,"column":null}},{"start":{"line":204,"column":17},"end":{"line":212,"column":null}}]},"19":{"loc":{"start":{"line":214,"column":12},"end":{"line":230,"column":null}},"type":"if","locations":[{"start":{"line":214,"column":12},"end":{"line":230,"column":null}},{"start":{"line":216,"column":17},"end":{"line":230,"column":null}}]},"20":{"loc":{"start":{"line":214,"column":16},"end":{"line":214,"column":66}},"type":"binary-expr","locations":[{"start":{"line":214,"column":16},"end":{"line":214,"column":39}},{"start":{"line":214,"column":43},"end":{"line":214,"column":66}}]},"21":{"loc":{"start":{"line":216,"column":17},"end":{"line":230,"column":null}},"type":"if","locations":[{"start":{"line":216,"column":17},"end":{"line":230,"column":null}},{"start":{"line":218,"column":17},"end":{"line":230,"column":null}}]},"22":{"loc":{"start":{"line":216,"column":21},"end":{"line":216,"column":71}},"type":"binary-expr","locations":[{"start":{"line":216,"column":21},"end":{"line":216,"column":44}},{"start":{"line":216,"column":48},"end":{"line":216,"column":71}}]},"23":{"loc":{"start":{"line":218,"column":17},"end":{"line":230,"column":null}},"type":"if","locations":[{"start":{"line":218,"column":17},"end":{"line":230,"column":null}},{"start":{"line":220,"column":17},"end":{"line":230,"column":null}}]},"24":{"loc":{"start":{"line":220,"column":17},"end":{"line":230,"column":null}},"type":"if","locations":[{"start":{"line":220,"column":17},"end":{"line":230,"column":null}},{"start":{"line":222,"column":17},"end":{"line":230,"column":null}}]},"25":{"loc":{"start":{"line":236,"column":8},"end":{"line":242,"column":null}},"type":"if","locations":[{"start":{"line":236,"column":8},"end":{"line":242,"column":null}},{"start":{"line":239,"column":15},"end":{"line":242,"column":null}}]},"26":{"loc":{"start":{"line":266,"column":6},"end":{"line":290,"column":null}},"type":"if","locations":[{"start":{"line":266,"column":6},"end":{"line":290,"column":null}},{"start":{"line":288,"column":13},"end":{"line":290,"column":null}}]},"27":{"loc":{"start":{"line":268,"column":8},"end":{"line":287,"column":null}},"type":"if","locations":[{"start":{"line":268,"column":8},"end":{"line":287,"column":null}},{"start":{"line":285,"column":15},"end":{"line":287,"column":null}}]},"28":{"loc":{"start":{"line":270,"column":10},"end":{"line":284,"column":null}},"type":"if","locations":[{"start":{"line":270,"column":10},"end":{"line":284,"column":null}},{"start":{"line":272,"column":15},"end":{"line":284,"column":null}}]},"29":{"loc":{"start":{"line":2
[...]
"line":91,"column":2},"end":{"line":91,"column":51}},"34":{"start":{"line":93,"column":2},"end":{"line":93,"column":95}},"35":{"start":{"line":93,"column":52},"end":{"line":93,"column":95}},"36":{"start":{"line":94,"column":2},"end":{"line":94,"column":89}},"37":{"start":{"line":94,"column":49},"end":{"line":94,"column":89}},"38":{"start":{"line":95,"column":2},"end":{"line":95,"column":91}},"39":{"start":{"line":95,"column":50},"end":{"line":95,"column":91}},"40":{"start":{"line":96,"column":2},"end":{"line":96,"column":91}},"41":{"start":{"line":96,"column":50},"end":{"line":96,"column":91}},"42":{"start":{"line":98,"column":2},"end":{"line":98,"column":11}},"43":{"start":{"line":101,"column":27},"end":{"line":152,"column":1}},"44":{"start":{"line":103,"column":42},"end":{"line":103,"column":51}},"45":{"start":{"line":104,"column":2},"end":{"line":106,"column":null}},"46":{"start":{"line":105,"column":4},"end":{"line":105,"column":43}},"47":{"start":{"line":107,"column":2},"end":{"line":109,"column":null}},"48":{"start":{"line":108,"column":4},"end":{"line":108,"column":46}},"49":{"start":{"line":111,"column":29},"end":{"line":111,"column":31}},"50":{"start":{"line":112,"column":2},"end":{"line":129,"column":null}},"51":{"start":{"line":113,"column":4},"end":{"line":128,"column":31}},"52":{"start":{"line":114,"column":23},"end":{"line":114,"column":38}},"53":{"start":{"line":115,"column":6},"end":{"line":127,"column":73}},"54":{"start":{"line":116,"column":8},"end":{"line":116,"column":64}},"55":{"start":{"line":117,"column":13},"end":{"line":127,"column":73}},"56":{"start":{"line":118,"column":8},"end":{"line":118,"column":64}},"57":{"start":{"line":119,"column":13},"end":{"line":127,"column":73}},"58":{"start":{"line":120,"column":8},"end":{"line":120,"column":64}},"59":{"start":{"line":121,"column":13},"end":{"line":127,"column":73}},"60":{"start":{"line":122,"column":8},"end":{"line":122,"column":70}},"61":{"start":{"line":123,"column":13},"end":{"line":127,"column":73}},"62":{"start":{"line":124,"column":8},"end":{"line":124,"column":70}},"63":{"start":{"line":125,"column":13},"end":{"line":127,"column":73}},"64":{"start":{"line":126,"column":8},"end":{"line":126,"column":72}},"65":{"start":{"line":127,"column":13},"end":{"line":127,"column":73}},"66":{"start":{"line":128,"column":11},"end":{"line":128,"column":31}},"67":{"start":{"line":131,"column":24},"end":{"line":131,"column":58}},"68":{"start":{"line":133,"column":2},"end":{"line":133,"column":47}},"69":{"start":{"line":135,"column":25},"end":{"line":146,"column":4}},"70":{"start":{"line":141,"column":8},"end":{"line":141,"column":29}},"71":{"start":{"line":147,"column":2},"end":{"line":147,"column":69}},"72":{"start":{"line":149,"column":2},"end":{"line":149,"column":71}},"73":{"start":{"line":151,"column":2},"end":{"line":151,"column":16}},"74":{"start":{"line":154,"column":23},"end":{"line":162,"column":1}},"75":{"start":{"line":156,"column":20},"end":{"line":158,"column":4}},"76":{"start":{"line":157,"column":4},"end":{"line":157,"column":43}},"77":{"start":{"line":157,"column":29},"end":{"line":157,"column":41}},"78":{"start":{"line":159,"column":2},"end":{"line":159,"column":40}},"79":{"start":{"line":159,"column":23},"end":{"line":159,"column":40}},"80":{"start":{"line":161,"column":2},"end":{"line":161,"column":43}},"81":{"start":{"line":165,"column":26},"end":{"line":180,"column":1}},"82":{"start":{"line":167,"column":2},"end":{"line":176,"column":5}},"83":{"start":{"line":179,"column":2},"end":{"line":179,"column":16}},"84":{"start":{"line":183,"column":25},"end":{"line":186,"column":1}},"85":{"start":{"line":184,"column":2},"end":{"line":184,"column":37}},"86":{"start":{"line":185,"column":2},"end":{"line":185,"column":16}},"87":{"start":{"line":188,"column":25},"end":{"line":206,"column":1}},"88":{"start":{"line":196,"column":2},"end":{"line":196,"column":64}},"89":{"start":{"line":198,"column":2},"end":{"line":203,"column":5}},"90":{"start":{"line":205,"column":2},"end":{"line":205,"column":16}},"91":{"start":{"line":208,"column":25},"end":{"line":228,"column":1}},"92":{"start":{"line":215,"column":2},"end":{"line":219,"column":null}},"93":{"start":{"line":216,"column":4},"end":{"line":218,"column":70}},"94":{"start":{"line":217,"column":6},"end":{"line":217,"column":67}},"95":{"start":{"line":218,"column":9},"end":{"line":218,"column":70}},"96":{"start":{"line":221,"column":2},"end":{"line":225,"column":5}},"97":{"start":{"line":227,"column":2},"end":{"line":227,"column":16}},"98":{"start":{"line":230,"column":24},"end":{"line":243,"column":1}},"99":{"start":{"line":232,"column":2},"end":{"line":236,"column":null}},"100":{"start":{"line":233,"column":4},"end":{"line":235,"column":69}},"101":{"start":{"line":234,"column":6},"end":{"line":234,"column":65}},"102":{"start":{"line":235,"column":9},"end":{"line":235,"column":69}},"103":{"start":{"line":238,"column":2},"end":{"line":240,"column":4}},"104":{"start":{"line":242,"column":2},"end":{"line":242,"column":16}},"105":{"start":{"line":245,"column":23},"end":{"line":256,"column":1}},"106":{"start":{"line":247,"column":2},"end":{"line":254,"column":5}},"107":{"start":{"line":255,"column":2},"end":{"line":255,"column":16}},"108":{"start":{"line":258,"column":29},"end":{"line":288,"column":1}},"109":{"start":{"line":260,"column":2},"end":{"line":266,"column":null}},"110":{"start":{"line":261,"column":4},"end":{"line":265,"column":7}},"111":{"start":{"line":268,"column":2},"end":{"line":287,"column":5}}},"fnMap":{"0":{"name":"(anonymous_0)","decl":{"start":{"line":10,"column":30},"end":{"line":10,"column":31}},"loc":{"start":{"line":10,"column":93},"end":{"line":13,"column":2}}},"1":{"name":"(anonymous_1)","decl":{"start":{"line":14,"column":29},"end":{"line":14,"column":30}},"loc":{"start":{"line":14,"column":89},"end":{"line":21,"column":1}}},"2":{"name":"(anonymous_2)","decl":{"start":{"line":18,"column":39},"end":{"line":18,"column":40}},"loc":{"start":{"line":18,"column":46},"end":{"line":18,"column":59}}},"3":{"name":"(anonymous_3)","decl":{"start":{"line":19,"column":24},"end":{"line":19,"column":25}},"loc":{"start":{"line":19,"column":31},"end":{"line":19,"column":44}}},"4":{"name":"(anonymous_4)","decl":{"start":{"line":23,"column":28},"end":{"line":23,"column":null}},"loc":{"start":{"line":28,"column":16},"end":{"line":41,"column":1}}},"5":{"name":"(anonymous_5)","decl":{"start":{"line":43,"column":28},"end":{"line":43,"column":29}},"loc":{"start":{"line":43,"column":67},"end":{"line":82,"column":1}}},"6":{"name":"(anonymous_6)","decl":{"start":{"line":84,"column":25},"end":{"line":84,"column":26}},"loc":{"start":{"line":84,"column":80},"end":{"line":99,"column":1}}},"7":{"name":"(anonymous_7)","decl":{"start":{"line":101,"column":27},"end":{"line":101,"column":28}},"loc":{"start":{"line":101,"column":82},"end":{"line":152,"column":1}}},"8":{"name":"(anonymous_8)","decl":{"start":{"line":139,"column":11},"end":{"line":139,"column":12}},"loc":{"start":{"line":139,"column":23},"end":{"line":142,"column":7}}},"9":{"name":"(anonymous_9)","decl":{"start":{"line":154,"column":23},"end":{"line":154,"column":24}},"loc":{"start":{"line":154,"column":70},"end":{"line":162,"column":1}}},"10":{"name":"(anonymous_10)","decl":{"start":{"line":156,"column":49},"end":{"line":156,"column":50}},"loc":{"start":{"line":156,"column":55},"end":{"line":158,"column":3}}},"11":{"name":"(anonymous_11)","decl":{"start":{"line":157,"column":19},"end":{"line":157,"column":20}},"loc":{"start":{"line":157,"column":29},"end":{"line":157,"column":41}}},"12":{"name":"(anonymous_12)","decl":{"start":{"line":165,"column":26},"end":{"line":165,"column":27}},"loc":{"start":{"line":165,"column":79},"end":{"line":180,"column":1}}},"13":{"name":"(anonymous_13)","decl":{"start":{"line":183,"column":25},"end":{"line":183,"column":26}},"loc":{"start":{"line":183,"column":79},"end":{"line":186,"column":1}}},"14":{"name":"(anonymous_14)","decl":{"start":{"line":188,"column":25},"end":{"line":188,"column":null}},"loc":{"start":{"line":194,"column":16},"end":{"line":206,"column":1}}},"15":{"name":"(anonymous_15)","decl":{"start":{"line":208,"column":25},"end":{"line":208,"column":null}},"loc":{"start":{"line":213,"column":16},"end":{"line":228,"column":1}}},"16":{"name":"(anonymous_16)","decl":{"start":{"line":230,"column":24},"end":{"line":230,"column":25}},"loc":{"start":{"line":230,"column":93},"end":{"line":243,"column":1}}},"17":{"name":"(anonymous_17)","decl":{"start":{"line":245,"column":23},"end":{"line":245,"column":24}},"loc":{"start":{"line":245,"column":96},"end":{"line":256,"column":1}}},"18":{"name":"(anonymous_18)","decl":{"start":{"line":258,"column":29},"end":{"line":258,"column":30}},"loc":{"start":{"line":258,"column":89},"end":{"line":288,"column":1}}}},"branchMap":{"0":{"loc":{"start":{"line":15,"column":2},"end":{"line":20,"column":7}},"type":"if","locations":[{"start":{"line":15,"column":2},"end":{"line":20,"column":7}},{"start":{"line":17,"column":4},"end":{"line":20,"column":7}}]},"1":{"loc":{"start":{"line":64,"column":2},"end":{"line":79,"column":null}},"type":"if","locations":[{"start":{"line":64,"column":2},"end":{"line":79,"column":null}}]},"2":{"loc":{"start":{"line":67,"column":6},"end":{"line":70,"column":94}},"type":"if","locations":[{"start":{"line":67,"column":6},"end":{"line":70,"column":94}},{"start":{"line":68,"column":11},"end":{"line":70,"column":94}}]},"3":{"loc":{"start":{"line":68,"column":11},"end":{"line":70,"column":94}},"type":"if","locations":[{"start":{"line":68,"column":11},"end":{"line":70,"column":94}},{"start":{"line":69,"column":11},"end":{"line":70,"column":94}}]},"4":{"loc":{"start":{"line":69,"column":11},"end":{"line":70,"column":94}},"type":"if","locations":[{"start":{"line":69,"column":11},"end":{"line":70,"column":94}},{"start":{"line":70,"column":11},"end":{"line":70,"column":94}}]},"5":{"loc":{"start":{"line":70,"column":11},"end":{"line":70,"column":94}},"type":"if","locations":[{"start":{"line":70,"column":11},"end":{"line":70,"column":94}}]},"6":{"loc":{"start":{"line":72,"column":6},"end":{"line":75,"column":89}},"type":"if","locations":[{"start":{"line":72,"column":6},"end":{"line":75,"column":89}},{"start":{"line":74,"column":11},"end":{"line":75,"column":89}}]},"7":{"loc":{"start":{"line":74,"column":11},"end":{"line":75,"column":89}},"type":"if","locations":[{"start":{"line":74,"column":11},"end":{"line":75,"column":89}}]},"8":{"loc":{"start":{"line":86,"column":2},"end":{"line":89,"column":71}},"type":"if","locations":[{"start":{"line":86,"column":2},"end":{"line":89,"column":71}},{"start":{"line":88,"column":7},"end":{"line":89,"column":71}}]},"9":{"loc":{"start":{"line":88,"column":7},"end":{"line":89,"column":71}},"type":"if","locations":[{"start":{"line":88,"column":7},"end":{"line":89,"column":71}}]},"10":{"loc":{"start":{"line":93,"column":2},"end":{"line":93,"column":95}},"type":"if","locations":[{"start":{"line":93,"column":2},"end":{"line":93,"column":95}}]},"11":{"loc":{"start":{"line":94,"column":2},"end":{"line":94,"column":89}},"type":"if","locations":[{"start":{"line":94,"column":2},"end":{"line":94,"column":89}}]},"12":{"loc":{"start":{"line":95,"column":2},"end":{"line":95,"column":91}},"type":"if","locations":[{"start":{"line":95,"column":2},"end":{"line":95,"column":91}}]},"13":{"loc":{"start":{"line":96,"column":2},"end":{"line":96,"column":91}},"type":"if","locations":[{"start":{"line":96,"column":2},"end":{"line":96,"column":91}}]},"14":{"loc":{"start":{"line":113,"column":4},"end":{"line":128,"column":31}},"type":"if","locations":[{"start":{"line":113,"column":4},"end":{"line":128,"column":31}},{"start":{"line":128,"column":11},"end":{"line":128,"column":31}}]},"15":{"loc":{"start":{"line":115,"column":6},"end":{"line":127,"column":73}},"type":"if","locations":[{"start":{"line":115,"column":6},"end":{"line":127,"column":73}},{"start":{"line":117,"column":13},"end":{"line":127,"column":73}}]},"16":{"loc":{"start":{"line":115,"column":10},"end":{"line":115,"column":50}},"type":"binary-expr","locations":[{"start":{"line":115,"column":10},"end":{"line":115,"column":26}},{"start":{"line":115,"column":30},"end":{"line":115,"column":50}}]},"17":{"loc":{"start":{"line":117,"column":13},"end":{"line":127,"column":73}},"type":"if","locations":[{"start":{"line":117,"column":13},"end":{"line":127,"column":73}},{"start":{"line":119,"column":13},"end":{"line":127,"column":73}}]},"18":{"loc":{"start":{"line":117,"column":17},"end":{"line":117,"column":57}},"type":"binary-expr","locations":[{"start":{"line":117,"column":17},"end":{"line":117,"column":33}},{"start":{"line":117,"column":37},"end":{"line":117,"column":57}}]},"19":{"loc":{"start":{"line":119,"column":13},"end":{"line":127,"column":73}},"type":"if","locations":[{"start":{"line":119,"column":13},"end":{"line":127,"column":73}},{"start":{"line":121,"column":13},"end":{"line":127,"column":73}}]},"20":{"loc":{"start":{"line":119,"column":17},"end":{"line":119,"column":57}},"type":"binary-expr","locations":[{"start":{"line":119,"column":17},"end":{"line":119,"column":33}},{"start":{"line":119,"column":37},"end":{"line":119,"column":57}}]},"21":{"loc":{"start":{"line":121,"column":13},"end":{"line":127,"column":73}},"type":"if","locations":[{"start":{"line":121,"column":13},"end":{"line":127,"column":73}},{"start":{"line":123,"column":13},"end":{"line":127,"column":73}}]},"22":{"loc":{"start":{"line":121,"column":17},"end":{"line":121,"column":63}},"type":"binary-expr","locations":[{"start":{"line":121,"column":17},"end":{"line":121,"column":33}},{"start":{"line":121,"column":37},"end":{"line":121,"column":63}}]},"23":{"loc":{"start":{"line":123,"column":13},"end":{"line":127,"column":73}},"type":"if","locations":[{"start":{"line":123,"column":13},"end":{"line":127,"column":73}},{"start":{"line":125,"column":13},"end":{"line":127,"column":73}}]},"24":{"loc":{"start":{"line":123,"column":17},"end":{"line":123,"column":63}},"type":"binary-expr","locations":[{"start":{"line":123,"column":17},"end":{"line":123,"column":33}},{"start":{"line":123,"column":37},"end":{"line":123,"column":63}}]},"25":{"loc":{"start":{"line":125,"column":13},"end":{"line":127,"column":73}},"type":"if","locations":[{"start":{"line":125,"column":13},"end":{"line":127,"column":73}},{"start":{"line":127,"column":13},"end":{"line":127,"column":73}}]},"26":{"loc":{"start":{"line":125,"column":17},"end":{"line":125,"column":65}},"type":"binary-expr","locations":[{"start":{"line":125,"column":17},"end":{"line":125,"column":33}},{"start":{"line":125,"column":37},"end":{"line":125,"column":65}}]},"27":{"loc":{"start":{"line":159,"column":2},"end":{"line":159,"column":40}},"type":"if","locations":[{"start":{"line":159,"column":2},"end":{"line":159,"column":40}}]},"28":{"loc":{"start":{"line":200,"column":4},"end":{"line":200,"column":25}},"type":"cond-expr","locations":[{"start":{"line":200,"column":14},"end":{"line":200,"column":18}},{"start":{"line":200,"column":21},"end":{"line":200,"column":25}}]},"29":{"loc":{"start":{"line":215,"column":2},"end":{"line":219,"column":null}},"type":"if","locations":[{"start":{"line":215,"column":2},"end":{"line":219,"column":null}}]},"30":{"loc":{"start":{"line":216,"column":4},"end":{"line":218,"column":70}},"type":"if","locations":[{"start":{"line":216,"column":4},"end":{"line":218,"column":70}},{"start":{"line":218,"column":9},"end":{"line":218,"column":70}}]},"31":{"loc":{"start":{"line":216,"column":8},"end":{"line":216,"column":91}},"type":"binary-expr","locations":[{"start":{"line":216,"column":8},"end":{"line":216,"column":47}},{"start":{"line":216,"column":51},"end":{"line":216,"column":91}}]},"32":{"loc":{"start":{"line":232,"column":2},"end":{"line":236,"column":null}},"type":"if","locations":[{"start":{"line":232,"column":2},"end":{"line":236,"column":null}}]},"33":{"loc":{"start":{"line":233,"column":4},"end":{"line":235,"column":69}},"type":"if","locations":[{"start":{"line":233,"column":4},"end":{"line":235,"column":69}},{"start":{"line":235,"column":9},"end":{"line":235,"column":69}}]},"34":{"loc":{"start":{"line":258,"column":50},"end":{"line":258,"column":73}},"type":"default-arg","locations":[{"start":{"line":258,"column":69},"end":{"line":258,"column":73}}]},"35":{"loc":{"start":{"line":260,"column":2},"end":{"line":266,"column":null}},"type":"if","locations":[{"start":{"line":260,"column":2},"end":{"line":266,"column":null}}]},"36":{"loc":{"start":{"line":282,"column":8},"end":{"line":284,"column":10}},"type":"cond-expr","locations":[{"start":{"line":283,"column":8},"end":{"line":283,"column":88}},{"start":{"line":284,"column":8},"end":{"line":284,"column":10}}]},"37":{"loc":{"start":{"line":282,"column":8},"end":{"line":282,"column":58}},"type":"binary-expr","locations":[{"start":{"line":282,"column":8},"end":{"line":282,"column":38}},{"start":{"line":282,"column":42},"end":{"line":282,"column":58}}]}},"s":{"0":1,"1":2,"2":1,"3":2,"4":1,"5":1,"6":1,"7":1,"8":1,"9":0,"10":1,"11":4,"12":4,"13":0,"14":0,"15":0,"16":0,"17":0,"18":0,"19":0,"20":0,"21":0,"22":0,"23":0,"24":0,"25":0,"26":0,"27":4,"28":1,"29":0,"30":0,"31":0,"32":0,"33":0,"34":0,"35":0,"36":0,"37":0,"38":0,"39":0,"40":0,"41":0,"42":0,"43":1,"44":0,"45":0,"46":0,"47":0,"48":0,"49":0,"50":0,"51":0,"52":0,"53":0,"54":0,"55":0,"56":0,"57":0,"58":0,"59":0,"60":0,"61":0,"62":0,"63":0,"64":0,"65":0,"66":0,"67":0,"68":0,"69":0,"70":0,"71":0,"72":0,"73":0,"74":1,"75":0,"76":0,"77":0,"78":0,"79":0,"80":0,"81":1,"82":0,"83":0,"84":1,"85":1,"86":1,"87":1,"88":1,"89":1,"90":1,"91":1,"92":0,"93":0,"94":0,"95":0,"96":0,"97":0,"98":1,"99":0,"100":0,"101":0,"102":0,"103":0,"104":0,"105":1,"106":1,"107":1,"108":1,"109":0,"110":0,"111":0},"f":{"0":2,"1":2,"2":1,"3":1,"4":0,"5":4,"6":0,"7":0,"8":0,"9":0,"10":0,"11":0,"12":0,"13":1,"14":1,"15":0,"16":0,"17":1,"18":0},"b":{"0":[1,1],"1":[0],"2":[0,0],"3":[0,0],"4":[0,0],"5":[0],"6":[0,0],"7":[0],"8":[0,0],"9":[0],"10":[0],"11":[0],"12":[0],"13":[0],"14":[0,0],"15":[0,0],"16":[0,0],"17":[0,0],"18":[0,0],"19":[0,0],"20":[0,0],"21":[0,0],"22":[0,0],"23":[0,0],"24":[0,0],"25":[0,0],"26":[0,0],"27":[0],"28":[1,0],"29":[0],"30":[0,0],"31":[0,0],"32":[0],"33":[0,0],"34":[0],"35":[0],"36":[0,0],"37":[0,0]}}
,"C:\\Users\\Spota\\OneDrive\\Documents\\GitHub\\Brisk\\Brisk\\src\\wasmBuilder\\Build\\WasmTypes.ts": {"path":"C:\\Users\\Spota\\OneDrive\\Documents\\GitHub\\Brisk\\Brisk\\src\\wasmBuilder\\Build\\WasmTypes.ts","statementMap":{"0":{"start":{"line":4,"column":33},"end":{"line":4,"column":72}},"1":{"start":{"line":4,"column":65},"end":{"line":4,"column":72}},"2":{"start":{"line":5,"column":34},"end":{"line":11,"column":2}},"3":{"start":{"line":5,"column":89},"end":{"line":11,"column":2}},"4":{"start":{"line":12,"column":32},"end":{"line":18,"column":1}},"5":{"start":{"line":13,"column":2},"end":{"line":17,"column":4}}},"fnMap":{"0":{"name":"(anonymous_0)","decl":{"start":{"line":4,"column":33},"end":{"line":4,"column":34}},"loc":{"start":{"line":4,"column":65},"end":{"line":4,"column":72}}},"1":{"name":"(anonymous_1)","decl":{"start":{"line":5,"column":34},"end":{"line":5,"column":35}},"loc":{"start":{"line":5,"column":89},"end":{"line":11,"column":2}}},"2":{"name":"(anonymous_2)","decl":{"start":{"line":12,"column":32},"end":{"line":12,"column":33}},"loc":{"start":{"line":12,"column":82},"end":{"line":18,"column":1}}}},"branchMap":{"0":{"loc":{"start":{"line":14,"column":4},"end":{"line":14,"column":40}},"type":"cond-expr","locations":[{"start":{"line":14,"column":29},"end":{"line":14,"column":33}},{"start":{"line":14,"column":36},"end":{"line":14,"column":40}}]},"1":{"loc":{"start":{"line":16,"column":8},"end":{"line":16,"column":67}},"type":"cond-expr","locations":[{"start":{"line":16,"column":33},"end":{"line":16,"column":35}},{"start":{"line":16,"column":38},"end":{"line":16,"column":67}}]}},"s":{"0":3,"1":18,"2":3,"3":5,"4":3,"5":4},"f":{"0":18,"1":5,"2":4},"b":{"0":[3,1],"1":[3,1]}}
}
