TN:
SF:src/Compiler/index.ts
FN:9,(anonymous_0)
FNF:1
FNH:0
FNDA:0,(anonymous_0)
DA:9,0
DA:16,0
DA:18,0
DA:20,0
DA:22,0
DA:23,0
DA:24,0
DA:26,0
DA:28,0
DA:30,0
DA:34,0
DA:37,0
DA:39,0
LF:13
LH:0
BRDA:24,0,0,0
BRDA:24,0,1,0
BRF:2
BRH:0
end_of_record
TN:
SF:src/Compiler/Analyzer/index.ts
FN:31,(anonymous_0)
FN:48,(anonymous_1)
FN:63,(anonymous_2)
FN:83,(anonymous_3)
FN:110,(anonymous_4)
FN:124,(anonymous_5)
FN:142,(anonymous_6)
FN:165,(anonymous_7)
FN:213,(anonymous_8)
FN:550,(anonymous_9)
FN:572,(anonymous_10)
FN:625,(anonymous_11)
FN:646,(anonymous_12)
FN:649,(anonymous_13)
FN:681,(anonymous_14)
FN:704,(anonymous_15)
FN:747,(anonymous_16)
FN:764,(anonymous_17)
FN:791,(anonymous_18)
FN:823,(anonymous_19)
FN:839,(anonymous_20)
FN:849,(anonymous_21)
FN:874,(anonymous_22)
FN:950,(anonymous_23)
FNF:24
FNH:0
FNDA:0,(anonymous_0)
FNDA:0,(anonymous_1)
FNDA:0,(anonymous_2)
FNDA:0,(anonymous_3)
FNDA:0,(anonymous_4)
FNDA:0,(anonymous_5)
FNDA:0,(anonymous_6)
FNDA:0,(anonymous_7)
FNDA:0,(anonymous_8)
FNDA:0,(anonymous_9)
FNDA:0,(anonymous_10)
FNDA:0,(anonymous_11)
FNDA:0,(anonymous_12)
FNDA:0,(anonymous_13)
FNDA:0,(anonymous_14)
FNDA:0,(anonymous_15)
FNDA:0,(anonymous_16)
FNDA:0,(anonymous_17)
FNDA:0,(anonymous_18)
FNDA:0,(anonymous_19)
FNDA:0,(anonymous_20)
FNDA:0,(anonymous_21)
FNDA:0,(anonymous_22)
FNDA:0,(anonymous_23)
DA:31,0
DA:39,0
DA:40,0
DA:42,0
DA:44,0
DA:46,0
DA:48,0
DA:60,0
DA:61,0
DA:63,0
DA:65,0
DA:66,0
DA:68,0
DA:70,0
DA:71,0
DA:72,0
DA:73,0
DA:75,0
DA:81,0
DA:83,0
DA:91,0
DA:92,0
DA:94,0
DA:95,0
DA:102,0
DA:104,0
DA:106,0
DA:108,0
DA:110,0
DA:121,0
DA:122,0
DA:124,0
DA:126,0
DA:127,0
DA:129,0
DA:130,0
DA:131,0
DA:132,0
DA:134,0
DA:139,0
DA:142,0
DA:164,0
DA:165,0
DA:170,0
DA:173,0
DA:177,0
DA:178,0
DA:179,0
DA:180,0
DA:181,0
DA:182,0
DA:186,0
DA:187,0
DA:188,0
DA:196,0
DA:202,0
DA:203,0
DA:204,0
DA:210,0
DA:213,0
DA:214,0
DA:230,0
DA:239,0
DA:244,0
DA:245,0
DA:251,0
DA:253,0
DA:254,0
DA:256,0
DA:258,0
DA:267,0
DA:269,0
DA:271,0
DA:272,0
DA:273,0
DA:274,0
DA:280,0
DA:282,0
DA:289,0
DA:292,0
DA:293,0
DA:294,0
DA:296,0
DA:297,0
DA:299,0
DA:309,0
DA:311,0
DA:313,0
DA:314,0
DA:317,0
DA:321,0
DA:323,0
DA:330,0
DA:333,0
DA:338,0
DA:355,0
DA:358,0
DA:360,0
DA:378,0
DA:381,0
DA:383,0
DA:385,0
DA:386,0
DA:387,0
DA:389,0
DA:390,0
DA:396,0
DA:404,0
DA:405,0
DA:411,0
DA:413,0
DA:425,0
DA:426,0
DA:433,0
DA:447,0
DA:451,0
DA:461,0
DA:462,0
DA:463,0
DA:466,0
DA:467,0
DA:474,0
DA:487,0
DA:492,0
DA:494,0
DA:512,0
DA:513,0
DA:516,0
DA:519,0
DA:520,0
DA:522,0
DA:532,0
DA:533,0
DA:539,0
DA:542,0
DA:543,0
DA:547,0
DA:549,0
DA:550,0
DA:551,0
DA:560,0
DA:561,0
DA:562,0
DA:563,0
DA:569,0
DA:572,0
DA:573,0
DA:581,0
DA:593,0
DA:616,0
DA:619,0
DA:623,0
DA:624,0
DA:625,0
DA:626,0
DA:627,0
DA:629,0
DA:633,0
DA:634,0
DA:635,0
DA:637,0
DA:640,0
DA:641,0
DA:644,0
DA:646,0
DA:647,0
DA:649,0
DA:650,0
DA:661,0
DA:664,0
DA:665,0
DA:666,0
DA:668,0
DA:669,0
DA:670,0
DA:671,0
DA:672,0
DA:680,0
DA:681,0
DA:682,0
DA:694,0
DA:704,0
DA:705,0
DA:716,0
DA:726,0
DA:727,0
DA:729,0
DA:730,0
DA:732,0
DA:735,0
DA:743,0
DA:747,0
DA:748,0
DA:749,0
DA:752,0
DA:756,0
DA:757,0
DA:759,0
DA:760,0
DA:762,0
DA:764,0
DA:766,0
DA:767,0
DA:769,0
DA:770,0
DA:776,0
DA:778,0
DA:790,0
DA:791,0
DA:792,0
DA:801,0
DA:808,0
DA:814,0
DA:817,0
DA:820,0
DA:823,0
DA:824,0
DA:827,0
DA:829,0
DA:830,0
DA:832,0
DA:833,0
DA:836,0
DA:838,0
DA:839,0
DA:840,0
DA:849,0
DA:850,0
DA:858,0
DA:865,0
DA:869,0
DA:873,0
DA:874,0
DA:875,0
DA:876,0
DA:877,0
DA:878,0
DA:879,0
DA:881,0
DA:884,0
DA:885,0
DA:888,0
DA:890,0
DA:901,0
DA:904,0
DA:905,0
DA:908,0
DA:910,0
DA:913,0
DA:915,0
DA:917,0
DA:918,0
DA:925,0
DA:928,0
DA:945,0
DA:950,0
DA:951,0
LF:257
LH:0
BRDA:39,0,0,0
BRDA:56,1,0,0
BRDA:56,2,0,0
BRDA:60,3,0,0
BRDA:60,3,1,0
BRDA:65,4,0,0
BRDA:70,5,0,0
BRDA:71,6,0,0
BRDA:77,7,0,0
BRDA:77,7,1,0
BRDA:78,8,0,0
BRDA:78,8,1,0
BRDA:91,9,0,0
BRDA:94,10,0,0
BRDA:117,11,0,0
BRDA:121,12,0,0
BRDA:121,12,1,0
BRDA:126,13,0,0
BRDA:130,14,0,0
BRDA:136,15,0,0
BRDA:136,15,1,0
BRDA:167,16,0,0
BRDA:168,17,0,0
BRDA:173,18,0,0
BRDA:173,18,1,0
BRDA:173,18,2,0
BRDA:173,18,3,0
BRDA:173,18,4,0
BRDA:173,18,5,0
BRDA:173,18,6,0
BRDA:173,18,7,0
BRDA:173,18,8,0
BRDA:173,18,9,0
BRDA:173,18,10,0
BRDA:173,18,11,0
BRDA:173,18,12,0
BRDA:173,18,13,0
BRDA:173,18,14,0
BRDA:173,18,15,0
BRDA:173,18,16,0
BRDA:173,18,17,0
BRDA:173,18,18,0
BRDA:173,18,19,0
BRDA:173,18,20,0
BRDA:173,18,21,0
BRDA:173,18,22,0
BRDA:173,18,23,0
BRDA:173,18,24,0
BRDA:173,18,25,0
BRDA:173,18,26,0
BRDA:173,18,27,0
BRDA:173,18,28,0
BRDA:173,18,29,0
BRDA:173,18,30,0
BRDA:173,18,31,0
BRDA:173,18,32,0
BRDA:173,18,33,0
BRDA:173,18,34,0
BRDA:173,18,35,0
BRDA:173,18,36,0
BRDA:173,18,37,0
BRDA:173,18,38,0
BRDA:173,18,39,0
BRDA:173,18,40,0
BRDA:173,18,41,0
BRDA:173,18,42,0
BRDA:173,18,43,0
BRDA:173,18,44,0
BRDA:173,18,45,0
BRDA:188,19,0,0
BRDA:189,20,0,0
BRDA:189,20,1,0
BRDA:189,20,2,0
BRDA:189,20,3,0
BRDA:189,20,4,0
BRDA:189,20,5,0
BRDA:202,21,0,0
BRDA:203,22,0,0
BRDA:203,23,0,0
BRDA:203,23,1,0
BRDA:244,24,0,0
BRDA:254,25,0,0
BRDA:258,26,0,0
BRDA:259,27,0,0
BRDA:259,27,1,0
BRDA:259,27,2,0
BRDA:259,27,3,0
BRDA:259,27,4,0
BRDA:259,27,5,0
BRDA:259,27,6,0
BRDA:271,28,0,0
BRDA:272,29,0,0
BRDA:273,30,0,0
BRDA:311,31,0,0
BRDA:311,32,0,0
BRDA:311,32,1,0
BRDA:311,32,2,0
BRDA:313,33,0,0
BRDA:383,34,0,0
BRDA:383,34,1,0
BRDA:386,35,0,0
BRDA:386,35,1,0
BRDA:389,36,0,0
BRDA:405,37,0,0
BRDA:405,37,1,0
BRDA:406,38,0,0
BRDA:406,38,1,0
BRDA:406,38,2,0
BRDA:425,39,0,0
BRDA:447,40,0,0
BRDA:447,40,1,0
BRDA:461,41,0,0
BRDA:466,42,0,0
BRDA:520,43,0,0
BRDA:532,44,0,0
BRDA:542,45,0,0
BRDA:549,46,0,0
BRDA:562,47,0,0
BRDA:623,48,0,0
BRDA:624,49,0,0
BRDA:624,49,1,0
BRDA:626,50,0,0
BRDA:670,51,0,0
BRDA:670,51,1,0
BRDA:671,52,0,0
BRDA:680,53,0,0
BRDA:727,54,0,0
BRDA:727,54,1,0
BRDA:727,55,0,0
BRDA:727,55,1,0
BRDA:730,56,0,0
BRDA:748,57,0,0
BRDA:748,57,1,0
BRDA:759,58,0,0
BRDA:759,58,1,0
BRDA:762,59,0,0
BRDA:763,60,0,0
BRDA:763,60,1,0
BRDA:764,61,0,0
BRDA:764,61,1,0
BRDA:790,62,0,0
BRDA:827,63,0,0
BRDA:838,64,0,0
BRDA:875,65,0,0
BRDA:888,66,0,0
BRDA:913,67,0,0
BRDA:917,68,0,0
BRF:147
BRH:0
end_of_record
TN:
SF:src/Compiler/Errors/Compiler.ts
FN:6,(anonymous_0)
FN:8,(anonymous_1)
FN:10,(anonymous_2)
FN:12,(anonymous_3)
FN:14,(anonymous_4)
FN:16,(anonymous_5)
FNF:6
FNH:0
FNDA:0,(anonymous_0)
FNDA:0,(anonymous_1)
FNDA:0,(anonymous_2)
FNDA:0,(anonymous_3)
FNDA:0,(anonymous_4)
FNDA:0,(anonymous_5)
DA:6,0
DA:7,0
DA:8,0
DA:9,0
DA:10,0
DA:11,0
DA:12,0
DA:13,0
DA:14,0
DA:15,0
DA:16,0
DA:17,0
LF:12
LH:0
BRF:0
BRH:0
end_of_record
TN:
SF:src/Compiler/Errors/ErrorBuilder.ts
FN:3,(anonymous_0)
FN:6,(anonymous_1)
FN:10,(anonymous_2)
FN:43,(anonymous_3)
FN:53,(anonymous_4)
FNF:5
FNH:0
FNDA:0,(anonymous_0)
FNDA:0,(anonymous_1)
FNDA:0,(anonymous_2)
FNDA:0,(anonymous_3)
FNDA:0,(anonymous_4)
DA:3,0
DA:4,0
DA:6,0
DA:10,0
DA:12,0
DA:13,0
DA:14,0
DA:15,0
DA:16,0
DA:17,0
DA:18,0
DA:19,0
DA:20,0
DA:21,0
DA:25,0
DA:27,0
DA:34,0
DA:38,0
DA:40,0
DA:41,0
DA:42,0
DA:43,0
DA:46,0
DA:54,0
DA:60,0
LF:25
LH:0
BRDA:12,0,0,0
BRDA:12,0,1,0
BRDA:16,1,0,0
BRDA:19,2,0,0
BRDA:20,3,0,0
BRDA:21,4,0,0
BRDA:27,5,0,0
BRDA:27,5,1,0
BRDA:38,6,0,0
BRDA:41,7,0,0
BRDA:41,7,1,0
BRDA:42,8,0,0
BRDA:42,8,1,0
BRDA:44,9,0,0
BRDA:44,9,1,0
BRDA:54,10,0,0
BRDA:54,10,1,0
BRF:17
BRH:0
end_of_record
TN:
SF:src/Compiler/Errors/Errors.ts
FNF:0
FNH:0
DA:39,0
LF:1
LH:0
BRF:0
BRH:0
end_of_record
TN:
SF:src/Compiler/Errors/index.ts
FN:6,(anonymous_0)
FN:19,(anonymous_1)
FN:29,(anonymous_2)
FNF:3
FNH:0
FNDA:0,(anonymous_0)
FNDA:0,(anonymous_1)
FNDA:0,(anonymous_2)
DA:6,0
DA:8,0
DA:10,0
DA:11,0
DA:12,0
DA:13,0
DA:15,0
DA:17,0
DA:19,0
DA:27,0
DA:29,0
DA:30,0
DA:33,0
DA:35,0
LF:14
LH:0
BRDA:8,0,0,0
BRDA:8,0,1,0
BRDA:12,1,0,0
BRDA:13,2,0,0
BRF:4
BRH:0
end_of_record
TN:
SF:src/Compiler/Helpers/index.ts
FN:18,(anonymous_0)
FN:26,(anonymous_1)
FN:39,(anonymous_2)
FN:58,(anonymous_3)
FN:69,(anonymous_4)
FN:81,(anonymous_5)
FNF:6
FNH:0
FNDA:0,(anonymous_0)
FNDA:0,(anonymous_1)
FNDA:0,(anonymous_2)
FNDA:0,(anonymous_3)
FNDA:0,(anonymous_4)
FNDA:0,(anonymous_5)
DA:18,0
DA:19,0
DA:26,0
DA:31,0
DA:39,0
DA:46,0
DA:58,0
DA:62,0
DA:69,0
DA:73,0
DA:81,0
DA:82,0
LF:12
LH:0
BRDA:34,0,0,0
BRDA:34,0,1,0
BRF:2
BRH:0
end_of_record
TN:
SF:src/Compiler/Lexer/Tokens.ts
FN:5,(anonymous_0)
FN:7,(anonymous_1)
FNF:2
FNH:0
FNDA:0,(anonymous_0)
FNDA:0,(anonymous_1)
DA:5,0
DA:7,0
DA:16,0
DA:17,0
DA:23,0
DA:26,0
DA:28,0
DA:29,0
DA:30,0
DA:32,0
DA:33,0
DA:34,0
DA:36,0
DA:37,0
DA:38,0
DA:42,0
DA:43,0
DA:44,0
DA:47,0
DA:48,0
DA:49,0
DA:51,0
DA:52,0
DA:54,0
DA:56,0
DA:57,0
DA:58,0
DA:59,0
DA:61,0
DA:64,0
DA:65,0
DA:66,0
DA:74,0
DA:76,0
DA:77,0
DA:80,0
DA:81,0
DA:82,0
DA:83,0
DA:84,0
DA:85,0
DA:87,0
DA:89,0
DA:91,0
DA:93,0
DA:96,0
DA:101,0
DA:105,0
DA:109,0
DA:113,0
DA:117,0
DA:121,0
DA:126,0
DA:131,0
DA:136,0
DA:141,0
DA:146,0
DA:152,0
DA:159,0
DA:165,0
DA:171,0
DA:177,0
DA:183,0
DA:189,0
DA:195,0
DA:201,0
DA:207,0
DA:213,0
DA:219,0
DA:225,0
DA:232,0
DA:238,0
DA:246,0
DA:254,0
DA:262,0
DA:270,0
DA:278,0
DA:286,0
DA:294,0
DA:300,0
DA:307,0
DA:313,0
DA:319,0
DA:325,0
DA:331,0
DA:337,0
DA:343,0
DA:349,0
DA:354,0
DA:360,0
DA:366,0
DA:372,0
DA:380,0
DA:386,0
DA:392,0
DA:398,0
DA:404,0
DA:410,0
DA:416,0
DA:422,0
DA:428,0
DA:434,0
DA:440,0
DA:445,0
DA:451,0
DA:457,0
DA:463,0
DA:469,0
DA:476,0
DA:482,0
DA:488,0
DA:494,0
DA:500,0
DA:507,0
DA:514,0
DA:521,0
DA:528,0
DA:535,0
DA:542,0
DA:549,0
DA:557,0
DA:563,0
DA:569,0
LF:123
LH:0
BRDA:17,0,0,0
BRDA:18,1,0,0
BRDA:18,1,1,0
BRDA:18,1,2,0
BRDA:23,2,0,0
BRDA:23,2,1,0
BRDA:23,2,2,0
BRDA:26,3,0,0
BRDA:26,4,0,0
BRDA:26,4,1,0
BRDA:32,5,0,0
BRDA:36,6,0,0
BRDA:36,7,0,0
BRDA:36,7,1,0
BRDA:37,8,0,0
BRDA:37,9,0,0
BRDA:37,9,1,0
BRDA:38,10,0,0
BRDA:39,11,0,0
BRDA:39,11,1,0
BRDA:39,11,2,0
BRDA:40,12,0,0
BRDA:40,12,1,0
BRDA:43,13,0,0
BRDA:43,13,1,0
BRDA:54,14,0,0
BRDA:54,15,0,0
BRDA:54,15,1,0
BRDA:56,16,0,0
BRDA:57,17,0,0
BRDA:57,18,0,0
BRDA:57,18,1,0
BRDA:57,18,2,0
BRDA:61,19,0,0
BRDA:61,20,0,0
BRDA:61,20,1,0
BRDA:64,21,0,0
BRDA:64,22,0,0
BRDA:64,22,1,0
BRDA:64,23,0,0
BRDA:64,23,1,0
BRDA:65,24,0,0
BRDA:65,25,0,0
BRDA:65,25,1,0
BRDA:65,26,0,0
BRDA:65,26,1,0
BRDA:66,27,0,0
BRDA:67,28,0,0
BRDA:67,28,1,0
BRDA:69,29,0,0
BRDA:69,29,1,0
BRDA:69,29,2,0
BRDA:69,29,3,0
BRDA:69,29,4,0
BRDA:69,29,5,0
BRDA:80,30,0,0
BRDA:80,31,0,0
BRDA:80,31,1,0
BRDA:81,32,0,0
BRDA:81,33,0,0
BRDA:81,33,1,0
BRDA:82,34,0,0
BRDA:82,35,0,0
BRDA:82,35,1,0
BRDA:83,36,0,0
BRDA:83,37,0,0
BRDA:83,37,1,0
BRDA:84,38,0,0
BRDA:84,39,0,0
BRDA:84,39,1,0
BRDA:85,40,0,0
BRDA:85,41,0,0
BRDA:85,41,1,0
BRDA:87,42,0,0
BRDA:89,43,0,0
BRF:75
BRH:0
end_of_record
TN:
SF:src/Compiler/Lexer/index.ts
FN:10,(anonymous_0)
FNF:1
FNH:0
FNDA:0,(anonymous_0)
DA:10,0
DA:11,0
DA:15,0
DA:16,0
DA:28,0
DA:29,0
DA:30,0
DA:37,0
DA:39,0
LF:9
LH:0
BRDA:15,0,0,0
BRDA:15,1,0,0
BRDA:15,1,1,0
BRDA:23,2,0,0
BRDA:23,2,1,0
BRDA:24,3,0,0
BRDA:24,3,1,0
BRDA:28,4,0,0
BRDA:33,5,0,0
BRDA:33,5,1,0
BRDA:34,6,0,0
BRDA:34,6,1,0
BRF:12
BRH:0
end_of_record
TN:
SF:src/Compiler/Parser/ErrorProvider.ts
FN:2,(anonymous_0)
FN:4,(anonymous_1)
FN:7,(anonymous_2)
FN:10,(anonymous_3)
FN:13,(anonymous_4)
FN:14,(anonymous_5)
FN:16,(anonymous_6)
FN:17,(anonymous_7)
FNF:8
FNH:0
FNDA:0,(anonymous_0)
FNDA:0,(anonymous_1)
FNDA:0,(anonymous_2)
FNDA:0,(anonymous_3)
FNDA:0,(anonymous_4)
FNDA:0,(anonymous_5)
FNDA:0,(anonymous_6)
FNDA:0,(anonymous_7)
DA:2,0
DA:3,0
DA:5,0
DA:8,0
DA:11,0
DA:14,0
DA:15,0
DA:17,0
DA:21,0
LF:9
LH:0
BRF:0
BRH:0
end_of_record
TN:
SF:src/Compiler/Parser/index.ts
FN:13,(anonymous_0)
FN:23,(anonymous_1)
FN:48,(anonymous_2)
FN:50,(anonymous_3)
FN:52,(anonymous_4)
FN:53,(anonymous_5)
FN:58,(anonymous_6)
FN:60,(anonymous_7)
FN:61,(anonymous_8)
FN:62,(anonymous_9)
FN:65,(anonymous_10)
FN:68,(anonymous_11)
FN:70,(anonymous_12)
FN:71,(anonymous_13)
FN:74,(anonymous_14)
FN:76,(anonymous_15)
FN:77,(anonymous_16)
FN:79,(anonymous_17)
FN:81,(anonymous_18)
FN:85,(anonymous_19)
FN:88,(anonymous_20)
FN:91,(anonymous_21)
FN:93,(anonymous_22)
FN:94,(anonymous_23)
FN:95,(anonymous_24)
FN:96,(anonymous_25)
FN:97,(anonymous_26)
FN:101,(anonymous_27)
FN:119,(anonymous_28)
FN:122,(anonymous_29)
FN:145,(anonymous_30)
FN:147,(anonymous_31)
FN:150,(anonymous_32)
FN:154,(anonymous_33)
FN:158,(anonymous_34)
FN:162,(anonymous_35)
FN:169,(anonymous_36)
FN:172,(anonymous_37)
FN:173,(anonymous_38)
FN:183,(anonymous_39)
FN:185,(anonymous_40)
FN:216,(anonymous_41)
FN:221,(anonymous_42)
FN:227,(anonymous_43)
FN:238,(anonymous_44)
FN:272,(anonymous_45)
FN:275,(anonymous_46)
FN:276,(anonymous_47)
FN:277,(anonymous_48)
FN:278,(anonymous_49)
FN:279,(anonymous_50)
FN:280,(anonymous_51)
FN:282,(anonymous_52)
FN:297,(anonymous_53)
FN:300,(anonymous_54)
FN:308,(anonymous_55)
FN:321,(anonymous_56)
FN:341,(anonymous_57)
FN:345,(anonymous_58)
FN:359,(anonymous_59)
FN:362,(anonymous_60)
FN:364,(anonymous_61)
FN:382,(anonymous_62)
FN:386,(anonymous_63)
FN:392,(anonymous_64)
FN:398,(anonymous_65)
FN:411,(anonymous_66)
FN:413,(anonymous_67)
FN:414,(anonymous_68)
FN:420,(anonymous_69)
FN:424,(anonymous_70)
FN:427,(anonymous_71)
FN:431,(anonymous_72)
FN:433,(anonymous_73)
FN:454,(anonymous_74)
FN:456,(anonymous_75)
FN:459,(anonymous_76)
FN:469,(anonymous_77)
FN:474,(anonymous_78)
FN:485,(anonymous_79)
FN:502,(anonymous_80)
FN:507,(anonymous_81)
FN:511,(anonymous_82)
FN:544,(anonymous_83)
FN:546,(anonymous_84)
FN:571,(anonymous_85)
FN:575,(anonymous_86)
FN:579,(anonymous_87)
FN:585,(anonymous_88)
FN:597,(anonymous_89)
FN:599,(anonymous_90)
FN:623,(anonymous_91)
FN:627,(anonymous_92)
FN:631,(anonymous_93)
FN:637,(anonymous_94)
FN:649,(anonymous_95)
FN:651,(anonymous_96)
FN:675,(anonymous_97)
FN:679,(anonymous_98)
FN:687,(anonymous_99)
FN:689,(anonymous_100)
FN:712,(anonymous_101)
FN:716,(anonymous_102)
FN:717,(anonymous_103)
FN:721,(anonymous_104)
FN:725,(anonymous_105)
FN:726,(anonymous_106)
FN:727,(anonymous_107)
FN:728,(anonymous_108)
FN:729,(anonymous_109)
FN:733,(anonymous_110)
FN:738,(anonymous_111)
FN:756,(anonymous_112)
FN:761,(anonymous_113)
FN:762,(anonymous_114)
FN:765,(anonymous_115)
FN:766,(anonymous_116)
FN:767,(anonymous_117)
FN:768,(anonymous_118)
FN:787,(anonymous_119)
FN:790,(anonymous_120)
FN:798,(anonymous_121)
FN:806,(anonymous_122)
FN:815,(anonymous_123)
FN:833,(anonymous_124)
FN:837,(anonymous_125)
FN:853,(anonymous_126)
FN:856,(anonymous_127)
FN:872,(anonymous_128)
FN:877,(anonymous_129)
FN:895,(anonymous_130)
FN:897,(anonymous_131)
FN:898,(anonymous_132)
FN:901,(anonymous_133)
FN:903,(anonymous_134)
FN:904,(anonymous_135)
FN:905,(anonymous_136)
FN:906,(anonymous_137)
FN:907,(anonymous_138)
FN:908,(anonymous_139)
FN:909,(anonymous_140)
FN:910,(anonymous_141)
FN:911,(anonymous_142)
FN:912,(anonymous_143)
FN:913,(anonymous_144)
FN:916,(anonymous_145)
FN:931,(anonymous_146)
FN:933,(anonymous_147)
FN:948,(anonymous_148)
FN:950,(anonymous_149)
FN:965,(anonymous_150)
FN:967,(anonymous_151)
FN:982,(anonymous_152)
FN:984,(anonymous_153)
FN:999,(anonymous_154)
FN:1001,(anonymous_155)
FN:1016,(anonymous_156)
FN:1018,(anonymous_157)
FN:1033,(anonymous_158)
FN:1035,(anonymous_159)
FN:1050,(anonymous_160)
FN:1065,(anonymous_161)
FN:1069,(anonymous_162)
FN:1073,(anonymous_163)
FN:1089,(anonymous_164)
FN:1093,(anonymous_165)
FN:1097,(anonymous_166)
FN:1114,(anonymous_167)
FN:1116,(anonymous_168)
FN:1117,(anonymous_169)
FN:1119,(anonymous_170)
FN:1133,(anonymous_171)
FN:1134,(anonymous_172)
FN:1141,(anonymous_173)
FN:1158,(anonymous_174)
FN:1161,(anonymous_175)
FN:1176,(anonymous_176)
FN:1180,(anonymous_177)
FN:1181,(anonymous_178)
FN:1185,(anonymous_179)
FN:1186,(anonymous_180)
FN:1190,(anonymous_181)
FN:1207,(anonymous_182)
FN:1222,(anonymous_183)
FN:1225,(anonymous_184)
FN:1231,(anonymous_185)
FN:1247,(anonymous_186)
FN:1250,(anonymous_187)
FN:1251,(anonymous_188)
FN:1271,(anonymous_189)
FN:1273,(anonymous_190)
FN:1277,(anonymous_191)
FN:1278,(anonymous_192)
FN:1283,(anonymous_193)
FN:1307,(anonymous_194)
FN:1309,(anonymous_195)
FN:1311,(anonymous_196)
FN:1337,(anonymous_197)
FN:1341,(anonymous_198)
FN:1344,(anonymous_199)
FN:1347,(anonymous_200)
FN:1369,(anonymous_201)
FN:1372,(anonymous_202)
FN:1374,(anonymous_203)
FN:1400,(anonymous_204)
FN:1403,(anonymous_205)
FN:1407,(anonymous_206)
FN:1424,(anonymous_207)
FN:1426,(anonymous_208)
FN:1428,(anonymous_209)
FN:1437,(anonymous_210)
FN:1457,(anonymous_211)
FN:1461,(anonymous_212)
FN:1463,(anonymous_213)
FN:1464,(anonymous_214)
FN:1465,(anonymous_215)
FN:1468,(anonymous_216)
FN:1472,(anonymous_217)
FN:1489,(anonymous_218)
FN:1492,(anonymous_219)
FN:1496,(anonymous_220)
FN:1501,(anonymous_221)
FN:1524,(anonymous_222)
FN:1527,(anonymous_223)
FN:1546,(anonymous_224)
FN:1547,(anonymous_225)
FN:1552,(anonymous_226)
FN:1558,(anonymous_227)
FN:1579,(anonymous_228)
FN:1599,(anonymous_229)
FN:1606,(anonymous_230)
FN:1614,(anonymous_231)
FN:1617,(anonymous_232)
FN:1627,(anonymous_233)
FN:1628,(anonymous_234)
FN:1646,(anonymous_235)
FN:1663,(anonymous_236)
FNF:237
FNH:0
FNDA:0,(anonymous_0)
FNDA:0,(anonymous_1)
FNDA:0,(anonymous_2)
FNDA:0,(anonymous_3)
FNDA:0,(anonymous_4)
FNDA:0,(anonymous_5)
FNDA:0,(anonymous_6)
FNDA:0,(anonymous_7)
FNDA:0,(anonymous_8)
FNDA:0,(anonymous_9)
FNDA:0,(anonymous_10)
FNDA:0,(anonymous_11)
FNDA:0,(anonymous_12)
FNDA:0,(anonymous_13)
FNDA:0,(anonymous_14)
FNDA:0,(anonymous_15)
FNDA:0,(anonymous_16)
FNDA:0,(anonymous_17)
FNDA:0,(anonymous_18)
FNDA:0,(anonymous_19)
FNDA:0,(anonymous_20)
FNDA:0,(anonymous_21)
FNDA:0,(anonymous_22)
FNDA:0,(anonymous_23)
FNDA:0,(anonymous_24)
FNDA:0,(anonymous_25)
FNDA:0,(anonymous_26)
FNDA:0,(anonymous_27)
FNDA:0,(anonymous_28)
FNDA:0,(anonymous_29)
FNDA:0,(anonymous_30)
FNDA:0,(anonymous_31)
FNDA:0,(anonymous_32)
FNDA:0,(anonymous_33)
FNDA:0,(anonymous_34)
FNDA:0,(anonymous_35)
FNDA:0,(anonymous_36)
FNDA:0,(anonymous_37)
FNDA:0,(anonymous_38)
FNDA:0,(anonymous_39)
FNDA:0,(anonymous_40)
FNDA:0,(anonymous_41)
FNDA:0,(anonymous_42)
FNDA:0,(anonymous_43)
FNDA:0,(anonymous_44)
FNDA:0,(anonymous_45)
FNDA:0,(anonymous_46)
FNDA:0,(anonymous_47)
FNDA:0,(anonymous_48)
FNDA:0,(anonymous_49)
FNDA:0,(anonymous_50)
FNDA:0,(anonymous_51)
FNDA:0,(anonymous_52)
FNDA:0,(anonymous_53)
FNDA:0,(anonymous_54)
FNDA:0,(anonymous_55)
FNDA:0,(anonymous_56)
FNDA:0,(anonymous_57)
FNDA:0,(anonymous_58)
FNDA:0,(anonymous_59)
FNDA:0,(anonymous_60)
FNDA:0,(anonymous_61)
FNDA:0,(anonymous_62)
FNDA:0,(anonymous_63)
FNDA:0,(anonymous_64)
FNDA:0,(anonymous_65)
FNDA:0,(anonymous_66)
FNDA:0,(anonymous_67)
FNDA:0,(anonymous_68)
FNDA:0,(anonymous_69)
FNDA:0,(anonymous_70)
FNDA:0,(anonymous_71)
FNDA:0,(anonymous_72)
FNDA:0,(anonymous_73)
FNDA:0,(anonymous_74)
FNDA:0,(anonymous_75)
FNDA:0,(anonymous_76)
FNDA:0,(anonymous_77)
FNDA:0,(anonymous_78)
FNDA:0,(anonymous_79)
FNDA:0,(anonymous_80)
FNDA:0,(anonymous_81)
FNDA:0,(anonymous_82)
FNDA:0,(anonymous_83)
FNDA:0,(anonymous_84)
FNDA:0,(anonymous_85)
FNDA:0,(anonymous_86)
FNDA:0,(anonymous_87)
FNDA:0,(anonymous_88)
FNDA:0,(anonymous_89)
FNDA:0,(anonymous_90)
FNDA:0,(anonymous_91)
FNDA:0,(anonymous_92)
FNDA:0,(anonymous_93)
FNDA:0,(anonymous_94)
FNDA:0,(anonymous_95)
FNDA:0,(anonymous_96)
FNDA:0,(anonymous_97)
FNDA:0,(anonymous_98)
FNDA:0,(anonymous_99)
FNDA:0,(anonymous_100)
FNDA:0,(anonymous_101)
FNDA:0,(anonymous_102)
FNDA:0,(anonymous_103)
FNDA:0,(anonymous_104)
FNDA:0,(anonymous_105)
FNDA:0,(anonymous_106)
FNDA:0,(anonymous_107)
FNDA:0,(anonymous_108)
FNDA:0,(anonymous_109)
FNDA:0,(anonymous_110)
FNDA:0,(anonymous_111)
FNDA:0,(anonymous_112)
FNDA:0,(anonymous_113)
FNDA:0,(anonymous_114)
FNDA:0,(anonymous_115)
FNDA:0,(anonymous_116)
FNDA:0,(anonymous_117)
FNDA:0,(anonymous_118)
FNDA:0,(anonymous_119)
FNDA:0,(anonymous_120)
FNDA:0,(anonymous_121)
FNDA:0,(anonymous_122)
FNDA:0,(anonymous_123)
FNDA:0,(anonymous_124)
FNDA:0,(anonymous_125)
FNDA:0,(anonymous_126)
FNDA:0,(anonymous_127)
FNDA:0,(anonymous_128)
FNDA:0,(anonymous_129)
FNDA:0,(anonymous_130)
FNDA:0,(anonymous_131)
FNDA:0,(anonymous_132)
FNDA:0,(anonymous_133)
FNDA:0,(anonymous_134)
FNDA:0,(anonymous_135)
FNDA:0,(anonymous_136)
FNDA:0,(anonymous_137)
FNDA:0,(anonymous_138)
FNDA:0,(anonymous_139)
FNDA:0,(anonymous_140)
FNDA:0,(anonymous_141)
FNDA:0,(anonymous_142)
FNDA:0,(anonymous_143)
FNDA:0,(anonymous_144)
FNDA:0,(anonymous_145)
FNDA:0,(anonymous_146)
FNDA:0,(anonymous_147)
FNDA:0,(anonymous_148)
FNDA:0,(anonymous_149)
FNDA:0,(anonymous_150)
FNDA:0,(anonymous_151)
FNDA:0,(anonymous_152)
FNDA:0,(anonymous_153)
FNDA:0,(anonymous_154)
FNDA:0,(anonymous_155)
FNDA:0,(anonymous_156)
FNDA:0,(anonymous_157)
FNDA:0,(anonymous_158)
FNDA:0,(anonymous_159)
FNDA:0,(anonymous_160)
FNDA:0,(anonymous_161)
FNDA:0,(anonymous_162)
FNDA:0,(anonymous_163)
FNDA:0,(anonymous_164)
FNDA:0,(anonymous_165)
FNDA:0,(anonymous_166)
FNDA:0,(anonymous_167)
FNDA:0,(anonymous_168)
FNDA:0,(anonymous_169)
FNDA:0,(anonymous_170)
FNDA:0,(anonymous_171)
FNDA:0,(anonymous_172)
FNDA:0,(anonymous_173)
FNDA:0,(anonymous_174)
FNDA:0,(anonymous_175)
FNDA:0,(anonymous_176)
FNDA:0,(anonymous_177)
FNDA:0,(anonymous_178)
FNDA:0,(anonymous_179)
FNDA:0,(anonymous_180)
FNDA:0,(anonymous_181)
FNDA:0,(anonymous_182)
FNDA:0,(anonymous_183)
FNDA:0,(anonymous_184)
FNDA:0,(anonymous_185)
FNDA:0,(anonymous_186)
FNDA:0,(anonymous_187)
FNDA:0,(anonymous_188)
FNDA:0,(anonymous_189)
FNDA:0,(anonymous_190)
FNDA:0,(anonymous_191)
FNDA:0,(anonymous_192)
FNDA:0,(anonymous_193)
FNDA:0,(anonymous_194)
FNDA:0,(anonymous_195)
FNDA:0,(anonymous_196)
FNDA:0,(anonymous_197)
FNDA:0,(anonymous_198)
FNDA:0,(anonymous_199)
FNDA:0,(anonymous_200)
FNDA:0,(anonymous_201)
FNDA:0,(anonymous_202)
FNDA:0,(anonymous_203)
FNDA:0,(anonymous_204)
FNDA:0,(anonymous_205)
FNDA:0,(anonymous_206)
FNDA:0,(anonymous_207)
FNDA:0,(anonymous_208)
FNDA:0,(anonymous_209)
FNDA:0,(anonymous_210)
FNDA:0,(anonymous_211)
FNDA:0,(anonymous_212)
FNDA:0,(anonymous_213)
FNDA:0,(anonymous_214)
FNDA:0,(anonymous_215)
FNDA:0,(anonymous_216)
FNDA:0,(anonymous_217)
FNDA:0,(anonymous_218)
FNDA:0,(anonymous_219)
FNDA:0,(anonymous_220)
FNDA:0,(anonymous_221)
FNDA:0,(anonymous_222)
FNDA:0,(anonymous_223)
FNDA:0,(anonymous_224)
FNDA:0,(anonymous_225)
FNDA:0,(anonymous_226)
FNDA:0,(anonymous_227)
FNDA:0,(anonymous_228)
FNDA:0,(anonymous_229)
FNDA:0,(anonymous_230)
FNDA:0,(anonymous_231)
FNDA:0,(anonymous_232)
FNDA:0,(anonymous_233)
FNDA:0,(anonymous_234)
FNDA:0,(anonymous_235)
FNDA:0,(anonymous_236)
DA:14,0
DA:19,0
DA:20,0
DA:23,0
DA:24,0
DA:25,0
DA:48,0
DA:49,0
DA:50,0
DA:51,0
DA:52,0
DA:53,0
DA:56,0
DA:58,0
DA:59,0
DA:60,0
DA:61,0
DA:62,0
DA:64,0
DA:65,0
DA:66,0
DA:68,0
DA:69,0
DA:70,0
DA:71,0
DA:74,0
DA:75,0
DA:76,0
DA:77,0
DA:79,0
DA:80,0
DA:81,0
DA:83,0
DA:85,0
DA:86,0
DA:87,0
DA:88,0
DA:89,0
DA:91,0
DA:92,0
DA:93,0
DA:94,0
DA:95,0
DA:96,0
DA:97,0
DA:101,0
DA:102,0
DA:103,0
DA:104,0
DA:119,0
DA:120,0
DA:121,0
DA:122,0
DA:123,0
DA:125,0
DA:126,0
DA:145,0
DA:146,0
DA:147,0
DA:150,0
DA:154,0
DA:158,0
DA:162,0
DA:163,0
DA:164,0
DA:165,0
DA:166,0
DA:167,0
DA:170,0
DA:171,0
DA:172,0
DA:174,0
DA:175,0
DA:176,0
DA:179,0
DA:184,0
DA:185,0
DA:186,0
DA:187,0
DA:189,0
DA:193,0
DA:214,0
DA:218,0
DA:219,0
DA:223,0
DA:228,0
DA:229,0
DA:230,0
DA:231,0
DA:232,0
DA:236,0
DA:237,0
DA:238,0
DA:239,0
DA:240,0
DA:254,0
DA:272,0
DA:273,0
DA:274,0
DA:275,0
DA:276,0
DA:277,0
DA:278,0
DA:279,0
DA:280,0
DA:282,0
DA:283,0
DA:297,0
DA:298,0
DA:301,0
DA:309,0
DA:316,0
DA:317,0
DA:318,0
DA:319,0
DA:320,0
DA:321,0
DA:322,0
DA:339,0
DA:342,0
DA:343,0
DA:344,0
DA:345,0
DA:346,0
DA:359,0
DA:360,0
DA:361,0
DA:362,0
DA:363,0
DA:364,0
DA:365,0
DA:382,0
DA:383,0
DA:384,0
DA:387,0
DA:388,0
DA:393,0
DA:394,0
DA:398,0
DA:399,0
DA:411,0
DA:412,0
DA:413,0
DA:414,0
DA:418,0
DA:421,0
DA:422,0
DA:423,0
DA:424,0
DA:425,0
DA:426,0
DA:427,0
DA:428,0
DA:429,0
DA:431,0
DA:432,0
DA:433,0
DA:434,0
DA:454,0
DA:455,0
DA:456,0
DA:457,0
DA:460,0
DA:461,0
DA:462,0
DA:470,0
DA:471,0
DA:472,0
DA:474,0
DA:476,0
DA:477,0
DA:485,0
DA:486,0
DA:502,0
DA:503,0
DA:505,0
DA:508,0
DA:509,0
DA:510,0
DA:511,0
DA:512,0
DA:513,0
DA:515,0
DA:516,0
DA:518,0
DA:519,0
DA:521,0
DA:522,0
DA:524,0
DA:525,0
DA:527,0
DA:528,0
DA:530,0
DA:531,0
DA:533,0
DA:534,0
DA:536,0
DA:537,0
DA:539,0
DA:541,0
DA:542,0
DA:544,0
DA:545,0
DA:547,0
DA:569,0
DA:572,0
DA:573,0
DA:574,0
DA:575,0
DA:576,0
DA:580,0
DA:581,0
DA:586,0
DA:587,0
DA:592,0
DA:594,0
DA:595,0
DA:597,0
DA:598,0
DA:600,0
DA:621,0
DA:624,0
DA:625,0
DA:626,0
DA:627,0
DA:628,0
DA:632,0
DA:633,0
DA:638,0
DA:639,0
DA:644,0
DA:646,0
DA:647,0
DA:649,0
DA:650,0
DA:652,0
DA:673,0
DA:676,0
DA:677,0
DA:678,0
DA:679,0
DA:680,0
DA:681,0
DA:682,0
DA:684,0
DA:685,0
DA:687,0
DA:688,0
DA:690,0
DA:712,0
DA:713,0
DA:716,0
DA:717,0
DA:721,0
DA:722,0
DA:725,0
DA:726,0
DA:727,0
DA:728,0
DA:729,0
DA:733,0
DA:734,0
DA:735,0
DA:736,0
DA:737,0
DA:738,0
DA:739,0
DA:754,0
DA:757,0
DA:758,0
DA:761,0
DA:762,0
DA:765,0
DA:766,0
DA:767,0
DA:768,0
DA:769,0
DA:783,0
DA:784,0
DA:787,0
DA:788,0
DA:791,0
DA:799,0
DA:807,0
DA:814,0
DA:815,0
DA:816,0
DA:831,0
DA:834,0
DA:835,0
DA:836,0
DA:837,0
DA:838,0
DA:853,0
DA:854,0
DA:855,0
DA:856,0
DA:857,0
DA:872,0
DA:873,0
DA:874,0
DA:875,0
DA:877,0
DA:879,0
DA:880,0
DA:895,0
DA:896,0
DA:897,0
DA:898,0
DA:901,0
DA:902,0
DA:903,0
DA:904,0
DA:905,0
DA:906,0
DA:907,0
DA:908,0
DA:909,0
DA:910,0
DA:911,0
DA:912,0
DA:913,0
DA:916,0
DA:917,0
DA:918,0
DA:931,0
DA:932,0
DA:933,0
DA:934,0
DA:948,0
DA:949,0
DA:950,0
DA:951,0
DA:965,0
DA:966,0
DA:967,0
DA:968,0
DA:982,0
DA:983,0
DA:984,0
DA:985,0
DA:999,0
DA:1000,0
DA:1001,0
DA:1002,0
DA:1016,0
DA:1017,0
DA:1018,0
DA:1019,0
DA:1033,0
DA:1034,0
DA:1035,0
DA:1036,0
DA:1050,0
DA:1051,0
DA:1052,0
DA:1065,0
DA:1066,0
DA:1067,0
DA:1068,0
DA:1069,0
DA:1070,0
DA:1071,0
DA:1073,0
DA:1074,0
DA:1075,0
DA:1089,0
DA:1090,0
DA:1091,0
DA:1092,0
DA:1093,0
DA:1094,0
DA:1095,0
DA:1097,0
DA:1098,0
DA:1099,0
DA:1112,0
DA:1115,0
DA:1116,0
DA:1117,0
DA:1120,0
DA:1121,0
DA:1133,0
DA:1134,0
DA:1135,0
DA:1136,0
DA:1138,0
DA:1139,0
DA:1140,0
DA:1141,0
DA:1142,0
DA:1158,0
DA:1159,0
DA:1160,0
DA:1161,0
DA:1162,0
DA:1176,0
DA:1177,0
DA:1180,0
DA:1181,0
DA:1185,0
DA:1186,0
DA:1188,0
DA:1191,0
DA:1192,0
DA:1207,0
DA:1208,0
DA:1209,0
DA:1222,0
DA:1224,0
DA:1225,0
DA:1230,0
DA:1231,0
DA:1232,0
DA:1247,0
DA:1248,0
DA:1249,0
DA:1250,0
DA:1251,0
DA:1252,0
DA:1253,0
DA:1254,0
DA:1256,0
DA:1271,0
DA:1272,0
DA:1273,0
DA:1274,0
DA:1275,0
DA:1278,0
DA:1279,0
DA:1280,0
DA:1282,0
DA:1283,0
DA:1284,0
DA:1285,0
DA:1287,0
DA:1288,0
DA:1289,0
DA:1300,0
DA:1301,0
DA:1302,0
DA:1303,0
DA:1304,0
DA:1307,0
DA:1309,0
DA:1311,0
DA:1312,0
DA:1337,0
DA:1338,0
DA:1341,0
DA:1342,0
DA:1343,0
DA:1344,0
DA:1345,0
DA:1346,0
DA:1347,0
DA:1348,0
DA:1367,0
DA:1370,0
DA:1371,0
DA:1372,0
DA:1373,0
DA:1374,0
DA:1375,0
DA:1400,0
DA:1401,0
DA:1402,0
DA:1403,0
DA:1404,0
DA:1405,0
DA:1407,0
DA:1408,0
DA:1409,0
DA:1411,0
DA:1412,0
DA:1424,0
DA:1425,0
DA:1426,0
DA:1427,0
DA:1428,0
DA:1429,0
DA:1431,0
DA:1432,0
DA:1437,0
DA:1438,0
DA:1439,0
DA:1440,0
DA:1454,0
DA:1457,0
DA:1458,0
DA:1461,0
DA:1463,0
DA:1464,0
DA:1465,0
DA:1468,0
DA:1469,0
DA:1470,0
DA:1471,0
DA:1472,0
DA:1473,0
DA:1487,0
DA:1491,0
DA:1492,0
DA:1493,0
DA:1494,0
DA:1496,0
DA:1498,0
DA:1499,0
DA:1500,0
DA:1501,0
DA:1502,0
DA:1522,0
DA:1525,0
DA:1526,0
DA:1527,0
DA:1528,0
DA:1529,0
DA:1531,0
DA:1532,0
DA:1546,0
DA:1547,0
DA:1548,0
DA:1549,0
DA:1551,0
DA:1552,0
DA:1553,0
DA:1554,0
DA:1556,0
DA:1557,0
DA:1558,0
DA:1559,0
DA:1577,0
DA:1580,0
DA:1581,0
DA:1582,0
DA:1589,0
DA:1599,0
DA:1603,0
DA:1604,0
DA:1605,0
DA:1606,0
DA:1607,0
DA:1608,0
DA:1610,0
DA:1614,0
DA:1615,0
DA:1616,0
DA:1617,0
DA:1618,0
DA:1619,0
DA:1621,0
DA:1626,0
DA:1627,0
DA:1628,0
DA:1629,0
DA:1646,0
DA:1647,0
DA:1648,0
DA:1663,0
DA:1665,0
DA:1667,0
DA:1668,0
DA:1669,0
DA:1670,0
DA:1671,0
DA:1678,0
DA:1680,0
DA:1682,0
DA:1685,0
LF:569
LH:0
BRDA:41,0,0,0
BRDA:41,0,1,0
BRDA:112,1,0,0
BRDA:112,1,1,0
BRDA:113,2,0,0
BRDA:113,2,1,0
BRDA:139,3,0,0
BRDA:139,3,1,0
BRDA:140,4,0,0
BRDA:140,4,1,0
BRDA:205,5,0,0
BRDA:205,5,1,0
BRDA:206,6,0,0
BRDA:206,6,1,0
BRDA:208,7,0,0
BRDA:208,7,1,0
BRDA:209,8,0,0
BRDA:209,8,1,0
BRDA:239,9,0,0
BRDA:239,9,1,0
BRDA:248,10,0,0
BRDA:248,10,1,0
BRDA:249,11,0,0
BRDA:249,11,1,0
BRDA:263,12,0,0
BRDA:263,12,1,0
BRDA:264,13,0,0
BRDA:264,13,1,0
BRDA:290,14,0,0
BRDA:290,14,1,0
BRDA:291,15,0,0
BRDA:291,15,1,0
BRDA:332,16,0,0
BRDA:332,16,1,0
BRDA:333,17,0,0
BRDA:333,17,1,0
BRDA:375,18,0,0
BRDA:375,18,1,0
BRDA:376,19,0,0
BRDA:376,19,1,0
BRDA:446,20,0,0
BRDA:446,20,1,0
BRDA:447,21,0,0
BRDA:447,21,1,0
BRDA:463,22,0,0
BRDA:463,22,1,0
BRDA:463,23,0,0
BRDA:463,23,1,0
BRDA:479,24,0,0
BRDA:479,24,1,0
BRDA:493,25,0,0
BRDA:493,25,1,0
BRDA:494,26,0,0
BRDA:494,26,1,0
BRDA:495,27,0,0
BRDA:495,27,1,0
BRDA:513,28,0,0
BRDA:513,28,1,0
BRDA:513,28,2,0
BRDA:513,28,3,0
BRDA:513,28,4,0
BRDA:513,28,5,0
BRDA:513,28,6,0
BRDA:513,28,7,0
BRDA:541,29,0,0
BRDA:541,29,1,0
BRDA:594,30,0,0
BRDA:594,30,1,0
BRDA:646,31,0,0
BRDA:646,31,1,0
BRDA:684,32,0,0
BRDA:684,32,1,0
BRDA:747,33,0,0
BRDA:747,33,1,0
BRDA:748,34,0,0
BRDA:748,34,1,0
BRDA:756,35,0,0
BRDA:783,36,0,0
BRDA:783,36,1,0
BRDA:784,37,0,0
BRDA:784,37,1,0
BRDA:824,38,0,0
BRDA:824,38,1,0
BRDA:825,39,0,0
BRDA:825,39,1,0
BRDA:845,40,0,0
BRDA:845,40,1,0
BRDA:846,41,0,0
BRDA:846,41,1,0
BRDA:865,42,0,0
BRDA:865,42,1,0
BRDA:866,43,0,0
BRDA:866,43,1,0
BRDA:888,44,0,0
BRDA:888,44,1,0
BRDA:889,45,0,0
BRDA:889,45,1,0
BRDA:925,46,0,0
BRDA:925,46,1,0
BRDA:926,47,0,0
BRDA:926,47,1,0
BRDA:941,48,0,0
BRDA:941,48,1,0
BRDA:942,49,0,0
BRDA:942,49,1,0
BRDA:958,50,0,0
BRDA:958,50,1,0
BRDA:959,51,0,0
BRDA:959,51,1,0
BRDA:975,52,0,0
BRDA:975,52,1,0
BRDA:976,53,0,0
BRDA:976,53,1,0
BRDA:992,54,0,0
BRDA:992,54,1,0
BRDA:993,55,0,0
BRDA:993,55,1,0
BRDA:1009,56,0,0
BRDA:1009,56,1,0
BRDA:1010,57,0,0
BRDA:1010,57,1,0
BRDA:1026,58,0,0
BRDA:1026,58,1,0
BRDA:1027,59,0,0
BRDA:1027,59,1,0
BRDA:1043,60,0,0
BRDA:1043,60,1,0
BRDA:1044,61,0,0
BRDA:1044,61,1,0
BRDA:1059,62,0,0
BRDA:1059,62,1,0
BRDA:1060,63,0,0
BRDA:1060,63,1,0
BRDA:1083,64,0,0
BRDA:1083,64,1,0
BRDA:1084,65,0,0
BRDA:1084,65,1,0
BRDA:1106,66,0,0
BRDA:1106,66,1,0
BRDA:1107,67,0,0
BRDA:1107,67,1,0
BRDA:1147,68,0,0
BRDA:1147,68,1,0
BRDA:1151,69,0,0
BRDA:1151,69,1,0
BRDA:1152,70,0,0
BRDA:1152,70,1,0
BRDA:1169,71,0,0
BRDA:1169,71,1,0
BRDA:1170,72,0,0
BRDA:1170,72,1,0
BRDA:1199,73,0,0
BRDA:1199,73,1,0
BRDA:1200,74,0,0
BRDA:1200,74,1,0
BRDA:1216,75,0,0
BRDA:1216,75,1,0
BRDA:1217,76,0,0
BRDA:1217,76,1,0
BRDA:1253,77,0,0
BRDA:1264,78,0,0
BRDA:1264,78,1,0
BRDA:1265,79,0,0
BRDA:1265,79,1,0
BRDA:1293,80,0,0
BRDA:1293,80,1,0
BRDA:1294,81,0,0
BRDA:1294,81,1,0
BRDA:1329,82,0,0
BRDA:1329,82,1,0
BRDA:1330,83,0,0
BRDA:1330,83,1,0
BRDA:1360,84,0,0
BRDA:1360,84,1,0
BRDA:1361,85,0,0
BRDA:1361,85,1,0
BRDA:1391,86,0,0
BRDA:1391,86,1,0
BRDA:1392,87,0,0
BRDA:1392,87,1,0
BRDA:1408,88,0,0
BRDA:1408,88,1,0
BRDA:1438,89,0,0
BRDA:1480,90,0,0
BRDA:1480,90,1,0
BRDA:1481,91,0,0
BRDA:1481,91,1,0
BRDA:1514,92,0,0
BRDA:1514,92,1,0
BRDA:1515,93,0,0
BRDA:1515,93,1,0
BRDA:1539,94,0,0
BRDA:1539,94,1,0
BRDA:1540,95,0,0
BRDA:1540,95,1,0
BRDA:1564,96,0,0
BRDA:1564,96,1,0
BRDA:1565,97,0,0
BRDA:1565,97,1,0
BRDA:1569,98,0,0
BRDA:1569,98,1,0
BRDA:1570,99,0,0
BRDA:1570,99,1,0
BRDA:1581,100,0,0
BRDA:1581,100,1,0
BRDA:1638,101,0,0
BRDA:1638,101,1,0
BRDA:1639,102,0,0
BRDA:1639,102,1,0
BRDA:1655,103,0,0
BRDA:1655,103,1,0
BRDA:1656,104,0,0
BRDA:1656,104,1,0
BRDA:1669,105,0,0
BRDA:1673,106,0,0
BRDA:1673,106,1,0
BRDA:1674,107,0,0
BRDA:1674,107,1,0
BRDA:1675,108,0,0
BRDA:1675,108,1,0
BRDA:1680,109,0,0
BRF:221
BRH:0
end_of_record
TN:
SF:src/Compiler/TypeChecker/WasmTypes.ts
FN:8,(anonymous_0)
FN:9,(anonymous_1)
FN:10,(anonymous_2)
FN:11,(anonymous_3)
FN:12,(anonymous_4)
FN:13,(anonymous_5)
FN:14,(anonymous_6)
FN:15,(anonymous_7)
FN:24,(anonymous_8)
FN:48,(anonymous_9)
FN:79,(anonymous_10)
FN:82,(anonymous_11)
FN:85,(anonymous_12)
FN:94,(anonymous_13)
FN:103,(anonymous_14)
FN:113,(anonymous_15)
FN:122,(anonymous_16)
FN:131,(anonymous_17)
FN:143,(anonymous_18)
FN:164,(anonymous_19)
FN:173,(anonymous_20)
FN:182,(anonymous_21)
FN:191,(anonymous_22)
FN:200,(anonymous_23)
FN:209,(anonymous_24)
FN:218,(anonymous_25)
FN:227,(anonymous_26)
FN:236,(anonymous_27)
FN:239,(anonymous_28)
FN:242,(anonymous_29)
FN:245,(anonymous_30)
FN:248,(anonymous_31)
FN:252,(anonymous_32)
FN:255,(anonymous_33)
FN:260,(anonymous_34)
FN:263,(anonymous_35)
FN:268,(anonymous_36)
FN:271,(anonymous_37)
FN:276,(anonymous_38)
FN:279,(anonymous_39)
FN:283,(anonymous_40)
FN:286,(anonymous_41)
FN:289,(anonymous_42)
FN:292,(anonymous_43)
FN:295,(anonymous_44)
FN:304,(anonymous_45)
FN:313,(anonymous_46)
FN:322,(anonymous_47)
FN:331,(anonymous_48)
FN:340,(anonymous_49)
FN:349,(anonymous_50)
FN:358,(anonymous_51)
FN:367,(anonymous_52)
FN:376,(anonymous_53)
FN:385,(anonymous_54)
FN:394,(anonymous_55)
FN:403,(anonymous_56)
FN:412,(anonymous_57)
FN:421,(anonymous_58)
FN:430,(anonymous_59)
FN:439,(anonymous_60)
FN:448,(anonymous_61)
FN:457,(anonymous_62)
FN:466,(anonymous_63)
FN:475,(anonymous_64)
FN:484,(anonymous_65)
FN:493,(anonymous_66)
FN:502,(anonymous_67)
FN:511,(anonymous_68)
FN:521,(anonymous_69)
FN:530,(anonymous_70)
FN:539,(anonymous_71)
FN:548,(anonymous_72)
FN:557,(anonymous_73)
FN:566,(anonymous_74)
FN:576,(anonymous_75)
FN:585,(anonymous_76)
FN:594,(anonymous_77)
FN:603,(anonymous_78)
FN:612,(anonymous_79)
FN:621,(anonymous_80)
FN:630,(anonymous_81)
FN:641,(anonymous_82)
FN:650,(anonymous_83)
FN:659,(anonymous_84)
FN:668,(anonymous_85)
FN:677,(anonymous_86)
FN:686,(anonymous_87)
FN:695,(anonymous_88)
FN:706,(anonymous_89)
FN:715,(anonymous_90)
FN:724,(anonymous_91)
FN:733,(anonymous_92)
FN:742,(anonymous_93)
FN:751,(anonymous_94)
FN:760,(anonymous_95)
FN:773,(anonymous_96)
FN:782,(anonymous_97)
FN:791,(anonymous_98)
FN:800,(anonymous_99)
FN:809,(anonymous_100)
FN:818,(anonymous_101)
FN:827,(anonymous_102)
FN:836,(anonymous_103)
FN:845,(anonymous_104)
FN:854,(anonymous_105)
FN:863,(anonymous_106)
FN:872,(anonymous_107)
FN:875,(anonymous_108)
FN:878,(anonymous_109)
FN:881,(anonymous_110)
FN:884,(anonymous_111)
FN:888,(anonymous_112)
FN:891,(anonymous_113)
FN:896,(anonymous_114)
FN:899,(anonymous_115)
FN:904,(anonymous_116)
FN:907,(anonymous_117)
FN:912,(anonymous_118)
FN:915,(anonymous_119)
FN:919,(anonymous_120)
FN:922,(anonymous_121)
FN:925,(anonymous_122)
FN:928,(anonymous_123)
FN:931,(anonymous_124)
FN:934,(anonymous_125)
FN:937,(anonymous_126)
FN:946,(anonymous_127)
FN:955,(anonymous_128)
FN:964,(anonymous_129)
FN:973,(anonymous_130)
FN:982,(anonymous_131)
FN:991,(anonymous_132)
FN:1000,(anonymous_133)
FN:1009,(anonymous_134)
FN:1018,(anonymous_135)
FN:1027,(anonymous_136)
FN:1036,(anonymous_137)
FN:1045,(anonymous_138)
FN:1054,(anonymous_139)
FN:1063,(anonymous_140)
FN:1072,(anonymous_141)
FN:1081,(anonymous_142)
FN:1090,(anonymous_143)
FN:1099,(anonymous_144)
FN:1108,(anonymous_145)
FN:1117,(anonymous_146)
FN:1126,(anonymous_147)
FN:1135,(anonymous_148)
FN:1144,(anonymous_149)
FN:1153,(anonymous_150)
FN:1163,(anonymous_151)
FN:1172,(anonymous_152)
FN:1181,(anonymous_153)
FN:1190,(anonymous_154)
FN:1199,(anonymous_155)
FN:1208,(anonymous_156)
FN:1217,(anonymous_157)
FN:1226,(anonymous_158)
FN:1236,(anonymous_159)
FN:1245,(anonymous_160)
FN:1254,(anonymous_161)
FN:1263,(anonymous_162)
FN:1272,(anonymous_163)
FN:1281,(anonymous_164)
FN:1290,(anonymous_165)
FN:1301,(anonymous_166)
FN:1310,(anonymous_167)
FN:1319,(anonymous_168)
FN:1328,(anonymous_169)
FN:1337,(anonymous_170)
FN:1346,(anonymous_171)
FN:1355,(anonymous_172)
FN:1366,(anonymous_173)
FN:1375,(anonymous_174)
FN:1384,(anonymous_175)
FN:1393,(anonymous_176)
FN:1402,(anonymous_177)
FN:1411,(anonymous_178)
FN:1420,(anonymous_179)
FN:1431,(anonymous_180)
FN:1440,(anonymous_181)
FN:1449,(anonymous_182)
FN:1458,(anonymous_183)
FN:1467,(anonymous_184)
FN:1476,(anonymous_185)
FN:1485,(anonymous_186)
FN:1498,(anonymous_187)
FN:1507,(anonymous_188)
FN:1516,(anonymous_189)
FN:1519,(anonymous_190)
FN:1522,(anonymous_191)
FN:1525,(anonymous_192)
FN:1528,(anonymous_193)
FN:1531,(anonymous_194)
FN:1534,(anonymous_195)
FN:1537,(anonymous_196)
FN:1540,(anonymous_197)
FN:1544,(anonymous_198)
FN:1547,(anonymous_199)
FN:1552,(anonymous_200)
FN:1555,(anonymous_201)
FN:1559,(anonymous_202)
FN:1562,(anonymous_203)
FN:1571,(anonymous_204)
FN:1580,(anonymous_205)
FN:1589,(anonymous_206)
FN:1598,(anonymous_207)
FN:1607,(anonymous_208)
FN:1616,(anonymous_209)
FN:1625,(anonymous_210)
FN:1634,(anonymous_211)
FN:1643,(anonymous_212)
FN:1652,(anonymous_213)
FN:1661,(anonymous_214)
FN:1670,(anonymous_215)
FN:1681,(anonymous_216)
FN:1690,(anonymous_217)
FN:1699,(anonymous_218)
FN:1702,(anonymous_219)
FN:1705,(anonymous_220)
FN:1708,(anonymous_221)
FN:1711,(anonymous_222)
FN:1714,(anonymous_223)
FN:1717,(anonymous_224)
FN:1720,(anonymous_225)
FN:1723,(anonymous_226)
FN:1727,(anonymous_227)
FN:1730,(anonymous_228)
FN:1735,(anonymous_229)
FN:1738,(anonymous_230)
FN:1742,(anonymous_231)
FN:1745,(anonymous_232)
FN:1754,(anonymous_233)
FN:1763,(anonymous_234)
FN:1772,(anonymous_235)
FN:1781,(anonymous_236)
FN:1790,(anonymous_237)
FN:1799,(anonymous_238)
FN:1808,(anonymous_239)
FN:1817,(anonymous_240)
FN:1826,(anonymous_241)
FN:1835,(anonymous_242)
FN:1844,(anonymous_243)
FN:1853,(anonymous_244)
FNF:245
FNH:0
FNDA:0,(anonymous_0)
FNDA:0,(anonymous_1)
FNDA:0,(anonymous_2)
FNDA:0,(anonymous_3)
FNDA:0,(anonymous_4)
FNDA:0,(anonymous_5)
FNDA:0,(anonymous_6)
FNDA:0,(anonymous_7)
FNDA:0,(anonymous_8)
FNDA:0,(anonymous_9)
FNDA:0,(anonymous_10)
FNDA:0,(anonymous_11)
FNDA:0,(anonymous_12)
FNDA:0,(anonymous_13)
FNDA:0,(anonymous_14)
FNDA:0,(anonymous_15)
FNDA:0,(anonymous_16)
FNDA:0,(anonymous_17)
FNDA:0,(anonymous_18)
FNDA:0,(anonymous_19)
FNDA:0,(anonymous_20)
FNDA:0,(anonymous_21)
FNDA:0,(anonymous_22)
FNDA:0,(anonymous_23)
FNDA:0,(anonymous_24)
FNDA:0,(anonymous_25)
FNDA:0,(anonymous_26)
FNDA:0,(anonymous_27)
FNDA:0,(anonymous_28)
FNDA:0,(anonymous_29)
FNDA:0,(anonymous_30)
FNDA:0,(anonymous_31)
FNDA:0,(anonymous_32)
FNDA:0,(anonymous_33)
FNDA:0,(anonymous_34)
FNDA:0,(anonymous_35)
FNDA:0,(anonymous_36)
FNDA:0,(anonymous_37)
FNDA:0,(anonymous_38)
FNDA:0,(anonymous_39)
FNDA:0,(anonymous_40)
FNDA:0,(anonymous_41)
FNDA:0,(anonymous_42)
FNDA:0,(anonymous_43)
FNDA:0,(anonymous_44)
FNDA:0,(anonymous_45)
FNDA:0,(anonymous_46)
FNDA:0,(anonymous_47)
FNDA:0,(anonymous_48)
FNDA:0,(anonymous_49)
FNDA:0,(anonymous_50)
FNDA:0,(anonymous_51)
FNDA:0,(anonymous_52)
FNDA:0,(anonymous_53)
FNDA:0,(anonymous_54)
FNDA:0,(anonymous_55)
FNDA:0,(anonymous_56)
FNDA:0,(anonymous_57)
FNDA:0,(anonymous_58)
FNDA:0,(anonymous_59)
FNDA:0,(anonymous_60)
FNDA:0,(anonymous_61)
FNDA:0,(anonymous_62)
FNDA:0,(anonymous_63)
FNDA:0,(anonymous_64)
FNDA:0,(anonymous_65)
FNDA:0,(anonymous_66)
FNDA:0,(anonymous_67)
FNDA:0,(anonymous_68)
FNDA:0,(anonymous_69)
FNDA:0,(anonymous_70)
FNDA:0,(anonymous_71)
FNDA:0,(anonymous_72)
FNDA:0,(anonymous_73)
FNDA:0,(anonymous_74)
FNDA:0,(anonymous_75)
FNDA:0,(anonymous_76)
FNDA:0,(anonymous_77)
FNDA:0,(anonymous_78)
FNDA:0,(anonymous_79)
FNDA:0,(anonymous_80)
FNDA:0,(anonymous_81)
FNDA:0,(anonymous_82)
FNDA:0,(anonymous_83)
FNDA:0,(anonymous_84)
FNDA:0,(anonymous_85)
FNDA:0,(anonymous_86)
FNDA:0,(anonymous_87)
FNDA:0,(anonymous_88)
FNDA:0,(anonymous_89)
FNDA:0,(anonymous_90)
FNDA:0,(anonymous_91)
FNDA:0,(anonymous_92)
FNDA:0,(anonymous_93)
FNDA:0,(anonymous_94)
FNDA:0,(anonymous_95)
FNDA:0,(anonymous_96)
FNDA:0,(anonymous_97)
FNDA:0,(anonymous_98)
FNDA:0,(anonymous_99)
FNDA:0,(anonymous_100)
FNDA:0,(anonymous_101)
FNDA:0,(anonymous_102)
FNDA:0,(anonymous_103)
FNDA:0,(anonymous_104)
FNDA:0,(anonymous_105)
FNDA:0,(anonymous_106)
FNDA:0,(anonymous_107)
FNDA:0,(anonymous_108)
FNDA:0,(anonymous_109)
FNDA:0,(anonymous_110)
FNDA:0,(anonymous_111)
FNDA:0,(anonymous_112)
FNDA:0,(anonymous_113)
FNDA:0,(anonymous_114)
FNDA:0,(anonymous_115)
FNDA:0,(anonymous_116)
FNDA:0,(anonymous_117)
FNDA:0,(anonymous_118)
FNDA:0,(anonymous_119)
FNDA:0,(anonymous_120)
FNDA:0,(anonymous_121)
FNDA:0,(anonymous_122)
FNDA:0,(anonymous_123)
FNDA:0,(anonymous_124)
FNDA:0,(anonymous_125)
FNDA:0,(anonymous_126)
FNDA:0,(anonymous_127)
FNDA:0,(anonymous_128)
FNDA:0,(anonymous_129)
FNDA:0,(anonymous_130)
FNDA:0,(anonymous_131)
FNDA:0,(anonymous_132)
FNDA:0,(anonymous_133)
FNDA:0,(anonymous_134)
FNDA:0,(anonymous_135)
FNDA:0,(anonymous_136)
FNDA:0,(anonymous_137)
FNDA:0,(anonymous_138)
FNDA:0,(anonymous_139)
FNDA:0,(anonymous_140)
FNDA:0,(anonymous_141)
FNDA:0,(anonymous_142)
FNDA:0,(anonymous_143)
FNDA:0,(anonymous_144)
FNDA:0,(anonymous_145)
FNDA:0,(anonymous_146)
FNDA:0,(anonymous_147)
FNDA:0,(anonymous_148)
FNDA:0,(anonymous_149)
FNDA:0,(anonymous_150)
FNDA:0,(anonymous_151)
FNDA:0,(anonymous_152)
FNDA:0,(anonymous_153)
FNDA:0,(anonymous_154)
FNDA:0,(anonymous_155)
FNDA:0,(anonymous_156)
FNDA:0,(anonymous_157)
FNDA:0,(anonymous_158)
FNDA:0,(anonymous_159)
FNDA:0,(anonymous_160)
FNDA:0,(anonymous_161)
FNDA:0,(anonymous_162)
FNDA:0,(anonymous_163)
FNDA:0,(anonymous_164)
FNDA:0,(anonymous_165)
FNDA:0,(anonymous_166)
FNDA:0,(anonymous_167)
FNDA:0,(anonymous_168)
FNDA:0,(anonymous_169)
FNDA:0,(anonymous_170)
FNDA:0,(anonymous_171)
FNDA:0,(anonymous_172)
FNDA:0,(anonymous_173)
FNDA:0,(anonymous_174)
FNDA:0,(anonymous_175)
FNDA:0,(anonymous_176)
FNDA:0,(anonymous_177)
FNDA:0,(anonymous_178)
FNDA:0,(anonymous_179)
FNDA:0,(anonymous_180)
FNDA:0,(anonymous_181)
FNDA:0,(anonymous_182)
FNDA:0,(anonymous_183)
FNDA:0,(anonymous_184)
FNDA:0,(anonymous_185)
FNDA:0,(anonymous_186)
FNDA:0,(anonymous_187)
FNDA:0,(anonymous_188)
FNDA:0,(anonymous_189)
FNDA:0,(anonymous_190)
FNDA:0,(anonymous_191)
FNDA:0,(anonymous_192)
FNDA:0,(anonymous_193)
FNDA:0,(anonymous_194)
FNDA:0,(anonymous_195)
FNDA:0,(anonymous_196)
FNDA:0,(anonymous_197)
FNDA:0,(anonymous_198)
FNDA:0,(anonymous_199)
FNDA:0,(anonymous_200)
FNDA:0,(anonymous_201)
FNDA:0,(anonymous_202)
FNDA:0,(anonymous_203)
FNDA:0,(anonymous_204)
FNDA:0,(anonymous_205)
FNDA:0,(anonymous_206)
FNDA:0,(anonymous_207)
FNDA:0,(anonymous_208)
FNDA:0,(anonymous_209)
FNDA:0,(anonymous_210)
FNDA:0,(anonymous_211)
FNDA:0,(anonymous_212)
FNDA:0,(anonymous_213)
FNDA:0,(anonymous_214)
FNDA:0,(anonymous_215)
FNDA:0,(anonymous_216)
FNDA:0,(anonymous_217)
FNDA:0,(anonymous_218)
FNDA:0,(anonymous_219)
FNDA:0,(anonymous_220)
FNDA:0,(anonymous_221)
FNDA:0,(anonymous_222)
FNDA:0,(anonymous_223)
FNDA:0,(anonymous_224)
FNDA:0,(anonymous_225)
FNDA:0,(anonymous_226)
FNDA:0,(anonymous_227)
FNDA:0,(anonymous_228)
FNDA:0,(anonymous_229)
FNDA:0,(anonymous_230)
FNDA:0,(anonymous_231)
FNDA:0,(anonymous_232)
FNDA:0,(anonymous_233)
FNDA:0,(anonymous_234)
FNDA:0,(anonymous_235)
FNDA:0,(anonymous_236)
FNDA:0,(anonymous_237)
FNDA:0,(anonymous_238)
FNDA:0,(anonymous_239)
FNDA:0,(anonymous_240)
FNDA:0,(anonymous_241)
FNDA:0,(anonymous_242)
FNDA:0,(anonymous_243)
FNDA:0,(anonymous_244)
DA:8,0
DA:9,0
DA:10,0
DA:11,0
DA:12,0
DA:13,0
DA:14,0
DA:15,0
DA:20,0
DA:25,0
DA:49,0
DA:80,0
DA:83,0
DA:86,0
DA:95,0
DA:104,0
DA:114,0
DA:123,0
DA:132,0
DA:144,0
DA:165,0
DA:174,0
DA:183,0
DA:192,0
DA:201,0
DA:210,0
DA:219,0
DA:228,0
DA:237,0
DA:240,0
DA:243,0
DA:246,0
DA:249,0
DA:253,0
DA:256,0
DA:261,0
DA:264,0
DA:269,0
DA:272,0
DA:277,0
DA:280,0
DA:284,0
DA:287,0
DA:290,0
DA:293,0
DA:296,0
DA:305,0
DA:314,0
DA:323,0
DA:332,0
DA:341,0
DA:350,0
DA:359,0
DA:368,0
DA:377,0
DA:386,0
DA:395,0
DA:404,0
DA:413,0
DA:422,0
DA:431,0
DA:440,0
DA:449,0
DA:458,0
DA:467,0
DA:476,0
DA:485,0
DA:494,0
DA:503,0
DA:512,0
DA:522,0
DA:531,0
DA:540,0
DA:549,0
DA:558,0
DA:567,0
DA:577,0
DA:586,0
DA:595,0
DA:604,0
DA:613,0
DA:622,0
DA:631,0
DA:642,0
DA:651,0
DA:660,0
DA:669,0
DA:678,0
DA:687,0
DA:696,0
DA:707,0
DA:716,0
DA:725,0
DA:734,0
DA:743,0
DA:752,0
DA:761,0
DA:774,0
DA:783,0
DA:792,0
DA:801,0
DA:810,0
DA:819,0
DA:828,0
DA:837,0
DA:846,0
DA:855,0
DA:864,0
DA:873,0
DA:876,0
DA:879,0
DA:882,0
DA:885,0
DA:889,0
DA:892,0
DA:897,0
DA:900,0
DA:905,0
DA:908,0
DA:913,0
DA:916,0
DA:920,0
DA:923,0
DA:926,0
DA:929,0
DA:932,0
DA:935,0
DA:938,0
DA:947,0
DA:956,0
DA:965,0
DA:974,0
DA:983,0
DA:992,0
DA:1001,0
DA:1010,0
DA:1019,0
DA:1028,0
DA:1037,0
DA:1046,0
DA:1055,0
DA:1064,0
DA:1073,0
DA:1082,0
DA:1091,0
DA:1100,0
DA:1109,0
DA:1118,0
DA:1127,0
DA:1136,0
DA:1145,0
DA:1154,0
DA:1164,0
DA:1173,0
DA:1182,0
DA:1191,0
DA:1200,0
DA:1209,0
DA:1218,0
DA:1227,0
DA:1237,0
DA:1246,0
DA:1255,0
DA:1264,0
DA:1273,0
DA:1282,0
DA:1291,0
DA:1302,0
DA:1311,0
DA:1320,0
DA:1329,0
DA:1338,0
DA:1347,0
DA:1356,0
DA:1367,0
DA:1376,0
DA:1385,0
DA:1394,0
DA:1403,0
DA:1412,0
DA:1421,0
DA:1432,0
DA:1441,0
DA:1450,0
DA:1459,0
DA:1468,0
DA:1477,0
DA:1486,0
DA:1499,0
DA:1508,0
DA:1517,0
DA:1520,0
DA:1523,0
DA:1526,0
DA:1529,0
DA:1532,0
DA:1535,0
DA:1538,0
DA:1541,0
DA:1545,0
DA:1548,0
DA:1553,0
DA:1556,0
DA:1560,0
DA:1563,0
DA:1572,0
DA:1581,0
DA:1590,0
DA:1599,0
DA:1608,0
DA:1617,0
DA:1626,0
DA:1635,0
DA:1644,0
DA:1653,0
DA:1662,0
DA:1671,0
DA:1682,0
DA:1691,0
DA:1700,0
DA:1703,0
DA:1706,0
DA:1709,0
DA:1712,0
DA:1715,0
DA:1718,0
DA:1721,0
DA:1724,0
DA:1728,0
DA:1731,0
DA:1736,0
DA:1739,0
DA:1743,0
DA:1746,0
DA:1755,0
DA:1764,0
DA:1773,0
DA:1782,0
DA:1791,0
DA:1800,0
DA:1809,0
DA:1818,0
DA:1827,0
DA:1836,0
DA:1845,0
DA:1854,0
LF:246
LH:0
BRF:0
BRH:0
end_of_record
TN:
SF:src/Compiler/TypeChecker/index.ts
FN:37,(anonymous_0)
FN:59,(anonymous_1)
FN:64,(anonymous_2)
FN:69,(anonymous_3)
FN:81,(anonymous_4)
FN:88,(anonymous_5)
FN:109,(anonymous_6)
FN:135,(anonymous_7)
FN:147,(anonymous_8)
FN:154,(anonymous_9)
FN:175,(anonymous_10)
FN:202,(anonymous_11)
FN:227,(anonymous_12)
FN:265,(anonymous_13)
FN:280,(anonymous_14)
FN:294,(anonymous_15)
FN:317,(anonymous_16)
FN:330,(anonymous_17)
FN:340,(anonymous_18)
FN:351,(anonymous_19)
FN:360,(anonymous_20)
FN:379,(anonymous_21)
FN:418,(anonymous_22)
FN:450,(anonymous_23)
FN:627,(anonymous_24)
FN:765,(anonymous_25)
FN:1025,(anonymous_26)
FN:1234,(anonymous_27)
FN:1260,(anonymous_28)
FN:1278,(anonymous_29)
FN:1362,(anonymous_30)
FN:1496,(anonymous_31)
FN:1647,(anonymous_32)
FN:1657,(anonymous_33)
FN:1672,(anonymous_34)
FN:2022,(anonymous_35)
FN:2032,(anonymous_36)
FN:2114,(anonymous_37)
FN:2125,(anonymous_38)
FN:2138,(anonymous_39)
FN:2178,(anonymous_40)
FN:2193,(anonymous_41)
FN:2203,(anonymous_42)
FN:2221,(anonymous_43)
FN:2261,(anonymous_44)
FNF:45
FNH:0
FNDA:0,(anonymous_0)
FNDA:0,(anonymous_1)
FNDA:0,(anonymous_2)
FNDA:0,(anonymous_3)
FNDA:0,(anonymous_4)
FNDA:0,(anonymous_5)
FNDA:0,(anonymous_6)
FNDA:0,(anonymous_7)
FNDA:0,(anonymous_8)
FNDA:0,(anonymous_9)
FNDA:0,(anonymous_10)
FNDA:0,(anonymous_11)
FNDA:0,(anonymous_12)
FNDA:0,(anonymous_13)
FNDA:0,(anonymous_14)
FNDA:0,(anonymous_15)
FNDA:0,(anonymous_16)
FNDA:0,(anonymous_17)
FNDA:0,(anonymous_18)
FNDA:0,(anonymous_19)
FNDA:0,(anonymous_20)
FNDA:0,(anonymous_21)
FNDA:0,(anonymous_22)
FNDA:0,(anonymous_23)
FNDA:0,(anonymous_24)
FNDA:0,(anonymous_25)
FNDA:0,(anonymous_26)
FNDA:0,(anonymous_27)
FNDA:0,(anonymous_28)
FNDA:0,(anonymous_29)
FNDA:0,(anonymous_30)
FNDA:0,(anonymous_31)
FNDA:0,(anonymous_32)
FNDA:0,(anonymous_33)
FNDA:0,(anonymous_34)
FNDA:0,(anonymous_35)
FNDA:0,(anonymous_36)
FNDA:0,(anonymous_37)
FNDA:0,(anonymous_38)
FNDA:0,(anonymous_39)
FNDA:0,(anonymous_40)
FNDA:0,(anonymous_41)
FNDA:0,(anonymous_42)
FNDA:0,(anonymous_43)
FNDA:0,(anonymous_44)
DA:37,0
DA:38,0
DA:39,0
DA:56,0
DA:59,0
DA:64,0
DA:65,0
DA:66,0
DA:67,0
DA:69,0
DA:78,0
DA:79,0
DA:81,0
DA:83,0
DA:84,0
DA:86,0
DA:88,0
DA:96,0
DA:104,0
DA:105,0
DA:107,0
DA:109,0
DA:118,0
DA:126,0
DA:127,0
DA:129,0
DA:130,0
DA:135,0
DA:144,0
DA:145,0
DA:147,0
DA:149,0
DA:150,0
DA:152,0
DA:154,0
DA:162,0
DA:170,0
DA:171,0
DA:173,0
DA:175,0
DA:184,0
DA:192,0
DA:193,0
DA:195,0
DA:196,0
DA:202,0
DA:210,0
DA:212,0
DA:213,0
DA:220,0
DA:222,0
DA:223,0
DA:224,0
DA:226,0
DA:228,0
DA:239,0
DA:242,0
DA:243,0
DA:245,0
DA:253,0
DA:260,0
DA:262,0
DA:266,0
DA:278,0
DA:281,0
DA:289,0
DA:290,0
DA:291,0
DA:292,0
DA:295,0
DA:298,0
DA:300,0
DA:306,0
DA:314,0
DA:317,0
DA:325,0
DA:327,0
DA:329,0
DA:330,0
DA:334,0
DA:338,0
DA:340,0
DA:341,0
DA:343,0
DA:350,0
DA:351,0
DA:352,0
DA:354,0
DA:356,0
DA:360,0
DA:361,0
DA:369,0
DA:372,0
DA:374,0
DA:376,0
DA:379,0
DA:389,0
DA:390,0
DA:392,0
DA:401,0
DA:404,0
DA:405,0
DA:415,0
DA:418,0
DA:428,0
DA:429,0
DA:431,0
DA:436,0
DA:437,0
DA:444,0
DA:447,0
DA:450,0
DA:460,0
DA:461,0
DA:463,0
DA:464,0
DA:466,0
DA:471,0
DA:472,0
DA:479,0
DA:481,0
DA:485,0
DA:488,0
DA:495,0
DA:497,0
DA:498,0
DA:509,0
DA:510,0
DA:511,0
DA:514,0
DA:517,0
DA:518,0
DA:529,0
DA:530,0
DA:539,0
DA:540,0
DA:543,0
DA:544,0
DA:555,0
DA:556,0
DA:565,0
DA:568,0
DA:573,0
DA:575,0
DA:576,0
DA:586,0
DA:589,0
DA:591,0
DA:592,0
DA:602,0
DA:605,0
DA:616,0
DA:622,0
DA:624,0
DA:625,0
DA:627,0
DA:629,0
DA:631,0
DA:634,0
DA:636,0
DA:647,0
DA:651,0
DA:652,0
DA:662,0
DA:666,0
DA:669,0
DA:670,0
DA:671,0
DA:673,0
DA:676,0
DA:677,0
DA:678,0
DA:682,0
DA:687,0
DA:691,0
DA:692,0
DA:702,0
DA:705,0
DA:707,0
DA:709,0
DA:711,0
DA:712,0
DA:716,0
DA:717,0
DA:718,0
DA:728,0
DA:730,0
DA:732,0
DA:734,0
DA:735,0
DA:738,0
DA:749,0
DA:750,0
DA:760,0
DA:765,0
DA:776,0
DA:778,0
DA:780,0
DA:791,0
DA:792,0
DA:793,0
DA:797,0
DA:809,0
DA:820,0
DA:823,0
DA:840,0
DA:842,0
DA:851,0
DA:854,0
DA:855,0
DA:856,0
DA:858,0
DA:860,0
DA:861,0
DA:876,0
DA:890,0
DA:891,0
DA:892,0
DA:895,0
DA:911,0
DA:915,0
DA:917,0
DA:918,0
DA:919,0
DA:920,0
DA:922,0
DA:923,0
DA:924,0
DA:925,0
DA:929,0
DA:930,0
DA:936,0
DA:939,0
DA:940,0
DA:941,0
DA:943,0
DA:945,0
DA:946,0
DA:961,0
DA:975,0
DA:976,0
DA:977,0
DA:980,0
DA:996,0
DA:999,0
DA:1001,0
DA:1003,0
DA:1005,0
DA:1007,0
DA:1009,0
DA:1011,0
DA:1013,0
DA:1015,0
DA:1016,0
DA:1017,0
DA:1020,0
DA:1026,0
DA:1048,0
DA:1051,0
DA:1052,0
DA:1053,0
DA:1055,0
DA:1065,0
DA:1066,0
DA:1067,0
DA:1073,0
DA:1076,0
DA:1078,0
DA:1092,0
DA:1103,0
DA:1107,0
DA:1108,0
DA:1109,0
DA:1110,0
DA:1131,0
DA:1142,0
DA:1143,0
DA:1162,0
DA:1170,0
DA:1180,0
DA:1197,0
DA:1214,0
DA:1217,0
DA:1219,0
DA:1220,0
DA:1221,0
DA:1229,0
DA:1234,0
DA:1259,0
DA:1260,0
DA:1265,0
DA:1274,0
DA:1278,0
DA:1279,0
DA:1294,0
DA:1298,0
DA:1300,0
DA:1318,0
DA:1320,0
DA:1321,0
DA:1324,0
DA:1325,0
DA:1342,0
DA:1360,0
DA:1362,0
DA:1363,0
DA:1372,0
DA:1388,0
DA:1389,0
DA:1393,0
DA:1395,0
DA:1404,0
DA:1407,0
DA:1409,0
DA:1411,0
DA:1412,0
DA:1414,0
DA:1417,0
DA:1425,0
DA:1426,0
DA:1432,0
DA:1446,0
DA:1450,0
DA:1462,0
DA:1467,0
DA:1469,0
DA:1471,0
DA:1472,0
DA:1473,0
DA:1480,0
DA:1491,0
DA:1493,0
DA:1494,0
DA:1496,0
DA:1498,0
DA:1508,0
DA:1510,0
DA:1528,0
DA:1538,0
DA:1541,0
DA:1542,0
DA:1544,0
DA:1556,0
DA:1574,0
DA:1578,0
DA:1580,0
DA:1592,0
DA:1610,0
DA:1614,0
DA:1615,0
DA:1621,0
DA:1624,0
DA:1627,0
DA:1628,0
DA:1629,0
DA:1641,0
DA:1642,0
DA:1646,0
DA:1647,0
DA:1648,0
DA:1657,0
DA:1658,0
DA:1666,0
DA:1668,0
DA:1670,0
DA:1672,0
DA:1673,0
DA:1675,0
DA:1676,0
DA:1678,0
DA:1682,0
DA:1710,0
DA:1737,0
DA:1740,0
DA:1741,0
DA:1743,0
DA:1761,0
DA:1765,0
DA:1766,0
DA:1769,0
DA:1780,0
DA:1797,0
DA:1800,0
DA:1801,0
DA:1804,0
DA:1821,0
DA:1823,0
DA:1832,0
DA:1834,0
DA:1837,0
DA:1848,0
DA:1849,0
DA:1851,0
DA:1853,0
DA:1855,0
DA:1866,0
DA:1868,0
DA:1877,0
DA:1880,0
DA:1891,0
DA:1893,0
DA:1895,0
DA:1896,0
DA:1898,0
DA:1901,0
DA:1904,0
DA:1907,0
DA:1911,0
DA:1913,0
DA:1914,0
DA:1915,0
DA:1916,0
DA:1918,0
DA:1919,0
DA:1920,0
DA:1921,0
DA:1924,0
DA:1925,0
DA:1931,0
DA:1933,0
DA:1936,0
DA:1947,0
DA:1948,0
DA:1950,0
DA:1952,0
DA:1954,0
DA:1965,0
DA:1967,0
DA:1976,0
DA:1979,0
DA:1990,0
DA:1992,0
DA:1994,0
DA:1995,0
DA:1997,0
DA:2000,0
DA:2003,0
DA:2006,0
DA:2018,0
DA:2021,0
DA:2022,0
DA:2023,0
DA:2032,0
DA:2033,0
DA:2044,0
DA:2054,0
DA:2066,0
DA:2068,0
DA:2080,0
DA:2100,0
DA:2102,0
DA:2112,0
DA:2114,0
DA:2115,0
DA:2117,0
DA:2118,0
DA:2120,0
DA:2122,0
DA:2125,0
DA:2126,0
DA:2127,0
DA:2128,0
DA:2129,0
DA:2131,0
DA:2137,0
DA:2138,0
DA:2139,0
DA:2148,0
DA:2155,0
DA:2165,0
DA:2168,0
DA:2169,0
DA:2176,0
DA:2178,0
DA:2179,0
DA:2181,0
DA:2184,0
DA:2186,0
DA:2188,0
DA:2189,0
DA:2192,0
DA:2193,0
DA:2194,0
DA:2203,0
DA:2204,0
DA:2212,0
DA:2218,0
DA:2221,0
DA:2222,0
DA:2223,0
DA:2226,0
DA:2229,0
DA:2231,0
DA:2234,0
DA:2237,0
DA:2240,0
DA:2241,0
DA:2244,0
DA:2247,0
DA:2257,0
DA:2261,0
DA:2266,0
LF:502
LH:0
BRDA:38,0,0,0
BRDA:38,0,1,0
BRDA:65,1,0,0
BRDA:65,1,1,0
BRDA:65,2,0,0
BRDA:65,2,1,0
BRDA:78,3,0,0
BRDA:78,3,1,0
BRDA:83,4,0,0
BRDA:104,5,0,0
BRDA:126,6,0,0
BRDA:144,7,0,0
BRDA:144,7,1,0
BRDA:149,8,0,0
BRDA:170,9,0,0
BRDA:192,10,0,0
BRDA:210,11,0,0
BRDA:210,11,1,0
BRDA:210,11,2,0
BRDA:210,11,3,0
BRDA:210,11,4,0
BRDA:210,11,5,0
BRDA:210,11,6,0
BRDA:210,11,7,0
BRDA:210,11,8,0
BRDA:212,12,0,0
BRDA:226,13,0,0
BRDA:242,14,0,0
BRDA:242,14,1,0
BRDA:291,15,0,0
BRDA:291,15,1,0
BRDA:325,16,0,0
BRDA:325,16,1,0
BRDA:325,16,2,0
BRDA:325,16,3,0
BRDA:325,16,4,0
BRDA:325,16,5,0
BRDA:325,16,6,0
BRDA:325,16,7,0
BRDA:325,16,8,0
BRDA:335,17,0,0
BRDA:335,17,1,0
BRDA:350,18,0,0
BRDA:350,18,1,0
BRDA:361,19,0,0
BRDA:361,19,1,0
BRDA:361,20,0,0
BRDA:361,20,1,0
BRDA:386,21,0,0
BRDA:401,22,0,0
BRDA:404,23,0,0
BRDA:425,24,0,0
BRDA:431,25,0,0
BRDA:432,26,0,0
BRDA:432,26,1,0
BRDA:436,27,0,0
BRDA:436,28,0,0
BRDA:436,28,1,0
BRDA:457,29,0,0
BRDA:463,30,0,0
BRDA:463,31,0,0
BRDA:463,31,1,0
BRDA:464,32,0,0
BRDA:464,33,0,0
BRDA:464,33,1,0
BRDA:466,34,0,0
BRDA:467,35,0,0
BRDA:467,35,1,0
BRDA:471,36,0,0
BRDA:471,37,0,0
BRDA:471,37,1,0
BRDA:481,38,0,0
BRDA:488,39,0,0
BRDA:488,39,1,0
BRDA:489,40,0,0
BRDA:489,40,1,0
BRDA:489,40,2,0
BRDA:489,40,3,0
BRDA:495,41,0,0
BRDA:497,42,0,0
BRDA:497,42,1,0
BRDA:497,43,0,0
BRDA:497,43,1,0
BRDA:498,44,0,0
BRDA:510,45,0,0
BRDA:510,46,0,0
BRDA:510,46,1,0
BRDA:514,47,0,0
BRDA:514,47,1,0
BRDA:517,48,0,0
BRDA:529,49,0,0
BRDA:529,49,1,0
BRDA:540,50,0,0
BRDA:543,51,0,0
BRDA:555,52,0,0
BRDA:555,52,1,0
BRDA:568,53,0,0
BRDA:569,54,0,0
BRDA:569,54,1,0
BRDA:573,55,0,0
BRDA:573,56,0,0
BRDA:573,56,1,0
BRDA:575,57,0,0
BRDA:589,58,0,0
BRDA:589,59,0,0
BRDA:589,59,1,0
BRDA:591,60,0,0
BRDA:616,61,0,0
BRDA:617,62,0,0
BRDA:617,62,1,0
BRDA:622,63,0,0
BRDA:629,64,0,0
BRDA:629,64,1,0
BRDA:631,65,0,0
BRDA:634,66,0,0
BRDA:636,67,0,0
BRDA:651,68,0,0
BRDA:651,69,0,0
BRDA:651,69,1,0
BRDA:666,70,0,0
BRDA:666,70,1,0
BRDA:670,71,0,0
BRDA:673,72,0,0
BRDA:677,73,0,0
BRDA:682,74,0,0
BRDA:683,75,0,0
BRDA:683,75,1,0
BRDA:687,76,0,0
BRDA:688,77,0,0
BRDA:688,77,1,0
BRDA:688,77,2,0
BRDA:688,77,3,0
BRDA:691,78,0,0
BRDA:705,79,0,0
BRDA:705,80,0,0
BRDA:705,80,1,0
BRDA:711,81,0,0
BRDA:716,82,0,0
BRDA:717,83,0,0
BRDA:734,84,0,0
BRDA:749,85,0,0
BRDA:776,86,0,0
BRDA:776,86,1,0
BRDA:776,86,2,0
BRDA:776,86,3,0
BRDA:776,86,4,0
BRDA:776,86,5,0
BRDA:776,86,6,0
BRDA:776,86,7,0
BRDA:776,86,8,0
BRDA:776,86,9,0
BRDA:776,86,10,0
BRDA:776,86,11,0
BRDA:776,86,12,0
BRDA:776,86,13,0
BRDA:776,86,14,0
BRDA:776,86,15,0
BRDA:776,86,16,0
BRDA:776,86,17,0
BRDA:776,86,18,0
BRDA:776,86,19,0
BRDA:776,86,20,0
BRDA:776,86,21,0
BRDA:791,87,0,0
BRDA:791,87,1,0
BRDA:793,88,0,0
BRDA:794,89,0,0
BRDA:794,89,1,0
BRDA:840,90,0,0
BRDA:860,91,0,0
BRDA:860,92,0,0
BRDA:860,92,1,0
BRDA:860,92,2,0
BRDA:890,93,0,0
BRDA:891,94,0,0
BRDA:922,95,0,0
BRDA:922,95,1,0
BRDA:922,96,0,0
BRDA:922,96,1,0
BRDA:924,97,0,0
BRDA:924,98,0,0
BRDA:924,98,1,0
BRDA:929,99,0,0
BRDA:929,100,0,0
BRDA:929,100,1,0
BRDA:945,101,0,0
BRDA:945,102,0,0
BRDA:945,102,1,0
BRDA:945,102,2,0
BRDA:975,103,0,0
BRDA:976,104,0,0
BRDA:1015,105,0,0
BRDA:1015,105,1,0
BRDA:1015,106,0,0
BRDA:1015,106,1,0
BRDA:1023,107,0,0
BRDA:1023,107,1,0
BRDA:1053,108,0,0
BRDA:1053,108,1,0
BRDA:1066,109,0,0
BRDA:1109,110,0,0
BRDA:1109,110,1,0
BRDA:1219,111,0,0
BRDA:1220,112,0,0
BRDA:1262,113,0,0
BRDA:1263,114,0,0
BRDA:1274,115,0,0
BRDA:1274,115,1,0
BRDA:1274,115,2,0
BRDA:1274,115,3,0
BRDA:1274,115,4,0
BRDA:1274,115,5,0
BRDA:1274,115,6,0
BRDA:1274,115,7,0
BRDA:1274,115,8,0
BRDA:1274,115,9,0
BRDA:1274,115,10,0
BRDA:1274,115,11,0
BRDA:1274,115,12,0
BRDA:1274,115,13,0
BRDA:1274,115,14,0
BRDA:1274,115,15,0
BRDA:1274,115,16,0
BRDA:1274,115,17,0
BRDA:1274,115,18,0
BRDA:1274,115,19,0
BRDA:1274,115,20,0
BRDA:1274,115,21,0
BRDA:1274,115,22,0
BRDA:1274,115,23,0
BRDA:1274,115,24,0
BRDA:1274,115,25,0
BRDA:1274,115,26,0
BRDA:1274,115,27,0
BRDA:1274,115,28,0
BRDA:1274,115,29,0
BRDA:1274,115,30,0
BRDA:1274,115,31,0
BRDA:1274,115,32,0
BRDA:1274,115,33,0
BRDA:1274,115,34,0
BRDA:1274,115,35,0
BRDA:1274,115,36,0
BRDA:1274,115,37,0
BRDA:1274,115,38,0
BRDA:1274,115,39,0
BRDA:1274,115,40,0
BRDA:1274,115,41,0
BRDA:1274,115,42,0
BRDA:1274,115,43,0
BRDA:1274,115,44,0
BRDA:1274,115,45,0
BRDA:1320,116,0,0
BRDA:1324,117,0,0
BRDA:1409,118,0,0
BRDA:1409,118,1,0
BRDA:1412,119,0,0
BRDA:1412,119,1,0
BRDA:1426,120,0,0
BRDA:1426,120,1,0
BRDA:1427,121,0,0
BRDA:1427,121,1,0
BRDA:1427,121,2,0
BRDA:1446,122,0,0
BRDA:1446,122,1,0
BRDA:1469,123,0,0
BRDA:1469,123,1,0
BRDA:1471,124,0,0
BRDA:1472,125,0,0
BRDA:1491,126,0,0
BRDA:1493,127,0,0
BRDA:1494,128,0,0
BRDA:1495,129,0,0
BRDA:1495,129,1,0
BRDA:1614,130,0,0
BRDA:1624,131,0,0
BRDA:1628,132,0,0
BRDA:1646,133,0,0
BRDA:1670,134,0,0
BRDA:1670,134,1,0
BRDA:1675,135,0,0
BRDA:1765,136,0,0
BRDA:1765,136,1,0
BRDA:1821,137,0,0
BRDA:1834,138,0,0
BRDA:1853,139,0,0
BRDA:1855,140,0,0
BRDA:1855,140,1,0
BRDA:1891,141,0,0
BRDA:1893,142,0,0
BRDA:1895,143,0,0
BRDA:1918,144,0,0
BRDA:1918,144,1,0
BRDA:1918,145,0,0
BRDA:1918,145,1,0
BRDA:1920,146,0,0
BRDA:1920,147,0,0
BRDA:1920,147,1,0
BRDA:1924,148,0,0
BRDA:1924,149,0,0
BRDA:1924,149,1,0
BRDA:1933,150,0,0
BRDA:1952,151,0,0
BRDA:1954,152,0,0
BRDA:1954,152,1,0
BRDA:1990,153,0,0
BRDA:1992,154,0,0
BRDA:1994,155,0,0
BRDA:2021,156,0,0
BRDA:2066,157,0,0
BRDA:2068,158,0,0
BRDA:2100,159,0,0
BRDA:2115,160,0,0
BRDA:2126,161,0,0
BRDA:2126,161,1,0
BRDA:2137,162,0,0
BRDA:2168,163,0,0
BRDA:2192,164,0,0
BRDA:2240,165,0,0
BRF:319
BRH:0
end_of_record
TN:
SF:src/Compiler/Types/ParseNodes.ts
FNF:0
FNH:0
DA:465,0
LF:1
LH:0
BRF:0
BRH:0
end_of_record
TN:
SF:src/cli/index.ts
FN:18,(anonymous_0)
FN:22,(anonymous_1)
FN:33,(anonymous_2)
FN:41,(anonymous_3)
FNF:4
FNH:0
FNDA:0,(anonymous_0)
FNDA:0,(anonymous_1)
FNDA:0,(anonymous_2)
FNDA:0,(anonymous_3)
DA:14,0
DA:16,0
DA:18,0
DA:20,0
DA:22,0
DA:23,0
DA:24,0
DA:27,0
DA:30,0
DA:33,0
DA:35,0
DA:37,0
DA:38,0
DA:41,0
DA:42,0
DA:45,0
LF:16
LH:0
BRF:0
BRH:0
end_of_record
TN:
SF:src/wasmBuilder/index.ts
FN:22,(anonymous_0)
FNF:1
FNH:0
FNDA:0,(anonymous_0)
DA:24,0
DA:26,0
DA:36,0
DA:44,0
DA:45,0
DA:47,0
DA:49,0
DA:51,0
DA:53,0
DA:55,0
DA:56,0
DA:58,0
DA:60,0
DA:61,0
DA:62,0
DA:64,0
LF:16
LH:0
BRF:0
BRH:0
end_of_record
TN:
SF:src/wasmBuilder/Build/Expression.ts
FN:4,(anonymous_0)
FN:5,(anonymous_1)
FN:6,(anonymous_2)
FN:38,(anonymous_3)
FN:70,(anonymous_4)
FN:82,(anonymous_5)
FN:86,(anonymous_6)
FN:95,(anonymous_7)
FN:99,(anonymous_8)
FN:108,(anonymous_9)
FN:121,(anonymous_10)
FN:126,(anonymous_11)
FN:130,(anonymous_12)
FN:138,(anonymous_13)
FN:146,(anonymous_14)
FN:150,(anonymous_15)
FN:183,(anonymous_16)
FN:184,(anonymous_17)
FN:188,(anonymous_18)
FN:193,(anonymous_19)
FN:197,(anonymous_20)
FN:238,(anonymous_21)
FNF:22
FNH:22
FNDA:1,(anonymous_0)
FNDA:73,(anonymous_1)
FNDA:5,(anonymous_2)
FNDA:5,(anonymous_3)
FNDA:2,(anonymous_4)
FNDA:6,(anonymous_5)
FNDA:4,(anonymous_6)
FNDA:1,(anonymous_7)
FNDA:2,(anonymous_8)
FNDA:1,(anonymous_9)
FNDA:1,(anonymous_10)
FNDA:2,(anonymous_11)
FNDA:2,(anonymous_12)
FNDA:2,(anonymous_13)
FNDA:2,(anonymous_14)
FNDA:2,(anonymous_15)
FNDA:1,(anonymous_16)
FNDA:1,(anonymous_17)
FNDA:9,(anonymous_18)
FNDA:1,(anonymous_19)
FNDA:1,(anonymous_20)
FNDA:1,(anonymous_21)
DA:4,2
DA:5,73
DA:6,2
DA:11,5
DA:12,5
DA:13,5
DA:15,19
DA:19,1
DA:22,19
DA:23,19
DA:24,4
DA:26,3
DA:27,1
DA:28,15
DA:31,5
DA:38,2
DA:43,5
DA:44,5
DA:45,5
DA:47,19
DA:51,1
DA:54,19
DA:55,19
DA:56,4
DA:58,3
DA:59,1
DA:60,15
DA:63,5
DA:70,2
DA:74,2
DA:82,6
DA:86,2
DA:89,4
DA:95,2
DA:99,2
DA:102,2
DA:108,2
DA:112,1
DA:121,2
DA:126,2
DA:130,2
DA:133,2
DA:138,2
DA:141,2
DA:146,2
DA:150,2
DA:153,2
DA:183,2
DA:184,2
DA:188,9
DA:193,2
DA:197,2
DA:238,2
DA:241,1
LF:54
LH:54
BRDA:15,0,0,1
BRDA:16,1,0,19
BRDA:16,1,1,18
BRDA:23,2,0,4
BRDA:23,2,1,15
BRDA:23,3,0,19
BRDA:23,3,1,4
BRDA:23,3,2,1
BRDA:24,4,0,3
BRDA:24,4,1,1
BRDA:47,5,0,1
BRDA:48,6,0,19
BRDA:48,6,1,19
BRDA:55,7,0,4
BRDA:55,7,1,15
BRDA:55,8,0,19
BRDA:55,8,1,4
BRDA:55,8,2,1
BRDA:56,9,0,3
BRDA:56,9,1,1
BRDA:79,10,0,1
BRDA:79,10,1,1
BRDA:84,11,0,5
BRDA:84,11,1,1
BRDA:92,12,0,3
BRDA:92,12,1,1
BRDA:105,13,0,1
BRDA:105,13,1,1
BRDA:128,14,0,1
BRDA:128,14,1,1
BRDA:136,15,0,1
BRDA:136,15,1,1
BRDA:144,16,0,1
BRDA:144,16,1,1
BRDA:148,17,0,1
BRDA:148,17,1,1
BRDA:156,18,0,1
BRDA:156,18,1,1
BRF:38
BRH:38
end_of_record
TN:
SF:src/wasmBuilder/Build/Function.ts
FN:4,(anonymous_0)
FN:21,(anonymous_1)
FNF:2
FNH:2
FNDA:2,(anonymous_0)
FNDA:1,(anonymous_1)
DA:4,1
DA:12,2
DA:21,1
DA:23,1
DA:25,1
LF:5
LH:5
BRF:0
BRH:0
end_of_record
TN:
SF:src/wasmBuilder/Build/Module.ts
FN:4,(anonymous_0)
FN:8,(anonymous_1)
FN:13,(anonymous_2)
FN:17,(anonymous_3)
FN:37,(anonymous_4)
FN:78,(anonymous_5)
FN:116,(anonymous_6)
FN:131,(anonymous_7)
FN:139,(anonymous_8)
FN:161,(anonymous_9)
FN:166,(anonymous_10)
FN:186,(anonymous_11)
FN:208,(anonymous_12)
FN:223,(anonymous_13)
FN:236,(anonymous_14)
FNF:15
FNH:8
FNDA:2,(anonymous_0)
FNDA:2,(anonymous_1)
FNDA:1,(anonymous_2)
FNDA:2,(anonymous_3)
FNDA:5,(anonymous_4)
FNDA:0,(anonymous_5)
FNDA:0,(anonymous_6)
FNDA:0,(anonymous_7)
FNDA:0,(anonymous_8)
FNDA:1,(anonymous_9)
FNDA:1,(anonymous_10)
FNDA:0,(anonymous_11)
FNDA:0,(anonymous_12)
FNDA:1,(anonymous_13)
FNDA:0,(anonymous_14)
DA:4,2
DA:8,1
DA:9,2
DA:11,1
DA:13,1
DA:17,1
DA:25,2
DA:37,1
DA:39,5
DA:58,5
DA:59,1
DA:61,1
DA:62,0
DA:63,0
DA:64,0
DA:66,1
DA:67,1
DA:68,0
DA:69,0
DA:71,1
DA:75,5
DA:78,1
DA:80,0
DA:81,0
DA:82,0
DA:84,0
DA:85,0
DA:88,0
DA:89,0
DA:90,0
DA:91,0
DA:92,0
DA:93,0
DA:94,0
DA:95,0
DA:96,0
DA:97,0
DA:98,0
DA:99,0
DA:100,0
DA:101,0
DA:102,0
DA:103,0
DA:104,0
DA:105,0
DA:108,0
DA:110,0
DA:112,0
DA:118,0
DA:124,0
DA:126,0
DA:128,0
DA:131,1
DA:132,0
DA:135,0
DA:139,1
DA:141,0
DA:142,0
DA:148,0
DA:157,0
DA:161,1
DA:162,1
DA:163,1
DA:166,1
DA:174,1
DA:176,1
DA:183,1
DA:186,1
DA:193,0
DA:194,0
DA:195,0
DA:196,0
DA:199,0
DA:205,0
DA:208,1
DA:210,0
DA:211,0
DA:212,0
DA:213,0
DA:216,0
DA:220,0
DA:223,1
DA:225,1
DA:233,1
DA:236,1
DA:237,0
LF:86
LH:32
BRDA:9,0,0,1
BRDA:9,0,1,1
BRDA:58,1,0,1
BRDA:61,2,0,1
BRDA:61,2,1,0
BRDA:62,3,0,0
BRDA:62,3,1,0
BRDA:63,4,0,0
BRDA:63,4,1,0
BRDA:64,5,0,0
BRDA:66,6,0,1
BRDA:66,6,1,0
BRDA:68,7,0,0
BRDA:90,8,0,0
BRDA:90,8,1,0
BRDA:92,9,0,0
BRDA:92,9,1,0
BRDA:92,10,0,0
BRDA:92,10,1,0
BRDA:94,11,0,0
BRDA:94,11,1,0
BRDA:94,12,0,0
BRDA:94,12,1,0
BRDA:96,13,0,0
BRDA:96,13,1,0
BRDA:96,14,0,0
BRDA:96,14,1,0
BRDA:98,15,0,0
BRDA:98,15,1,0
BRDA:98,16,0,0
BRDA:98,16,1,0
BRDA:100,17,0,0
BRDA:100,17,1,0
BRDA:100,18,0,0
BRDA:100,18,1,0
BRDA:102,19,0,0
BRDA:102,19,1,0
BRDA:102,20,0,0
BRDA:102,20,1,0
BRDA:141,21,0,0
BRDA:178,22,0,1
BRDA:178,22,1,0
BRDA:193,23,0,0
BRDA:194,24,0,0
BRDA:194,24,1,0
BRDA:194,25,0,0
BRDA:194,25,1,0
BRDA:210,26,0,0
BRDA:211,27,0,0
BRDA:211,27,1,0
BRDA:236,28,0,0
BRDA:251,29,0,0
BRDA:251,29,1,0
BRDA:251,30,0,0
BRDA:251,30,1,0
BRF:55
BRH:6
end_of_record
TN:
SF:src/wasmBuilder/Build/Utils.ts
FN:1,(anonymous_0)
FN:3,(anonymous_1)
FN:3,(anonymous_2)
FN:4,(anonymous_3)
FN:8,(anonymous_4)
FN:13,(anonymous_5)
FN:34,(anonymous_6)
FNF:7
FNH:7
FNDA:3,(anonymous_0)
FNDA:10,(anonymous_1)
FNDA:58,(anonymous_2)
FNDA:9,(anonymous_3)
FNDA:25,(anonymous_4)
FNDA:27,(anonymous_5)
FNDA:91,(anonymous_6)
DA:1,5
DA:3,58
DA:4,9
DA:8,5
DA:9,25
DA:10,25
DA:11,25
DA:13,5
DA:14,27
DA:15,27
DA:16,27
DA:17,27
DA:18,27
DA:19,27
DA:20,41
DA:21,41
DA:22,41
DA:23,8
DA:25,41
DA:26,27
DA:28,14
DA:30,41
DA:32,27
DA:34,5
DA:35,91
DA:36,91
DA:37,100
DA:38,100
DA:39,100
DA:40,9
DA:42,100
DA:44,91
LF:32
LH:32
BRDA:22,0,0,8
BRDA:25,1,0,27
BRDA:25,1,1,14
BRDA:25,2,0,41
BRDA:25,2,1,24
BRDA:25,2,2,18
BRDA:25,2,3,4
BRDA:39,3,0,9
BRF:8
BRH:8
end_of_record
TN:
SF:src/wasmBuilder/Build/WasmTypes.ts
FN:4,(anonymous_0)
FN:5,(anonymous_1)
FN:12,(anonymous_2)
FNF:3
FNH:3
FNDA:18,(anonymous_0)
FNDA:9,(anonymous_1)
FNDA:4,(anonymous_2)
DA:4,18
DA:5,9
DA:12,3
DA:13,4
LF:4
LH:4
BRDA:14,0,0,3
BRDA:14,0,1,1
BRDA:16,1,0,3
BRDA:16,1,1,1
BRF:4
BRH:4
end_of_record
